<?xml version="1.0" encoding="UTF-8"?>
<testsuite xmlns:xsi="http://www.w3.org/2001/XMLSchema-instance" xsi:noNamespaceSchemaLocation="https://maven.apache.org/surefire/maven-failsafe-plugin/xsd/failsafe-test-report-3.0.xsd" version="3.0" name="starter.CucumberTestSuite" time="16.861" tests="3" errors="0" skipped="0" failures="0">
  <properties>
    <property name="java.specification.version" value="19"/>
    <property name="sun.jnu.encoding" value="UTF-8"/>
    <property name="java.class.path" value="/Users/wiyanherraherviana/TaskWebTesting/target/test-classes:/Users/wiyanherraherviana/.m2/repository/net/serenity-bdd/serenity-core/3.6.21/serenity-core-3.6.21.jar:/Users/wiyanherraherviana/.m2/repository/net/serenity-bdd/serenity-model/3.6.21/serenity-model-3.6.21.jar:/Users/wiyanherraherviana/.m2/repository/org/apache/commons/commons-text/1.10.0/commons-text-1.10.0.jar:/Users/wiyanherraherviana/.m2/repository/commons-net/commons-net/3.9.0/commons-net-3.9.0.jar:/Users/wiyanherraherviana/.m2/repository/com/google/guava/guava/31.1-jre/guava-31.1-jre.jar:/Users/wiyanherraherviana/.m2/repository/com/google/guava/failureaccess/1.0.1/failureaccess-1.0.1.jar:/Users/wiyanherraherviana/.m2/repository/com/google/guava/listenablefuture/9999.0-empty-to-avoid-conflict-with-guava/listenablefuture-9999.0-empty-to-avoid-conflict-with-guava.jar:/Users/wiyanherraherviana/.m2/repository/com/google/code/findbugs/jsr305/3.0.2/jsr305-3.0.2.jar:/Users/wiyanherraherviana/.m2/repository/org/checkerframework/checker-qual/3.12.0/checker-qual-3.12.0.jar:/Users/wiyanherraherviana/.m2/repository/com/google/errorprone/error_prone_annotations/2.11.0/error_prone_annotations-2.11.0.jar:/Users/wiyanherraherviana/.m2/repository/com/google/j2objc/j2objc-annotations/1.3/j2objc-annotations-1.3.jar:/Users/wiyanherraherviana/.m2/repository/com/google/inject/guice/5.1.0/guice-5.1.0.jar:/Users/wiyanherraherviana/.m2/repository/javax/inject/javax.inject/1/javax.inject-1.jar:/Users/wiyanherraherviana/.m2/repository/aopalliance/aopalliance/1.0/aopalliance-1.0.jar:/Users/wiyanherraherviana/.m2/repository/org/jsoup/jsoup/1.14.3/jsoup-1.14.3.jar:/Users/wiyanherraherviana/.m2/repository/com/thoughtworks/xstream/xstream/1.4.20/xstream-1.4.20.jar:/Users/wiyanherraherviana/.m2/repository/io/github/x-stream/mxparser/1.2.2/mxparser-1.2.2.jar:/Users/wiyanherraherviana/.m2/repository/xmlpull/xmlpull/1.1.3.1/xmlpull-1.1.3.1.jar:/Users/wiyanherraherviana/.m2/repository/com/typesafe/config/1.4.2/config-1.4.2.jar:/Users/wiyanherraherviana/.m2/repository/org/imgscalr/imgscalr-lib/4.2/imgscalr-lib-4.2.jar:/Users/wiyanherraherviana/.m2/repository/org/awaitility/awaitility/4.2.0/awaitility-4.2.0.jar:/Users/wiyanherraherviana/.m2/repository/org/freemarker/freemarker/2.3.31/freemarker-2.3.31.jar:/Users/wiyanherraherviana/.m2/repository/io/github/classgraph/classgraph/4.8.138/classgraph-4.8.138.jar:/Users/wiyanherraherviana/.m2/repository/net/sourceforge/jexcelapi/jxl/2.6.12/jxl-2.6.12.jar:/Users/wiyanherraherviana/.m2/repository/net/bytebuddy/byte-buddy-agent/1.14.2/byte-buddy-agent-1.14.2.jar:/Users/wiyanherraherviana/.m2/repository/org/objenesis/objenesis/3.3/objenesis-3.3.jar:/Users/wiyanherraherviana/.m2/repository/net/serenity-bdd/serenity-reports/3.6.21/serenity-reports-3.6.21.jar:/Users/wiyanherraherviana/.m2/repository/net/serenity-bdd/serenity-stats/3.6.21/serenity-stats-3.6.21.jar:/Users/wiyanherraherviana/.m2/repository/net/serenity-bdd/serenity-reports-configuration/3.6.21/serenity-reports-configuration-3.6.21.jar:/Users/wiyanherraherviana/.m2/repository/com/vladsch/flexmark/flexmark-all/0.62.2/flexmark-all-0.62.2.jar:/Users/wiyanherraherviana/.m2/repository/com/vladsch/flexmark/flexmark/0.62.2/flexmark-0.62.2.jar:/Users/wiyanherraherviana/.m2/repository/com/vladsch/flexmark/flexmark-ext-abbreviation/0.62.2/flexmark-ext-abbreviation-0.62.2.jar:/Users/wiyanherraherviana/.m2/repository/com/vladsch/flexmark/flexmark-util/0.62.2/flexmark-util-0.62.2.jar:/Users/wiyanherraherviana/.m2/repository/com/vladsch/flexmark/flexmark-ext-admonition/0.62.2/flexmark-ext-admonition-0.62.2.jar:/Users/wiyanherraherviana/.m2/repository/com/vladsch/flexmark/flexmark-ext-anchorlink/0.62.2/flexmark-ext-anchorlink-0.62.2.jar:/Users/wiyanherraherviana/.m2/repository/com/vladsch/flexmark/flexmark-ext-aside/0.62.2/flexmark-ext-aside-0.62.2.jar:/Users/wiyanherraherviana/.m2/repository/com/vladsch/flexmark/flexmark-ext-attributes/0.62.2/flexmark-ext-attributes-0.62.2.jar:/Users/wiyanherraherviana/.m2/repository/com/vladsch/flexmark/flexmark-ext-autolink/0.62.2/flexmark-ext-autolink-0.62.2.jar:/Users/wiyanherraherviana/.m2/repository/org/nibor/autolink/autolink/0.6.0/autolink-0.6.0.jar:/Users/wiyanherraherviana/.m2/repository/com/vladsch/flexmark/flexmark-ext-definition/0.62.2/flexmark-ext-definition-0.62.2.jar:/Users/wiyanherraherviana/.m2/repository/com/vladsch/flexmark/flexmark-ext-emoji/0.62.2/flexmark-ext-emoji-0.62.2.jar:/Users/wiyanherraherviana/.m2/repository/com/vladsch/flexmark/flexmark-ext-enumerated-reference/0.62.2/flexmark-ext-enumerated-reference-0.62.2.jar:/Users/wiyanherraherviana/.m2/repository/com/vladsch/flexmark/flexmark-ext-escaped-character/0.62.2/flexmark-ext-escaped-character-0.62.2.jar:/Users/wiyanherraherviana/.m2/repository/com/vladsch/flexmark/flexmark-ext-footnotes/0.62.2/flexmark-ext-footnotes-0.62.2.jar:/Users/wiyanherraherviana/.m2/repository/com/vladsch/flexmark/flexmark-ext-gfm-issues/0.62.2/flexmark-ext-gfm-issues-0.62.2.jar:/Users/wiyanherraherviana/.m2/repository/com/vladsch/flexmark/flexmark-ext-gfm-strikethrough/0.62.2/flexmark-ext-gfm-strikethrough-0.62.2.jar:/Users/wiyanherraherviana/.m2/repository/com/vladsch/flexmark/flexmark-ext-gfm-tasklist/0.62.2/flexmark-ext-gfm-tasklist-0.62.2.jar:/Users/wiyanherraherviana/.m2/repository/com/vladsch/flexmark/flexmark-ext-gfm-users/0.62.2/flexmark-ext-gfm-users-0.62.2.jar:/Users/wiyanherraherviana/.m2/repository/com/vladsch/flexmark/flexmark-ext-gitlab/0.62.2/flexmark-ext-gitlab-0.62.2.jar:/Users/wiyanherraherviana/.m2/repository/com/vladsch/flexmark/flexmark-ext-jekyll-front-matter/0.62.2/flexmark-ext-jekyll-front-matter-0.62.2.jar:/Users/wiyanherraherviana/.m2/repository/com/vladsch/flexmark/flexmark-ext-jekyll-tag/0.62.2/flexmark-ext-jekyll-tag-0.62.2.jar:/Users/wiyanherraherviana/.m2/repository/com/vladsch/flexmark/flexmark-ext-media-tags/0.62.2/flexmark-ext-media-tags-0.62.2.jar:/Users/wiyanherraherviana/.m2/repository/com/vladsch/flexmark/flexmark-ext-macros/0.62.2/flexmark-ext-macros-0.62.2.jar:/Users/wiyanherraherviana/.m2/repository/com/vladsch/flexmark/flexmark-ext-ins/0.62.2/flexmark-ext-ins-0.62.2.jar:/Users/wiyanherraherviana/.m2/repository/com/vladsch/flexmark/flexmark-ext-xwiki-macros/0.62.2/flexmark-ext-xwiki-macros-0.62.2.jar:/Users/wiyanherraherviana/.m2/repository/com/vladsch/flexmark/flexmark-ext-superscript/0.62.2/flexmark-ext-superscript-0.62.2.jar:/Users/wiyanherraherviana/.m2/repository/com/vladsch/flexmark/flexmark-ext-tables/0.62.2/flexmark-ext-tables-0.62.2.jar:/Users/wiyanherraherviana/.m2/repository/com/vladsch/flexmark/flexmark-ext-toc/0.62.2/flexmark-ext-toc-0.62.2.jar:/Users/wiyanherraherviana/.m2/repository/com/vladsch/flexmark/flexmark-ext-typographic/0.62.2/flexmark-ext-typographic-0.62.2.jar:/Users/wiyanherraherviana/.m2/repository/com/vladsch/flexmark/flexmark-ext-wikilink/0.62.2/flexmark-ext-wikilink-0.62.2.jar:/Users/wiyanherraherviana/.m2/repository/com/vladsch/flexmark/flexmark-ext-yaml-front-matter/0.62.2/flexmark-ext-yaml-front-matter-0.62.2.jar:/Users/wiyanherraherviana/.m2/repository/com/vladsch/flexmark/flexmark-ext-youtube-embedded/0.62.2/flexmark-ext-youtube-embedded-0.62.2.jar:/Users/wiyanherraherviana/.m2/repository/com/vladsch/flexmark/flexmark-html2md-converter/0.62.2/flexmark-html2md-converter-0.62.2.jar:/Users/wiyanherraherviana/.m2/repository/com/vladsch/flexmark/flexmark-jira-converter/0.62.2/flexmark-jira-converter-0.62.2.jar:/Users/wiyanherraherviana/.m2/repository/com/vladsch/flexmark/flexmark-pdf-converter/0.62.2/flexmark-pdf-converter-0.62.2.jar:/Users/wiyanherraherviana/.m2/repository/com/openhtmltopdf/openhtmltopdf-core/1.0.0/openhtmltopdf-core-1.0.0.jar:/Users/wiyanherraherviana/.m2/repository/com/openhtmltopdf/openhtmltopdf-pdfbox/1.0.0/openhtmltopdf-pdfbox-1.0.0.jar:/Users/wiyanherraherviana/.m2/repository/org/apache/pdfbox/pdfbox/2.0.16/pdfbox-2.0.16.jar:/Users/wiyanherraherviana/.m2/repository/org/apache/pdfbox/fontbox/2.0.16/fontbox-2.0.16.jar:/Users/wiyanherraherviana/.m2/repository/org/apache/pdfbox/xmpbox/2.0.16/xmpbox-2.0.16.jar:/Users/wiyanherraherviana/.m2/repository/de/rototor/pdfbox/graphics2d/0.24/graphics2d-0.24.jar:/Users/wiyanherraherviana/.m2/repository/com/openhtmltopdf/openhtmltopdf-rtl-support/1.0.0/openhtmltopdf-rtl-support-1.0.0.jar:/Users/wiyanherraherviana/.m2/repository/com/openhtmltopdf/openhtmltopdf-jsoup-dom-converter/1.0.0/openhtmltopdf-jsoup-dom-converter-1.0.0.jar:/Users/wiyanherraherviana/.m2/repository/com/vladsch/flexmark/flexmark-profile-pegdown/0.62.2/flexmark-profile-pegdown-0.62.2.jar:/Users/wiyanherraherviana/.m2/repository/com/vladsch/flexmark/flexmark-util-ast/0.62.2/flexmark-util-ast-0.62.2.jar:/Users/wiyanherraherviana/.m2/repository/com/vladsch/flexmark/flexmark-util-builder/0.62.2/flexmark-util-builder-0.62.2.jar:/Users/wiyanherraherviana/.m2/repository/com/vladsch/flexmark/flexmark-util-collection/0.62.2/flexmark-util-collection-0.62.2.jar:/Users/wiyanherraherviana/.m2/repository/com/vladsch/flexmark/flexmark-util-data/0.62.2/flexmark-util-data-0.62.2.jar:/Users/wiyanherraherviana/.m2/repository/com/vladsch/flexmark/flexmark-util-dependency/0.62.2/flexmark-util-dependency-0.62.2.jar:/Users/wiyanherraherviana/.m2/repository/com/vladsch/flexmark/flexmark-util-format/0.62.2/flexmark-util-format-0.62.2.jar:/Users/wiyanherraherviana/.m2/repository/com/vladsch/flexmark/flexmark-util-html/0.62.2/flexmark-util-html-0.62.2.jar:/Users/wiyanherraherviana/.m2/repository/com/vladsch/flexmark/flexmark-util-misc/0.62.2/flexmark-util-misc-0.62.2.jar:/Users/wiyanherraherviana/.m2/repository/com/vladsch/flexmark/flexmark-util-options/0.62.2/flexmark-util-options-0.62.2.jar:/Users/wiyanherraherviana/.m2/repository/com/vladsch/flexmark/flexmark-util-sequence/0.62.2/flexmark-util-sequence-0.62.2.jar:/Users/wiyanherraherviana/.m2/repository/com/vladsch/flexmark/flexmark-util-visitor/0.62.2/flexmark-util-visitor-0.62.2.jar:/Users/wiyanherraherviana/.m2/repository/com/vladsch/flexmark/flexmark-youtrack-converter/0.62.2/flexmark-youtrack-converter-0.62.2.jar:/Users/wiyanherraherviana/.m2/repository/com/ibm/icu/icu4j/72.1/icu4j-72.1.jar:/Users/wiyanherraherviana/.m2/repository/es/nitaur/markdown/txtmark/0.16/txtmark-0.16.jar:/Users/wiyanherraherviana/.m2/repository/net/serenity-bdd/serenity-report-resources/3.6.21/serenity-report-resources-3.6.21.jar:/Users/wiyanherraherviana/.m2/repository/com/google/code/gson/gson/2.10.1/gson-2.10.1.jar:/Users/wiyanherraherviana/.m2/repository/com/fasterxml/jackson/core/jackson-core/2.15.0-rc1/jackson-core-2.15.0-rc1.jar:/Users/wiyanherraherviana/.m2/repository/com/fasterxml/jackson/core/jackson-databind/2.15.0-rc1/jackson-databind-2.15.0-rc1.jar:/Users/wiyanherraherviana/.m2/repository/com/fasterxml/jackson/core/jackson-annotations/2.15.0-rc1/jackson-annotations-2.15.0-rc1.jar:/Users/wiyanherraherviana/.m2/repository/commons-codec/commons-codec/1.15/commons-codec-1.15.jar:/Users/wiyanherraherviana/.m2/repository/commons-io/commons-io/2.11.0/commons-io-2.11.0.jar:/Users/wiyanherraherviana/.m2/repository/org/apache/httpcomponents/httpclient/4.5.13/httpclient-4.5.13.jar:/Users/wiyanherraherviana/.m2/repository/org/apache/httpcomponents/httpcore/4.4.13/httpcore-4.4.13.jar:/Users/wiyanherraherviana/.m2/repository/commons-logging/commons-logging/1.2/commons-logging-1.2.jar:/Users/wiyanherraherviana/.m2/repository/org/seleniumhq/selenium/selenium-java/4.8.1/selenium-java-4.8.1.jar:/Users/wiyanherraherviana/.m2/repository/org/seleniumhq/selenium/selenium-devtools-v108/4.8.1/selenium-devtools-v108-4.8.1.jar:/Users/wiyanherraherviana/.m2/repository/org/seleniumhq/selenium/selenium-devtools-v109/4.8.1/selenium-devtools-v109-4.8.1.jar:/Users/wiyanherraherviana/.m2/repository/org/seleniumhq/selenium/selenium-devtools-v110/4.8.1/selenium-devtools-v110-4.8.1.jar:/Users/wiyanherraherviana/.m2/repository/org/seleniumhq/selenium/selenium-devtools-v85/4.8.1/selenium-devtools-v85-4.8.1.jar:/Users/wiyanherraherviana/.m2/repository/org/seleniumhq/selenium/selenium-remote-driver/4.8.1/selenium-remote-driver-4.8.1.jar:/Users/wiyanherraherviana/.m2/repository/com/beust/jcommander/1.82/jcommander-1.82.jar:/Users/wiyanherraherviana/.m2/repository/io/netty/netty-buffer/4.1.87.Final/netty-buffer-4.1.87.Final.jar:/Users/wiyanherraherviana/.m2/repository/io/netty/netty-codec-http/4.1.87.Final/netty-codec-http-4.1.87.Final.jar:/Users/wiyanherraherviana/.m2/repository/io/netty/netty-codec/4.1.87.Final/netty-codec-4.1.87.Final.jar:/Users/wiyanherraherviana/.m2/repository/io/netty/netty-handler/4.1.87.Final/netty-handler-4.1.87.Final.jar:/Users/wiyanherraherviana/.m2/repository/io/netty/netty-common/4.1.87.Final/netty-common-4.1.87.Final.jar:/Users/wiyanherraherviana/.m2/repository/io/netty/netty-transport-classes-epoll/4.1.87.Final/netty-transport-classes-epoll-4.1.87.Final.jar:/Users/wiyanherraherviana/.m2/repository/io/netty/netty-transport-classes-kqueue/4.1.87.Final/netty-transport-classes-kqueue-4.1.87.Final.jar:/Users/wiyanherraherviana/.m2/repository/io/netty/netty-transport-native-epoll/4.1.87.Final/netty-transport-native-epoll-4.1.87.Final.jar:/Users/wiyanherraherviana/.m2/repository/io/netty/netty-transport-native-kqueue/4.1.87.Final/netty-transport-native-kqueue-4.1.87.Final.jar:/Users/wiyanherraherviana/.m2/repository/io/netty/netty-transport-native-unix-common/4.1.87.Final/netty-transport-native-unix-common-4.1.87.Final.jar:/Users/wiyanherraherviana/.m2/repository/io/netty/netty-transport/4.1.87.Final/netty-transport-4.1.87.Final.jar:/Users/wiyanherraherviana/.m2/repository/io/netty/netty-resolver/4.1.87.Final/netty-resolver-4.1.87.Final.jar:/Users/wiyanherraherviana/.m2/repository/io/opentelemetry/opentelemetry-api/1.22.0/opentelemetry-api-1.22.0.jar:/Users/wiyanherraherviana/.m2/repository/io/opentelemetry/opentelemetry-context/1.22.0/opentelemetry-context-1.22.0.jar:/Users/wiyanherraherviana/.m2/repository/io/opentelemetry/opentelemetry-exporter-logging/1.22.0/opentelemetry-exporter-logging-1.22.0.jar:/Users/wiyanherraherviana/.m2/repository/io/opentelemetry/opentelemetry-sdk-metrics/1.22.0/opentelemetry-sdk-metrics-1.22.0.jar:/Users/wiyanherraherviana/.m2/repository/io/opentelemetry/opentelemetry-sdk-logs/1.22.0-alpha/opentelemetry-sdk-logs-1.22.0-alpha.jar:/Users/wiyanherraherviana/.m2/repository/io/opentelemetry/opentelemetry-api-logs/1.22.0-alpha/opentelemetry-api-logs-1.22.0-alpha.jar:/Users/wiyanherraherviana/.m2/repository/io/opentelemetry/opentelemetry-sdk-common/1.22.0/opentelemetry-sdk-common-1.22.0.jar:/Users/wiyanherraherviana/.m2/repository/io/opentelemetry/opentelemetry-sdk-extension-autoconfigure-spi/1.22.0/opentelemetry-sdk-extension-autoconfigure-spi-1.22.0.jar:/Users/wiyanherraherviana/.m2/repository/io/opentelemetry/opentelemetry-sdk-extension-autoconfigure/1.22.0-alpha/opentelemetry-sdk-extension-autoconfigure-1.22.0-alpha.jar:/Users/wiyanherraherviana/.m2/repository/io/opentelemetry/opentelemetry-sdk-trace/1.22.0/opentelemetry-sdk-trace-1.22.0.jar:/Users/wiyanherraherviana/.m2/repository/io/opentelemetry/opentelemetry-sdk/1.22.0/opentelemetry-sdk-1.22.0.jar:/Users/wiyanherraherviana/.m2/repository/io/opentelemetry/opentelemetry-semconv/1.22.0-alpha/opentelemetry-semconv-1.22.0-alpha.jar:/Users/wiyanherraherviana/.m2/repository/io/ous/jtoml/2.0.0/jtoml-2.0.0.jar:/Users/wiyanherraherviana/.m2/repository/org/apache/commons/commons-exec/1.3/commons-exec-1.3.jar:/Users/wiyanherraherviana/.m2/repository/org/asynchttpclient/async-http-client/2.12.3/async-http-client-2.12.3.jar:/Users/wiyanherraherviana/.m2/repository/org/asynchttpclient/async-http-client-netty-utils/2.12.3/async-http-client-netty-utils-2.12.3.jar:/Users/wiyanherraherviana/.m2/repository/io/netty/netty-codec-socks/4.1.60.Final/netty-codec-socks-4.1.60.Final.jar:/Users/wiyanherraherviana/.m2/repository/io/netty/netty-handler-proxy/4.1.60.Final/netty-handler-proxy-4.1.60.Final.jar:/Users/wiyanherraherviana/.m2/repository/io/netty/netty-transport-native-epoll/4.1.60.Final/netty-transport-native-epoll-4.1.60.Final-linux-x86_64.jar:/Users/wiyanherraherviana/.m2/repository/io/netty/netty-transport-native-kqueue/4.1.60.Final/netty-transport-native-kqueue-4.1.60.Final-osx-x86_64.jar:/Users/wiyanherraherviana/.m2/repository/org/reactivestreams/reactive-streams/1.0.3/reactive-streams-1.0.3.jar:/Users/wiyanherraherviana/.m2/repository/com/typesafe/netty/netty-reactive-streams/2.0.4/netty-reactive-streams-2.0.4.jar:/Users/wiyanherraherviana/.m2/repository/org/seleniumhq/selenium/selenium-manager/4.8.1/selenium-manager-4.8.1.jar:/Users/wiyanherraherviana/.m2/repository/org/seleniumhq/selenium/selenium-safari-driver/4.8.1/selenium-safari-driver-4.8.1.jar:/Users/wiyanherraherviana/.m2/repository/org/seleniumhq/selenium/selenium-api/4.8.1/selenium-api-4.8.1.jar:/Users/wiyanherraherviana/.m2/repository/org/seleniumhq/selenium/selenium-support/4.8.1/selenium-support-4.8.1.jar:/Users/wiyanherraherviana/.m2/repository/com/google/auto/service/auto-service-annotations/1.0.1/auto-service-annotations-1.0.1.jar:/Users/wiyanherraherviana/.m2/repository/com/google/auto/service/auto-service/1.0.1/auto-service-1.0.1.jar:/Users/wiyanherraherviana/.m2/repository/com/google/auto/auto-common/1.2/auto-common-1.2.jar:/Users/wiyanherraherviana/.m2/repository/org/seleniumhq/selenium/selenium-json/4.8.1/selenium-json-4.8.1.jar:/Users/wiyanherraherviana/.m2/repository/org/seleniumhq/selenium/selenium-chrome-driver/4.8.1/selenium-chrome-driver-4.8.1.jar:/Users/wiyanherraherviana/.m2/repository/org/seleniumhq/selenium/selenium-chromium-driver/4.8.1/selenium-chromium-driver-4.8.1.jar:/Users/wiyanherraherviana/.m2/repository/org/seleniumhq/selenium/selenium-firefox-driver/4.8.1/selenium-firefox-driver-4.8.1.jar:/Users/wiyanherraherviana/.m2/repository/org/seleniumhq/selenium/selenium-http/4.8.1/selenium-http-4.8.1.jar:/Users/wiyanherraherviana/.m2/repository/dev/failsafe/failsafe/3.3.0/failsafe-3.3.0.jar:/Users/wiyanherraherviana/.m2/repository/org/seleniumhq/selenium/selenium-edge-driver/4.8.1/selenium-edge-driver-4.8.1.jar:/Users/wiyanherraherviana/.m2/repository/org/seleniumhq/selenium/selenium-ie-driver/4.8.1/selenium-ie-driver-4.8.1.jar:/Users/wiyanherraherviana/.m2/repository/org/projectlombok/lombok/1.18.20/lombok-1.18.20.jar:/Users/wiyanherraherviana/.m2/repository/io/appium/java-client/8.3.0/java-client-8.3.0.jar:/Users/wiyanherraherviana/.m2/repository/commons-validator/commons-validator/1.7/commons-validator-1.7.jar:/Users/wiyanherraherviana/.m2/repository/commons-digester/commons-digester/2.1/commons-digester-2.1.jar:/Users/wiyanherraherviana/.m2/repository/org/apache/groovy/groovy/4.0.10/groovy-4.0.10.jar:/Users/wiyanherraherviana/.m2/repository/net/sf/opencsv/opencsv/2.0/opencsv-2.0.jar:/Users/wiyanherraherviana/.m2/repository/commons-beanutils/commons-beanutils/1.9.4/commons-beanutils-1.9.4.jar:/Users/wiyanherraherviana/.m2/repository/org/apache/commons/commons-lang3/3.12.0/commons-lang3-3.12.0.jar:/Users/wiyanherraherviana/.m2/repository/commons-collections/commons-collections/3.2.2/commons-collections-3.2.2.jar:/Users/wiyanherraherviana/.m2/repository/org/fluentlenium/fluentlenium-core/0.10.2/fluentlenium-core-0.10.2.jar:/Users/wiyanherraherviana/.m2/repository/io/github/bonigarcia/webdrivermanager/5.3.0/webdrivermanager-5.3.0.jar:/Users/wiyanherraherviana/.m2/repository/com/github/docker-java/docker-java/3.2.13/docker-java-3.2.13.jar:/Users/wiyanherraherviana/.m2/repository/com/github/docker-java/docker-java-core/3.2.13/docker-java-core-3.2.13.jar:/Users/wiyanherraherviana/.m2/repository/com/github/docker-java/docker-java-api/3.2.13/docker-java-api-3.2.13.jar:/Users/wiyanherraherviana/.m2/repository/org/apache/commons/commons-compress/1.21/commons-compress-1.21.jar:/Users/wiyanherraherviana/.m2/repository/org/bouncycastle/bcpkix-jdk15on/1.64/bcpkix-jdk15on-1.64.jar:/Users/wiyanherraherviana/.m2/repository/org/bouncycastle/bcprov-jdk15on/1.64/bcprov-jdk15on-1.64.jar:/Users/wiyanherraherviana/.m2/repository/org/slf4j/jcl-over-slf4j/1.7.30/jcl-over-slf4j-1.7.30.jar:/Users/wiyanherraherviana/.m2/repository/com/github/docker-java/docker-java-transport-httpclient5/3.2.13/docker-java-transport-httpclient5-3.2.13.jar:/Users/wiyanherraherviana/.m2/repository/com/github/docker-java/docker-java-transport/3.2.13/docker-java-transport-3.2.13.jar:/Users/wiyanherraherviana/.m2/repository/net/java/dev/jna/jna/5.8.0/jna-5.8.0.jar:/Users/wiyanherraherviana/.m2/repository/org/brotli/dec/0.1.2/dec-0.1.2.jar:/Users/wiyanherraherviana/.m2/repository/org/apache/httpcomponents/client5/httpclient5/5.1.3/httpclient5-5.1.3.jar:/Users/wiyanherraherviana/.m2/repository/org/apache/httpcomponents/core5/httpcore5/5.1.3/httpcore5-5.1.3.jar:/Users/wiyanherraherviana/.m2/repository/org/apache/httpcomponents/core5/httpcore5-h2/5.1.3/httpcore5-h2-5.1.3.jar:/Users/wiyanherraherviana/.m2/repository/com/jhlabs/filters/2.0.235/filters-2.0.235.jar:/Users/wiyanherraherviana/.m2/repository/com/paulhammant/ngwebdriver/1.1.6/ngwebdriver-1.1.6.jar:/Users/wiyanherraherviana/.m2/repository/joda-time/joda-time/2.12.2/joda-time-2.12.2.jar:/Users/wiyanherraherviana/.m2/repository/org/hamcrest/hamcrest/2.2/hamcrest-2.2.jar:/Users/wiyanherraherviana/.m2/repository/com/google/jimfs/jimfs/1.2/jimfs-1.2.jar:/Users/wiyanherraherviana/.m2/repository/org/mockito/mockito-core/3.3.3/mockito-core-3.3.3.jar:/Users/wiyanherraherviana/.m2/repository/javax/xml/bind/jaxb-api/2.3.1/jaxb-api-2.3.1.jar:/Users/wiyanherraherviana/.m2/repository/javax/activation/javax.activation-api/1.2.0/javax.activation-api-1.2.0.jar:/Users/wiyanherraherviana/.m2/repository/com/sun/xml/bind/jaxb-core/2.3.0.1/jaxb-core-2.3.0.1.jar:/Users/wiyanherraherviana/.m2/repository/com/sun/xml/bind/jaxb-impl/2.3.3/jaxb-impl-2.3.3.jar:/Users/wiyanherraherviana/.m2/repository/jakarta/xml/bind/jakarta.xml.bind-api/2.3.3/jakarta.xml.bind-api-2.3.3.jar:/Users/wiyanherraherviana/.m2/repository/com/sun/activation/jakarta.activation/1.2.2/jakarta.activation-1.2.2.jar:/Users/wiyanherraherviana/.m2/repository/javax/activation/activation/1.1.1/activation-1.1.1.jar:/Users/wiyanherraherviana/.m2/repository/net/serenity-bdd/serenity-cucumber/3.6.21/serenity-cucumber-3.6.21.jar:/Users/wiyanherraherviana/.m2/repository/io/cucumber/cucumber-core/7.11.0/cucumber-core-7.11.0.jar:/Users/wiyanherraherviana/.m2/repository/io/cucumber/cucumber-gherkin/7.11.0/cucumber-gherkin-7.11.0.jar:/Users/wiyanherraherviana/.m2/repository/io/cucumber/cucumber-gherkin-messages/7.11.0/cucumber-gherkin-messages-7.11.0.jar:/Users/wiyanherraherviana/.m2/repository/io/cucumber/gherkin/26.0.3/gherkin-26.0.3.jar:/Users/wiyanherraherviana/.m2/repository/io/cucumber/messages/21.0.1/messages-21.0.1.jar:/Users/wiyanherraherviana/.m2/repository/io/cucumber/tag-expressions/5.0.1/tag-expressions-5.0.1.jar:/Users/wiyanherraherviana/.m2/repository/io/cucumber/cucumber-expressions/16.1.1/cucumber-expressions-16.1.1.jar:/Users/wiyanherraherviana/.m2/repository/io/cucumber/datatable/7.11.0/datatable-7.11.0.jar:/Users/wiyanherraherviana/.m2/repository/io/cucumber/cucumber-plugin/7.11.0/cucumber-plugin-7.11.0.jar:/Users/wiyanherraherviana/.m2/repository/io/cucumber/docstring/7.11.0/docstring-7.11.0.jar:/Users/wiyanherraherviana/.m2/repository/io/cucumber/html-formatter/20.2.1/html-formatter-20.2.1.jar:/Users/wiyanherraherviana/.m2/repository/io/cucumber/junit-xml-formatter/0.1.0/junit-xml-formatter-0.1.0.jar:/Users/wiyanherraherviana/.m2/repository/io/cucumber/ci-environment/9.1.0/ci-environment-9.1.0.jar:/Users/wiyanherraherviana/.m2/repository/io/cucumber/cucumber-java/7.11.0/cucumber-java-7.11.0.jar:/Users/wiyanherraherviana/.m2/repository/io/cucumber/cucumber-junit/7.11.0/cucumber-junit-7.11.0.jar:/Users/wiyanherraherviana/.m2/repository/org/apache/commons/commons-csv/1.5/commons-csv-1.5.jar:/Users/wiyanherraherviana/.m2/repository/net/serenity-bdd/serenity-screenplay/3.6.21/serenity-screenplay-3.6.21.jar:/Users/wiyanherraherviana/.m2/repository/net/serenity-bdd/serenity-screenplay-webdriver/3.6.21/serenity-screenplay-webdriver-3.6.21.jar:/Users/wiyanherraherviana/.m2/repository/net/serenity-bdd/serenity-ensure/3.6.21/serenity-ensure-3.6.21.jar:/Users/wiyanherraherviana/.m2/repository/net/serenity-bdd/serenity-junit/3.6.21/serenity-junit-3.6.21.jar:/Users/wiyanherraherviana/.m2/repository/org/jetbrains/kotlin/kotlin-stdlib/1.8.10/kotlin-stdlib-1.8.10.jar:/Users/wiyanherraherviana/.m2/repository/org/jetbrains/kotlin/kotlin-stdlib-common/1.8.10/kotlin-stdlib-common-1.8.10.jar:/Users/wiyanherraherviana/.m2/repository/org/jetbrains/annotations/13.0/annotations-13.0.jar:/Users/wiyanherraherviana/.m2/repository/org/junit/platform/junit-platform-launcher/1.8.2/junit-platform-launcher-1.8.2.jar:/Users/wiyanherraherviana/.m2/repository/org/junit/platform/junit-platform-engine/1.8.2/junit-platform-engine-1.8.2.jar:/Users/wiyanherraherviana/.m2/repository/org/opentest4j/opentest4j/1.2.0/opentest4j-1.2.0.jar:/Users/wiyanherraherviana/.m2/repository/org/junit/platform/junit-platform-commons/1.8.2/junit-platform-commons-1.8.2.jar:/Users/wiyanherraherviana/.m2/repository/org/apiguardian/apiguardian-api/1.1.2/apiguardian-api-1.1.2.jar:/Users/wiyanherraherviana/.m2/repository/org/junit/jupiter/junit-jupiter-engine/5.8.2/junit-jupiter-engine-5.8.2.jar:/Users/wiyanherraherviana/.m2/repository/org/junit/jupiter/junit-jupiter-api/5.8.2/junit-jupiter-api-5.8.2.jar:/Users/wiyanherraherviana/.m2/repository/org/junit/vintage/junit-vintage-engine/5.8.2/junit-vintage-engine-5.8.2.jar:/Users/wiyanherraherviana/.m2/repository/junit/junit/4.13.2/junit-4.13.2.jar:/Users/wiyanherraherviana/.m2/repository/org/hamcrest/hamcrest-core/1.3/hamcrest-core-1.3.jar:/Users/wiyanherraherviana/.m2/repository/ch/qos/logback/logback-classic/1.2.10/logback-classic-1.2.10.jar:/Users/wiyanherraherviana/.m2/repository/ch/qos/logback/logback-core/1.2.10/logback-core-1.2.10.jar:/Users/wiyanherraherviana/.m2/repository/org/slf4j/slf4j-api/1.7.32/slf4j-api-1.7.32.jar:/Users/wiyanherraherviana/.m2/repository/org/assertj/assertj-core/3.23.1/assertj-core-3.23.1.jar:/Users/wiyanherraherviana/.m2/repository/net/bytebuddy/byte-buddy/1.12.10/byte-buddy-1.12.10.jar:"/>
    <property name="java.vm.vendor" value="Homebrew"/>
    <property name="sun.arch.data.model" value="64"/>
    <property name="java.vendor.url" value="https://github.com/Homebrew/homebrew-core/issues"/>
    <property name="user.timezone" value="Asia/Jakarta"/>
    <property name="os.name" value="Mac OS X"/>
    <property name="java.vm.specification.version" value="19"/>
    <property name="sun.java.launcher" value="SUN_STANDARD"/>
    <property name="user.country" value="ID"/>
    <property name="sun.boot.library.path" value="/usr/local/Cellar/openjdk/19.0.2/libexec/openjdk.jdk/Contents/Home/lib"/>
    <property name="sun.java.command" value="org.apache.maven.surefire.booter.ForkedBooter /Users/wiyanherraherviana/TaskWebTesting/target/surefire 2023-04-04T22-22-25_934-jvmRun1 surefire13409520284036031159tmp surefire_05261299452523143133tmp"/>
    <property name="http.nonProxyHosts" value="local|*.local|169.254/16|*.169.254/16"/>
    <property name="jdk.debug" value="release"/>
    <property name="surefire.test.class.path" value="/Users/wiyanherraherviana/TaskWebTesting/target/test-classes:/Users/wiyanherraherviana/.m2/repository/net/serenity-bdd/serenity-core/3.6.21/serenity-core-3.6.21.jar:/Users/wiyanherraherviana/.m2/repository/net/serenity-bdd/serenity-model/3.6.21/serenity-model-3.6.21.jar:/Users/wiyanherraherviana/.m2/repository/org/apache/commons/commons-text/1.10.0/commons-text-1.10.0.jar:/Users/wiyanherraherviana/.m2/repository/commons-net/commons-net/3.9.0/commons-net-3.9.0.jar:/Users/wiyanherraherviana/.m2/repository/com/google/guava/guava/31.1-jre/guava-31.1-jre.jar:/Users/wiyanherraherviana/.m2/repository/com/google/guava/failureaccess/1.0.1/failureaccess-1.0.1.jar:/Users/wiyanherraherviana/.m2/repository/com/google/guava/listenablefuture/9999.0-empty-to-avoid-conflict-with-guava/listenablefuture-9999.0-empty-to-avoid-conflict-with-guava.jar:/Users/wiyanherraherviana/.m2/repository/com/google/code/findbugs/jsr305/3.0.2/jsr305-3.0.2.jar:/Users/wiyanherraherviana/.m2/repository/org/checkerframework/checker-qual/3.12.0/checker-qual-3.12.0.jar:/Users/wiyanherraherviana/.m2/repository/com/google/errorprone/error_prone_annotations/2.11.0/error_prone_annotations-2.11.0.jar:/Users/wiyanherraherviana/.m2/repository/com/google/j2objc/j2objc-annotations/1.3/j2objc-annotations-1.3.jar:/Users/wiyanherraherviana/.m2/repository/com/google/inject/guice/5.1.0/guice-5.1.0.jar:/Users/wiyanherraherviana/.m2/repository/javax/inject/javax.inject/1/javax.inject-1.jar:/Users/wiyanherraherviana/.m2/repository/aopalliance/aopalliance/1.0/aopalliance-1.0.jar:/Users/wiyanherraherviana/.m2/repository/org/jsoup/jsoup/1.14.3/jsoup-1.14.3.jar:/Users/wiyanherraherviana/.m2/repository/com/thoughtworks/xstream/xstream/1.4.20/xstream-1.4.20.jar:/Users/wiyanherraherviana/.m2/repository/io/github/x-stream/mxparser/1.2.2/mxparser-1.2.2.jar:/Users/wiyanherraherviana/.m2/repository/xmlpull/xmlpull/1.1.3.1/xmlpull-1.1.3.1.jar:/Users/wiyanherraherviana/.m2/repository/com/typesafe/config/1.4.2/config-1.4.2.jar:/Users/wiyanherraherviana/.m2/repository/org/imgscalr/imgscalr-lib/4.2/imgscalr-lib-4.2.jar:/Users/wiyanherraherviana/.m2/repository/org/awaitility/awaitility/4.2.0/awaitility-4.2.0.jar:/Users/wiyanherraherviana/.m2/repository/org/freemarker/freemarker/2.3.31/freemarker-2.3.31.jar:/Users/wiyanherraherviana/.m2/repository/io/github/classgraph/classgraph/4.8.138/classgraph-4.8.138.jar:/Users/wiyanherraherviana/.m2/repository/net/sourceforge/jexcelapi/jxl/2.6.12/jxl-2.6.12.jar:/Users/wiyanherraherviana/.m2/repository/net/bytebuddy/byte-buddy-agent/1.14.2/byte-buddy-agent-1.14.2.jar:/Users/wiyanherraherviana/.m2/repository/org/objenesis/objenesis/3.3/objenesis-3.3.jar:/Users/wiyanherraherviana/.m2/repository/net/serenity-bdd/serenity-reports/3.6.21/serenity-reports-3.6.21.jar:/Users/wiyanherraherviana/.m2/repository/net/serenity-bdd/serenity-stats/3.6.21/serenity-stats-3.6.21.jar:/Users/wiyanherraherviana/.m2/repository/net/serenity-bdd/serenity-reports-configuration/3.6.21/serenity-reports-configuration-3.6.21.jar:/Users/wiyanherraherviana/.m2/repository/com/vladsch/flexmark/flexmark-all/0.62.2/flexmark-all-0.62.2.jar:/Users/wiyanherraherviana/.m2/repository/com/vladsch/flexmark/flexmark/0.62.2/flexmark-0.62.2.jar:/Users/wiyanherraherviana/.m2/repository/com/vladsch/flexmark/flexmark-ext-abbreviation/0.62.2/flexmark-ext-abbreviation-0.62.2.jar:/Users/wiyanherraherviana/.m2/repository/com/vladsch/flexmark/flexmark-util/0.62.2/flexmark-util-0.62.2.jar:/Users/wiyanherraherviana/.m2/repository/com/vladsch/flexmark/flexmark-ext-admonition/0.62.2/flexmark-ext-admonition-0.62.2.jar:/Users/wiyanherraherviana/.m2/repository/com/vladsch/flexmark/flexmark-ext-anchorlink/0.62.2/flexmark-ext-anchorlink-0.62.2.jar:/Users/wiyanherraherviana/.m2/repository/com/vladsch/flexmark/flexmark-ext-aside/0.62.2/flexmark-ext-aside-0.62.2.jar:/Users/wiyanherraherviana/.m2/repository/com/vladsch/flexmark/flexmark-ext-attributes/0.62.2/flexmark-ext-attributes-0.62.2.jar:/Users/wiyanherraherviana/.m2/repository/com/vladsch/flexmark/flexmark-ext-autolink/0.62.2/flexmark-ext-autolink-0.62.2.jar:/Users/wiyanherraherviana/.m2/repository/org/nibor/autolink/autolink/0.6.0/autolink-0.6.0.jar:/Users/wiyanherraherviana/.m2/repository/com/vladsch/flexmark/flexmark-ext-definition/0.62.2/flexmark-ext-definition-0.62.2.jar:/Users/wiyanherraherviana/.m2/repository/com/vladsch/flexmark/flexmark-ext-emoji/0.62.2/flexmark-ext-emoji-0.62.2.jar:/Users/wiyanherraherviana/.m2/repository/com/vladsch/flexmark/flexmark-ext-enumerated-reference/0.62.2/flexmark-ext-enumerated-reference-0.62.2.jar:/Users/wiyanherraherviana/.m2/repository/com/vladsch/flexmark/flexmark-ext-escaped-character/0.62.2/flexmark-ext-escaped-character-0.62.2.jar:/Users/wiyanherraherviana/.m2/repository/com/vladsch/flexmark/flexmark-ext-footnotes/0.62.2/flexmark-ext-footnotes-0.62.2.jar:/Users/wiyanherraherviana/.m2/repository/com/vladsch/flexmark/flexmark-ext-gfm-issues/0.62.2/flexmark-ext-gfm-issues-0.62.2.jar:/Users/wiyanherraherviana/.m2/repository/com/vladsch/flexmark/flexmark-ext-gfm-strikethrough/0.62.2/flexmark-ext-gfm-strikethrough-0.62.2.jar:/Users/wiyanherraherviana/.m2/repository/com/vladsch/flexmark/flexmark-ext-gfm-tasklist/0.62.2/flexmark-ext-gfm-tasklist-0.62.2.jar:/Users/wiyanherraherviana/.m2/repository/com/vladsch/flexmark/flexmark-ext-gfm-users/0.62.2/flexmark-ext-gfm-users-0.62.2.jar:/Users/wiyanherraherviana/.m2/repository/com/vladsch/flexmark/flexmark-ext-gitlab/0.62.2/flexmark-ext-gitlab-0.62.2.jar:/Users/wiyanherraherviana/.m2/repository/com/vladsch/flexmark/flexmark-ext-jekyll-front-matter/0.62.2/flexmark-ext-jekyll-front-matter-0.62.2.jar:/Users/wiyanherraherviana/.m2/repository/com/vladsch/flexmark/flexmark-ext-jekyll-tag/0.62.2/flexmark-ext-jekyll-tag-0.62.2.jar:/Users/wiyanherraherviana/.m2/repository/com/vladsch/flexmark/flexmark-ext-media-tags/0.62.2/flexmark-ext-media-tags-0.62.2.jar:/Users/wiyanherraherviana/.m2/repository/com/vladsch/flexmark/flexmark-ext-macros/0.62.2/flexmark-ext-macros-0.62.2.jar:/Users/wiyanherraherviana/.m2/repository/com/vladsch/flexmark/flexmark-ext-ins/0.62.2/flexmark-ext-ins-0.62.2.jar:/Users/wiyanherraherviana/.m2/repository/com/vladsch/flexmark/flexmark-ext-xwiki-macros/0.62.2/flexmark-ext-xwiki-macros-0.62.2.jar:/Users/wiyanherraherviana/.m2/repository/com/vladsch/flexmark/flexmark-ext-superscript/0.62.2/flexmark-ext-superscript-0.62.2.jar:/Users/wiyanherraherviana/.m2/repository/com/vladsch/flexmark/flexmark-ext-tables/0.62.2/flexmark-ext-tables-0.62.2.jar:/Users/wiyanherraherviana/.m2/repository/com/vladsch/flexmark/flexmark-ext-toc/0.62.2/flexmark-ext-toc-0.62.2.jar:/Users/wiyanherraherviana/.m2/repository/com/vladsch/flexmark/flexmark-ext-typographic/0.62.2/flexmark-ext-typographic-0.62.2.jar:/Users/wiyanherraherviana/.m2/repository/com/vladsch/flexmark/flexmark-ext-wikilink/0.62.2/flexmark-ext-wikilink-0.62.2.jar:/Users/wiyanherraherviana/.m2/repository/com/vladsch/flexmark/flexmark-ext-yaml-front-matter/0.62.2/flexmark-ext-yaml-front-matter-0.62.2.jar:/Users/wiyanherraherviana/.m2/repository/com/vladsch/flexmark/flexmark-ext-youtube-embedded/0.62.2/flexmark-ext-youtube-embedded-0.62.2.jar:/Users/wiyanherraherviana/.m2/repository/com/vladsch/flexmark/flexmark-html2md-converter/0.62.2/flexmark-html2md-converter-0.62.2.jar:/Users/wiyanherraherviana/.m2/repository/com/vladsch/flexmark/flexmark-jira-converter/0.62.2/flexmark-jira-converter-0.62.2.jar:/Users/wiyanherraherviana/.m2/repository/com/vladsch/flexmark/flexmark-pdf-converter/0.62.2/flexmark-pdf-converter-0.62.2.jar:/Users/wiyanherraherviana/.m2/repository/com/openhtmltopdf/openhtmltopdf-core/1.0.0/openhtmltopdf-core-1.0.0.jar:/Users/wiyanherraherviana/.m2/repository/com/openhtmltopdf/openhtmltopdf-pdfbox/1.0.0/openhtmltopdf-pdfbox-1.0.0.jar:/Users/wiyanherraherviana/.m2/repository/org/apache/pdfbox/pdfbox/2.0.16/pdfbox-2.0.16.jar:/Users/wiyanherraherviana/.m2/repository/org/apache/pdfbox/fontbox/2.0.16/fontbox-2.0.16.jar:/Users/wiyanherraherviana/.m2/repository/org/apache/pdfbox/xmpbox/2.0.16/xmpbox-2.0.16.jar:/Users/wiyanherraherviana/.m2/repository/de/rototor/pdfbox/graphics2d/0.24/graphics2d-0.24.jar:/Users/wiyanherraherviana/.m2/repository/com/openhtmltopdf/openhtmltopdf-rtl-support/1.0.0/openhtmltopdf-rtl-support-1.0.0.jar:/Users/wiyanherraherviana/.m2/repository/com/openhtmltopdf/openhtmltopdf-jsoup-dom-converter/1.0.0/openhtmltopdf-jsoup-dom-converter-1.0.0.jar:/Users/wiyanherraherviana/.m2/repository/com/vladsch/flexmark/flexmark-profile-pegdown/0.62.2/flexmark-profile-pegdown-0.62.2.jar:/Users/wiyanherraherviana/.m2/repository/com/vladsch/flexmark/flexmark-util-ast/0.62.2/flexmark-util-ast-0.62.2.jar:/Users/wiyanherraherviana/.m2/repository/com/vladsch/flexmark/flexmark-util-builder/0.62.2/flexmark-util-builder-0.62.2.jar:/Users/wiyanherraherviana/.m2/repository/com/vladsch/flexmark/flexmark-util-collection/0.62.2/flexmark-util-collection-0.62.2.jar:/Users/wiyanherraherviana/.m2/repository/com/vladsch/flexmark/flexmark-util-data/0.62.2/flexmark-util-data-0.62.2.jar:/Users/wiyanherraherviana/.m2/repository/com/vladsch/flexmark/flexmark-util-dependency/0.62.2/flexmark-util-dependency-0.62.2.jar:/Users/wiyanherraherviana/.m2/repository/com/vladsch/flexmark/flexmark-util-format/0.62.2/flexmark-util-format-0.62.2.jar:/Users/wiyanherraherviana/.m2/repository/com/vladsch/flexmark/flexmark-util-html/0.62.2/flexmark-util-html-0.62.2.jar:/Users/wiyanherraherviana/.m2/repository/com/vladsch/flexmark/flexmark-util-misc/0.62.2/flexmark-util-misc-0.62.2.jar:/Users/wiyanherraherviana/.m2/repository/com/vladsch/flexmark/flexmark-util-options/0.62.2/flexmark-util-options-0.62.2.jar:/Users/wiyanherraherviana/.m2/repository/com/vladsch/flexmark/flexmark-util-sequence/0.62.2/flexmark-util-sequence-0.62.2.jar:/Users/wiyanherraherviana/.m2/repository/com/vladsch/flexmark/flexmark-util-visitor/0.62.2/flexmark-util-visitor-0.62.2.jar:/Users/wiyanherraherviana/.m2/repository/com/vladsch/flexmark/flexmark-youtrack-converter/0.62.2/flexmark-youtrack-converter-0.62.2.jar:/Users/wiyanherraherviana/.m2/repository/com/ibm/icu/icu4j/72.1/icu4j-72.1.jar:/Users/wiyanherraherviana/.m2/repository/es/nitaur/markdown/txtmark/0.16/txtmark-0.16.jar:/Users/wiyanherraherviana/.m2/repository/net/serenity-bdd/serenity-report-resources/3.6.21/serenity-report-resources-3.6.21.jar:/Users/wiyanherraherviana/.m2/repository/com/google/code/gson/gson/2.10.1/gson-2.10.1.jar:/Users/wiyanherraherviana/.m2/repository/com/fasterxml/jackson/core/jackson-core/2.15.0-rc1/jackson-core-2.15.0-rc1.jar:/Users/wiyanherraherviana/.m2/repository/com/fasterxml/jackson/core/jackson-databind/2.15.0-rc1/jackson-databind-2.15.0-rc1.jar:/Users/wiyanherraherviana/.m2/repository/com/fasterxml/jackson/core/jackson-annotations/2.15.0-rc1/jackson-annotations-2.15.0-rc1.jar:/Users/wiyanherraherviana/.m2/repository/commons-codec/commons-codec/1.15/commons-codec-1.15.jar:/Users/wiyanherraherviana/.m2/repository/commons-io/commons-io/2.11.0/commons-io-2.11.0.jar:/Users/wiyanherraherviana/.m2/repository/org/apache/httpcomponents/httpclient/4.5.13/httpclient-4.5.13.jar:/Users/wiyanherraherviana/.m2/repository/org/apache/httpcomponents/httpcore/4.4.13/httpcore-4.4.13.jar:/Users/wiyanherraherviana/.m2/repository/commons-logging/commons-logging/1.2/commons-logging-1.2.jar:/Users/wiyanherraherviana/.m2/repository/org/seleniumhq/selenium/selenium-java/4.8.1/selenium-java-4.8.1.jar:/Users/wiyanherraherviana/.m2/repository/org/seleniumhq/selenium/selenium-devtools-v108/4.8.1/selenium-devtools-v108-4.8.1.jar:/Users/wiyanherraherviana/.m2/repository/org/seleniumhq/selenium/selenium-devtools-v109/4.8.1/selenium-devtools-v109-4.8.1.jar:/Users/wiyanherraherviana/.m2/repository/org/seleniumhq/selenium/selenium-devtools-v110/4.8.1/selenium-devtools-v110-4.8.1.jar:/Users/wiyanherraherviana/.m2/repository/org/seleniumhq/selenium/selenium-devtools-v85/4.8.1/selenium-devtools-v85-4.8.1.jar:/Users/wiyanherraherviana/.m2/repository/org/seleniumhq/selenium/selenium-remote-driver/4.8.1/selenium-remote-driver-4.8.1.jar:/Users/wiyanherraherviana/.m2/repository/com/beust/jcommander/1.82/jcommander-1.82.jar:/Users/wiyanherraherviana/.m2/repository/io/netty/netty-buffer/4.1.87.Final/netty-buffer-4.1.87.Final.jar:/Users/wiyanherraherviana/.m2/repository/io/netty/netty-codec-http/4.1.87.Final/netty-codec-http-4.1.87.Final.jar:/Users/wiyanherraherviana/.m2/repository/io/netty/netty-codec/4.1.87.Final/netty-codec-4.1.87.Final.jar:/Users/wiyanherraherviana/.m2/repository/io/netty/netty-handler/4.1.87.Final/netty-handler-4.1.87.Final.jar:/Users/wiyanherraherviana/.m2/repository/io/netty/netty-common/4.1.87.Final/netty-common-4.1.87.Final.jar:/Users/wiyanherraherviana/.m2/repository/io/netty/netty-transport-classes-epoll/4.1.87.Final/netty-transport-classes-epoll-4.1.87.Final.jar:/Users/wiyanherraherviana/.m2/repository/io/netty/netty-transport-classes-kqueue/4.1.87.Final/netty-transport-classes-kqueue-4.1.87.Final.jar:/Users/wiyanherraherviana/.m2/repository/io/netty/netty-transport-native-epoll/4.1.87.Final/netty-transport-native-epoll-4.1.87.Final.jar:/Users/wiyanherraherviana/.m2/repository/io/netty/netty-transport-native-kqueue/4.1.87.Final/netty-transport-native-kqueue-4.1.87.Final.jar:/Users/wiyanherraherviana/.m2/repository/io/netty/netty-transport-native-unix-common/4.1.87.Final/netty-transport-native-unix-common-4.1.87.Final.jar:/Users/wiyanherraherviana/.m2/repository/io/netty/netty-transport/4.1.87.Final/netty-transport-4.1.87.Final.jar:/Users/wiyanherraherviana/.m2/repository/io/netty/netty-resolver/4.1.87.Final/netty-resolver-4.1.87.Final.jar:/Users/wiyanherraherviana/.m2/repository/io/opentelemetry/opentelemetry-api/1.22.0/opentelemetry-api-1.22.0.jar:/Users/wiyanherraherviana/.m2/repository/io/opentelemetry/opentelemetry-context/1.22.0/opentelemetry-context-1.22.0.jar:/Users/wiyanherraherviana/.m2/repository/io/opentelemetry/opentelemetry-exporter-logging/1.22.0/opentelemetry-exporter-logging-1.22.0.jar:/Users/wiyanherraherviana/.m2/repository/io/opentelemetry/opentelemetry-sdk-metrics/1.22.0/opentelemetry-sdk-metrics-1.22.0.jar:/Users/wiyanherraherviana/.m2/repository/io/opentelemetry/opentelemetry-sdk-logs/1.22.0-alpha/opentelemetry-sdk-logs-1.22.0-alpha.jar:/Users/wiyanherraherviana/.m2/repository/io/opentelemetry/opentelemetry-api-logs/1.22.0-alpha/opentelemetry-api-logs-1.22.0-alpha.jar:/Users/wiyanherraherviana/.m2/repository/io/opentelemetry/opentelemetry-sdk-common/1.22.0/opentelemetry-sdk-common-1.22.0.jar:/Users/wiyanherraherviana/.m2/repository/io/opentelemetry/opentelemetry-sdk-extension-autoconfigure-spi/1.22.0/opentelemetry-sdk-extension-autoconfigure-spi-1.22.0.jar:/Users/wiyanherraherviana/.m2/repository/io/opentelemetry/opentelemetry-sdk-extension-autoconfigure/1.22.0-alpha/opentelemetry-sdk-extension-autoconfigure-1.22.0-alpha.jar:/Users/wiyanherraherviana/.m2/repository/io/opentelemetry/opentelemetry-sdk-trace/1.22.0/opentelemetry-sdk-trace-1.22.0.jar:/Users/wiyanherraherviana/.m2/repository/io/opentelemetry/opentelemetry-sdk/1.22.0/opentelemetry-sdk-1.22.0.jar:/Users/wiyanherraherviana/.m2/repository/io/opentelemetry/opentelemetry-semconv/1.22.0-alpha/opentelemetry-semconv-1.22.0-alpha.jar:/Users/wiyanherraherviana/.m2/repository/io/ous/jtoml/2.0.0/jtoml-2.0.0.jar:/Users/wiyanherraherviana/.m2/repository/org/apache/commons/commons-exec/1.3/commons-exec-1.3.jar:/Users/wiyanherraherviana/.m2/repository/org/asynchttpclient/async-http-client/2.12.3/async-http-client-2.12.3.jar:/Users/wiyanherraherviana/.m2/repository/org/asynchttpclient/async-http-client-netty-utils/2.12.3/async-http-client-netty-utils-2.12.3.jar:/Users/wiyanherraherviana/.m2/repository/io/netty/netty-codec-socks/4.1.60.Final/netty-codec-socks-4.1.60.Final.jar:/Users/wiyanherraherviana/.m2/repository/io/netty/netty-handler-proxy/4.1.60.Final/netty-handler-proxy-4.1.60.Final.jar:/Users/wiyanherraherviana/.m2/repository/io/netty/netty-transport-native-epoll/4.1.60.Final/netty-transport-native-epoll-4.1.60.Final-linux-x86_64.jar:/Users/wiyanherraherviana/.m2/repository/io/netty/netty-transport-native-kqueue/4.1.60.Final/netty-transport-native-kqueue-4.1.60.Final-osx-x86_64.jar:/Users/wiyanherraherviana/.m2/repository/org/reactivestreams/reactive-streams/1.0.3/reactive-streams-1.0.3.jar:/Users/wiyanherraherviana/.m2/repository/com/typesafe/netty/netty-reactive-streams/2.0.4/netty-reactive-streams-2.0.4.jar:/Users/wiyanherraherviana/.m2/repository/org/seleniumhq/selenium/selenium-manager/4.8.1/selenium-manager-4.8.1.jar:/Users/wiyanherraherviana/.m2/repository/org/seleniumhq/selenium/selenium-safari-driver/4.8.1/selenium-safari-driver-4.8.1.jar:/Users/wiyanherraherviana/.m2/repository/org/seleniumhq/selenium/selenium-api/4.8.1/selenium-api-4.8.1.jar:/Users/wiyanherraherviana/.m2/repository/org/seleniumhq/selenium/selenium-support/4.8.1/selenium-support-4.8.1.jar:/Users/wiyanherraherviana/.m2/repository/com/google/auto/service/auto-service-annotations/1.0.1/auto-service-annotations-1.0.1.jar:/Users/wiyanherraherviana/.m2/repository/com/google/auto/service/auto-service/1.0.1/auto-service-1.0.1.jar:/Users/wiyanherraherviana/.m2/repository/com/google/auto/auto-common/1.2/auto-common-1.2.jar:/Users/wiyanherraherviana/.m2/repository/org/seleniumhq/selenium/selenium-json/4.8.1/selenium-json-4.8.1.jar:/Users/wiyanherraherviana/.m2/repository/org/seleniumhq/selenium/selenium-chrome-driver/4.8.1/selenium-chrome-driver-4.8.1.jar:/Users/wiyanherraherviana/.m2/repository/org/seleniumhq/selenium/selenium-chromium-driver/4.8.1/selenium-chromium-driver-4.8.1.jar:/Users/wiyanherraherviana/.m2/repository/org/seleniumhq/selenium/selenium-firefox-driver/4.8.1/selenium-firefox-driver-4.8.1.jar:/Users/wiyanherraherviana/.m2/repository/org/seleniumhq/selenium/selenium-http/4.8.1/selenium-http-4.8.1.jar:/Users/wiyanherraherviana/.m2/repository/dev/failsafe/failsafe/3.3.0/failsafe-3.3.0.jar:/Users/wiyanherraherviana/.m2/repository/org/seleniumhq/selenium/selenium-edge-driver/4.8.1/selenium-edge-driver-4.8.1.jar:/Users/wiyanherraherviana/.m2/repository/org/seleniumhq/selenium/selenium-ie-driver/4.8.1/selenium-ie-driver-4.8.1.jar:/Users/wiyanherraherviana/.m2/repository/org/projectlombok/lombok/1.18.20/lombok-1.18.20.jar:/Users/wiyanherraherviana/.m2/repository/io/appium/java-client/8.3.0/java-client-8.3.0.jar:/Users/wiyanherraherviana/.m2/repository/commons-validator/commons-validator/1.7/commons-validator-1.7.jar:/Users/wiyanherraherviana/.m2/repository/commons-digester/commons-digester/2.1/commons-digester-2.1.jar:/Users/wiyanherraherviana/.m2/repository/org/apache/groovy/groovy/4.0.10/groovy-4.0.10.jar:/Users/wiyanherraherviana/.m2/repository/net/sf/opencsv/opencsv/2.0/opencsv-2.0.jar:/Users/wiyanherraherviana/.m2/repository/commons-beanutils/commons-beanutils/1.9.4/commons-beanutils-1.9.4.jar:/Users/wiyanherraherviana/.m2/repository/org/apache/commons/commons-lang3/3.12.0/commons-lang3-3.12.0.jar:/Users/wiyanherraherviana/.m2/repository/commons-collections/commons-collections/3.2.2/commons-collections-3.2.2.jar:/Users/wiyanherraherviana/.m2/repository/org/fluentlenium/fluentlenium-core/0.10.2/fluentlenium-core-0.10.2.jar:/Users/wiyanherraherviana/.m2/repository/io/github/bonigarcia/webdrivermanager/5.3.0/webdrivermanager-5.3.0.jar:/Users/wiyanherraherviana/.m2/repository/com/github/docker-java/docker-java/3.2.13/docker-java-3.2.13.jar:/Users/wiyanherraherviana/.m2/repository/com/github/docker-java/docker-java-core/3.2.13/docker-java-core-3.2.13.jar:/Users/wiyanherraherviana/.m2/repository/com/github/docker-java/docker-java-api/3.2.13/docker-java-api-3.2.13.jar:/Users/wiyanherraherviana/.m2/repository/org/apache/commons/commons-compress/1.21/commons-compress-1.21.jar:/Users/wiyanherraherviana/.m2/repository/org/bouncycastle/bcpkix-jdk15on/1.64/bcpkix-jdk15on-1.64.jar:/Users/wiyanherraherviana/.m2/repository/org/bouncycastle/bcprov-jdk15on/1.64/bcprov-jdk15on-1.64.jar:/Users/wiyanherraherviana/.m2/repository/org/slf4j/jcl-over-slf4j/1.7.30/jcl-over-slf4j-1.7.30.jar:/Users/wiyanherraherviana/.m2/repository/com/github/docker-java/docker-java-transport-httpclient5/3.2.13/docker-java-transport-httpclient5-3.2.13.jar:/Users/wiyanherraherviana/.m2/repository/com/github/docker-java/docker-java-transport/3.2.13/docker-java-transport-3.2.13.jar:/Users/wiyanherraherviana/.m2/repository/net/java/dev/jna/jna/5.8.0/jna-5.8.0.jar:/Users/wiyanherraherviana/.m2/repository/org/brotli/dec/0.1.2/dec-0.1.2.jar:/Users/wiyanherraherviana/.m2/repository/org/apache/httpcomponents/client5/httpclient5/5.1.3/httpclient5-5.1.3.jar:/Users/wiyanherraherviana/.m2/repository/org/apache/httpcomponents/core5/httpcore5/5.1.3/httpcore5-5.1.3.jar:/Users/wiyanherraherviana/.m2/repository/org/apache/httpcomponents/core5/httpcore5-h2/5.1.3/httpcore5-h2-5.1.3.jar:/Users/wiyanherraherviana/.m2/repository/com/jhlabs/filters/2.0.235/filters-2.0.235.jar:/Users/wiyanherraherviana/.m2/repository/com/paulhammant/ngwebdriver/1.1.6/ngwebdriver-1.1.6.jar:/Users/wiyanherraherviana/.m2/repository/joda-time/joda-time/2.12.2/joda-time-2.12.2.jar:/Users/wiyanherraherviana/.m2/repository/org/hamcrest/hamcrest/2.2/hamcrest-2.2.jar:/Users/wiyanherraherviana/.m2/repository/com/google/jimfs/jimfs/1.2/jimfs-1.2.jar:/Users/wiyanherraherviana/.m2/repository/org/mockito/mockito-core/3.3.3/mockito-core-3.3.3.jar:/Users/wiyanherraherviana/.m2/repository/javax/xml/bind/jaxb-api/2.3.1/jaxb-api-2.3.1.jar:/Users/wiyanherraherviana/.m2/repository/javax/activation/javax.activation-api/1.2.0/javax.activation-api-1.2.0.jar:/Users/wiyanherraherviana/.m2/repository/com/sun/xml/bind/jaxb-core/2.3.0.1/jaxb-core-2.3.0.1.jar:/Users/wiyanherraherviana/.m2/repository/com/sun/xml/bind/jaxb-impl/2.3.3/jaxb-impl-2.3.3.jar:/Users/wiyanherraherviana/.m2/repository/jakarta/xml/bind/jakarta.xml.bind-api/2.3.3/jakarta.xml.bind-api-2.3.3.jar:/Users/wiyanherraherviana/.m2/repository/com/sun/activation/jakarta.activation/1.2.2/jakarta.activation-1.2.2.jar:/Users/wiyanherraherviana/.m2/repository/javax/activation/activation/1.1.1/activation-1.1.1.jar:/Users/wiyanherraherviana/.m2/repository/net/serenity-bdd/serenity-cucumber/3.6.21/serenity-cucumber-3.6.21.jar:/Users/wiyanherraherviana/.m2/repository/io/cucumber/cucumber-core/7.11.0/cucumber-core-7.11.0.jar:/Users/wiyanherraherviana/.m2/repository/io/cucumber/cucumber-gherkin/7.11.0/cucumber-gherkin-7.11.0.jar:/Users/wiyanherraherviana/.m2/repository/io/cucumber/cucumber-gherkin-messages/7.11.0/cucumber-gherkin-messages-7.11.0.jar:/Users/wiyanherraherviana/.m2/repository/io/cucumber/gherkin/26.0.3/gherkin-26.0.3.jar:/Users/wiyanherraherviana/.m2/repository/io/cucumber/messages/21.0.1/messages-21.0.1.jar:/Users/wiyanherraherviana/.m2/repository/io/cucumber/tag-expressions/5.0.1/tag-expressions-5.0.1.jar:/Users/wiyanherraherviana/.m2/repository/io/cucumber/cucumber-expressions/16.1.1/cucumber-expressions-16.1.1.jar:/Users/wiyanherraherviana/.m2/repository/io/cucumber/datatable/7.11.0/datatable-7.11.0.jar:/Users/wiyanherraherviana/.m2/repository/io/cucumber/cucumber-plugin/7.11.0/cucumber-plugin-7.11.0.jar:/Users/wiyanherraherviana/.m2/repository/io/cucumber/docstring/7.11.0/docstring-7.11.0.jar:/Users/wiyanherraherviana/.m2/repository/io/cucumber/html-formatter/20.2.1/html-formatter-20.2.1.jar:/Users/wiyanherraherviana/.m2/repository/io/cucumber/junit-xml-formatter/0.1.0/junit-xml-formatter-0.1.0.jar:/Users/wiyanherraherviana/.m2/repository/io/cucumber/ci-environment/9.1.0/ci-environment-9.1.0.jar:/Users/wiyanherraherviana/.m2/repository/io/cucumber/cucumber-java/7.11.0/cucumber-java-7.11.0.jar:/Users/wiyanherraherviana/.m2/repository/io/cucumber/cucumber-junit/7.11.0/cucumber-junit-7.11.0.jar:/Users/wiyanherraherviana/.m2/repository/org/apache/commons/commons-csv/1.5/commons-csv-1.5.jar:/Users/wiyanherraherviana/.m2/repository/net/serenity-bdd/serenity-screenplay/3.6.21/serenity-screenplay-3.6.21.jar:/Users/wiyanherraherviana/.m2/repository/net/serenity-bdd/serenity-screenplay-webdriver/3.6.21/serenity-screenplay-webdriver-3.6.21.jar:/Users/wiyanherraherviana/.m2/repository/net/serenity-bdd/serenity-ensure/3.6.21/serenity-ensure-3.6.21.jar:/Users/wiyanherraherviana/.m2/repository/net/serenity-bdd/serenity-junit/3.6.21/serenity-junit-3.6.21.jar:/Users/wiyanherraherviana/.m2/repository/org/jetbrains/kotlin/kotlin-stdlib/1.8.10/kotlin-stdlib-1.8.10.jar:/Users/wiyanherraherviana/.m2/repository/org/jetbrains/kotlin/kotlin-stdlib-common/1.8.10/kotlin-stdlib-common-1.8.10.jar:/Users/wiyanherraherviana/.m2/repository/org/jetbrains/annotations/13.0/annotations-13.0.jar:/Users/wiyanherraherviana/.m2/repository/org/junit/platform/junit-platform-launcher/1.8.2/junit-platform-launcher-1.8.2.jar:/Users/wiyanherraherviana/.m2/repository/org/junit/platform/junit-platform-engine/1.8.2/junit-platform-engine-1.8.2.jar:/Users/wiyanherraherviana/.m2/repository/org/opentest4j/opentest4j/1.2.0/opentest4j-1.2.0.jar:/Users/wiyanherraherviana/.m2/repository/org/junit/platform/junit-platform-commons/1.8.2/junit-platform-commons-1.8.2.jar:/Users/wiyanherraherviana/.m2/repository/org/apiguardian/apiguardian-api/1.1.2/apiguardian-api-1.1.2.jar:/Users/wiyanherraherviana/.m2/repository/org/junit/jupiter/junit-jupiter-engine/5.8.2/junit-jupiter-engine-5.8.2.jar:/Users/wiyanherraherviana/.m2/repository/org/junit/jupiter/junit-jupiter-api/5.8.2/junit-jupiter-api-5.8.2.jar:/Users/wiyanherraherviana/.m2/repository/org/junit/vintage/junit-vintage-engine/5.8.2/junit-vintage-engine-5.8.2.jar:/Users/wiyanherraherviana/.m2/repository/junit/junit/4.13.2/junit-4.13.2.jar:/Users/wiyanherraherviana/.m2/repository/org/hamcrest/hamcrest-core/1.3/hamcrest-core-1.3.jar:/Users/wiyanherraherviana/.m2/repository/ch/qos/logback/logback-classic/1.2.10/logback-classic-1.2.10.jar:/Users/wiyanherraherviana/.m2/repository/ch/qos/logback/logback-core/1.2.10/logback-core-1.2.10.jar:/Users/wiyanherraherviana/.m2/repository/org/slf4j/slf4j-api/1.7.32/slf4j-api-1.7.32.jar:/Users/wiyanherraherviana/.m2/repository/org/assertj/assertj-core/3.23.1/assertj-core-3.23.1.jar:/Users/wiyanherraherviana/.m2/repository/net/bytebuddy/byte-buddy/1.12.10/byte-buddy-1.12.10.jar:"/>
    <property name="sun.cpu.endian" value="little"/>
    <property name="user.home" value="/Users/wiyanherraherviana"/>
    <property name="user.language" value="in"/>
    <property name="java.specification.vendor" value="Oracle Corporation"/>
    <property name="jdk.module.path" value="/Users/wiyanherraherviana/TaskWebTesting/target/cucumber-starter-1.0.0-SNAPSHOT.jar"/>
    <property name="java.version.date" value="2023-01-17"/>
    <property name="java.home" value="/usr/local/Cellar/openjdk/19.0.2/libexec/openjdk.jdk/Contents/Home"/>
    <property name="file.separator" value="/"/>
    <property name="basedir" value="/Users/wiyanherraherviana/TaskWebTesting"/>
    <property name="java.vm.compressedOopsMode" value="Zero based"/>
    <property name="line.separator" value="&#10;"/>
    <property name="java.vm.specification.vendor" value="Oracle Corporation"/>
    <property name="java.specification.name" value="Java Platform API Specification"/>
    <property name="apple.awt.application.name" value="ForkedBooter"/>
    <property name="surefire.real.class.path" value="/Users/wiyanherraherviana/.m2/repository/org/apache/maven/surefire/surefire-booter/3.0.0-M5/surefire-booter-3.0.0-M5.jar:/Users/wiyanherraherviana/.m2/repository/org/apache/maven/surefire/surefire-api/3.0.0-M5/surefire-api-3.0.0-M5.jar:/Users/wiyanherraherviana/.m2/repository/org/apache/maven/surefire/surefire-logger-api/3.0.0-M5/surefire-logger-api-3.0.0-M5.jar:/Users/wiyanherraherviana/.m2/repository/org/apache/maven/surefire/surefire-shared-utils/3.0.0-M4/surefire-shared-utils-3.0.0-M4.jar:/Users/wiyanherraherviana/.m2/repository/org/apache/maven/surefire/surefire-extensions-spi/3.0.0-M5/surefire-extensions-spi-3.0.0-M5.jar:/Users/wiyanherraherviana/TaskWebTesting/target/test-classes:/Users/wiyanherraherviana/.m2/repository/net/serenity-bdd/serenity-core/3.6.21/serenity-core-3.6.21.jar:/Users/wiyanherraherviana/.m2/repository/net/serenity-bdd/serenity-model/3.6.21/serenity-model-3.6.21.jar:/Users/wiyanherraherviana/.m2/repository/org/apache/commons/commons-text/1.10.0/commons-text-1.10.0.jar:/Users/wiyanherraherviana/.m2/repository/commons-net/commons-net/3.9.0/commons-net-3.9.0.jar:/Users/wiyanherraherviana/.m2/repository/com/google/guava/guava/31.1-jre/guava-31.1-jre.jar:/Users/wiyanherraherviana/.m2/repository/com/google/guava/failureaccess/1.0.1/failureaccess-1.0.1.jar:/Users/wiyanherraherviana/.m2/repository/com/google/guava/listenablefuture/9999.0-empty-to-avoid-conflict-with-guava/listenablefuture-9999.0-empty-to-avoid-conflict-with-guava.jar:/Users/wiyanherraherviana/.m2/repository/com/google/code/findbugs/jsr305/3.0.2/jsr305-3.0.2.jar:/Users/wiyanherraherviana/.m2/repository/org/checkerframework/checker-qual/3.12.0/checker-qual-3.12.0.jar:/Users/wiyanherraherviana/.m2/repository/com/google/errorprone/error_prone_annotations/2.11.0/error_prone_annotations-2.11.0.jar:/Users/wiyanherraherviana/.m2/repository/com/google/j2objc/j2objc-annotations/1.3/j2objc-annotations-1.3.jar:/Users/wiyanherraherviana/.m2/repository/com/google/inject/guice/5.1.0/guice-5.1.0.jar:/Users/wiyanherraherviana/.m2/repository/javax/inject/javax.inject/1/javax.inject-1.jar:/Users/wiyanherraherviana/.m2/repository/aopalliance/aopalliance/1.0/aopalliance-1.0.jar:/Users/wiyanherraherviana/.m2/repository/org/jsoup/jsoup/1.14.3/jsoup-1.14.3.jar:/Users/wiyanherraherviana/.m2/repository/com/thoughtworks/xstream/xstream/1.4.20/xstream-1.4.20.jar:/Users/wiyanherraherviana/.m2/repository/io/github/x-stream/mxparser/1.2.2/mxparser-1.2.2.jar:/Users/wiyanherraherviana/.m2/repository/xmlpull/xmlpull/1.1.3.1/xmlpull-1.1.3.1.jar:/Users/wiyanherraherviana/.m2/repository/com/typesafe/config/1.4.2/config-1.4.2.jar:/Users/wiyanherraherviana/.m2/repository/org/imgscalr/imgscalr-lib/4.2/imgscalr-lib-4.2.jar:/Users/wiyanherraherviana/.m2/repository/org/awaitility/awaitility/4.2.0/awaitility-4.2.0.jar:/Users/wiyanherraherviana/.m2/repository/org/freemarker/freemarker/2.3.31/freemarker-2.3.31.jar:/Users/wiyanherraherviana/.m2/repository/io/github/classgraph/classgraph/4.8.138/classgraph-4.8.138.jar:/Users/wiyanherraherviana/.m2/repository/net/sourceforge/jexcelapi/jxl/2.6.12/jxl-2.6.12.jar:/Users/wiyanherraherviana/.m2/repository/net/bytebuddy/byte-buddy-agent/1.14.2/byte-buddy-agent-1.14.2.jar:/Users/wiyanherraherviana/.m2/repository/org/objenesis/objenesis/3.3/objenesis-3.3.jar:/Users/wiyanherraherviana/.m2/repository/net/serenity-bdd/serenity-reports/3.6.21/serenity-reports-3.6.21.jar:/Users/wiyanherraherviana/.m2/repository/net/serenity-bdd/serenity-stats/3.6.21/serenity-stats-3.6.21.jar:/Users/wiyanherraherviana/.m2/repository/net/serenity-bdd/serenity-reports-configuration/3.6.21/serenity-reports-configuration-3.6.21.jar:/Users/wiyanherraherviana/.m2/repository/com/vladsch/flexmark/flexmark-all/0.62.2/flexmark-all-0.62.2.jar:/Users/wiyanherraherviana/.m2/repository/com/vladsch/flexmark/flexmark/0.62.2/flexmark-0.62.2.jar:/Users/wiyanherraherviana/.m2/repository/com/vladsch/flexmark/flexmark-ext-abbreviation/0.62.2/flexmark-ext-abbreviation-0.62.2.jar:/Users/wiyanherraherviana/.m2/repository/com/vladsch/flexmark/flexmark-util/0.62.2/flexmark-util-0.62.2.jar:/Users/wiyanherraherviana/.m2/repository/com/vladsch/flexmark/flexmark-ext-admonition/0.62.2/flexmark-ext-admonition-0.62.2.jar:/Users/wiyanherraherviana/.m2/repository/com/vladsch/flexmark/flexmark-ext-anchorlink/0.62.2/flexmark-ext-anchorlink-0.62.2.jar:/Users/wiyanherraherviana/.m2/repository/com/vladsch/flexmark/flexmark-ext-aside/0.62.2/flexmark-ext-aside-0.62.2.jar:/Users/wiyanherraherviana/.m2/repository/com/vladsch/flexmark/flexmark-ext-attributes/0.62.2/flexmark-ext-attributes-0.62.2.jar:/Users/wiyanherraherviana/.m2/repository/com/vladsch/flexmark/flexmark-ext-autolink/0.62.2/flexmark-ext-autolink-0.62.2.jar:/Users/wiyanherraherviana/.m2/repository/org/nibor/autolink/autolink/0.6.0/autolink-0.6.0.jar:/Users/wiyanherraherviana/.m2/repository/com/vladsch/flexmark/flexmark-ext-definition/0.62.2/flexmark-ext-definition-0.62.2.jar:/Users/wiyanherraherviana/.m2/repository/com/vladsch/flexmark/flexmark-ext-emoji/0.62.2/flexmark-ext-emoji-0.62.2.jar:/Users/wiyanherraherviana/.m2/repository/com/vladsch/flexmark/flexmark-ext-enumerated-reference/0.62.2/flexmark-ext-enumerated-reference-0.62.2.jar:/Users/wiyanherraherviana/.m2/repository/com/vladsch/flexmark/flexmark-ext-escaped-character/0.62.2/flexmark-ext-escaped-character-0.62.2.jar:/Users/wiyanherraherviana/.m2/repository/com/vladsch/flexmark/flexmark-ext-footnotes/0.62.2/flexmark-ext-footnotes-0.62.2.jar:/Users/wiyanherraherviana/.m2/repository/com/vladsch/flexmark/flexmark-ext-gfm-issues/0.62.2/flexmark-ext-gfm-issues-0.62.2.jar:/Users/wiyanherraherviana/.m2/repository/com/vladsch/flexmark/flexmark-ext-gfm-strikethrough/0.62.2/flexmark-ext-gfm-strikethrough-0.62.2.jar:/Users/wiyanherraherviana/.m2/repository/com/vladsch/flexmark/flexmark-ext-gfm-tasklist/0.62.2/flexmark-ext-gfm-tasklist-0.62.2.jar:/Users/wiyanherraherviana/.m2/repository/com/vladsch/flexmark/flexmark-ext-gfm-users/0.62.2/flexmark-ext-gfm-users-0.62.2.jar:/Users/wiyanherraherviana/.m2/repository/com/vladsch/flexmark/flexmark-ext-gitlab/0.62.2/flexmark-ext-gitlab-0.62.2.jar:/Users/wiyanherraherviana/.m2/repository/com/vladsch/flexmark/flexmark-ext-jekyll-front-matter/0.62.2/flexmark-ext-jekyll-front-matter-0.62.2.jar:/Users/wiyanherraherviana/.m2/repository/com/vladsch/flexmark/flexmark-ext-jekyll-tag/0.62.2/flexmark-ext-jekyll-tag-0.62.2.jar:/Users/wiyanherraherviana/.m2/repository/com/vladsch/flexmark/flexmark-ext-media-tags/0.62.2/flexmark-ext-media-tags-0.62.2.jar:/Users/wiyanherraherviana/.m2/repository/com/vladsch/flexmark/flexmark-ext-macros/0.62.2/flexmark-ext-macros-0.62.2.jar:/Users/wiyanherraherviana/.m2/repository/com/vladsch/flexmark/flexmark-ext-ins/0.62.2/flexmark-ext-ins-0.62.2.jar:/Users/wiyanherraherviana/.m2/repository/com/vladsch/flexmark/flexmark-ext-xwiki-macros/0.62.2/flexmark-ext-xwiki-macros-0.62.2.jar:/Users/wiyanherraherviana/.m2/repository/com/vladsch/flexmark/flexmark-ext-superscript/0.62.2/flexmark-ext-superscript-0.62.2.jar:/Users/wiyanherraherviana/.m2/repository/com/vladsch/flexmark/flexmark-ext-tables/0.62.2/flexmark-ext-tables-0.62.2.jar:/Users/wiyanherraherviana/.m2/repository/com/vladsch/flexmark/flexmark-ext-toc/0.62.2/flexmark-ext-toc-0.62.2.jar:/Users/wiyanherraherviana/.m2/repository/com/vladsch/flexmark/flexmark-ext-typographic/0.62.2/flexmark-ext-typographic-0.62.2.jar:/Users/wiyanherraherviana/.m2/repository/com/vladsch/flexmark/flexmark-ext-wikilink/0.62.2/flexmark-ext-wikilink-0.62.2.jar:/Users/wiyanherraherviana/.m2/repository/com/vladsch/flexmark/flexmark-ext-yaml-front-matter/0.62.2/flexmark-ext-yaml-front-matter-0.62.2.jar:/Users/wiyanherraherviana/.m2/repository/com/vladsch/flexmark/flexmark-ext-youtube-embedded/0.62.2/flexmark-ext-youtube-embedded-0.62.2.jar:/Users/wiyanherraherviana/.m2/repository/com/vladsch/flexmark/flexmark-html2md-converter/0.62.2/flexmark-html2md-converter-0.62.2.jar:/Users/wiyanherraherviana/.m2/repository/com/vladsch/flexmark/flexmark-jira-converter/0.62.2/flexmark-jira-converter-0.62.2.jar:/Users/wiyanherraherviana/.m2/repository/com/vladsch/flexmark/flexmark-pdf-converter/0.62.2/flexmark-pdf-converter-0.62.2.jar:/Users/wiyanherraherviana/.m2/repository/com/openhtmltopdf/openhtmltopdf-core/1.0.0/openhtmltopdf-core-1.0.0.jar:/Users/wiyanherraherviana/.m2/repository/com/openhtmltopdf/openhtmltopdf-pdfbox/1.0.0/openhtmltopdf-pdfbox-1.0.0.jar:/Users/wiyanherraherviana/.m2/repository/org/apache/pdfbox/pdfbox/2.0.16/pdfbox-2.0.16.jar:/Users/wiyanherraherviana/.m2/repository/org/apache/pdfbox/fontbox/2.0.16/fontbox-2.0.16.jar:/Users/wiyanherraherviana/.m2/repository/org/apache/pdfbox/xmpbox/2.0.16/xmpbox-2.0.16.jar:/Users/wiyanherraherviana/.m2/repository/de/rototor/pdfbox/graphics2d/0.24/graphics2d-0.24.jar:/Users/wiyanherraherviana/.m2/repository/com/openhtmltopdf/openhtmltopdf-rtl-support/1.0.0/openhtmltopdf-rtl-support-1.0.0.jar:/Users/wiyanherraherviana/.m2/repository/com/openhtmltopdf/openhtmltopdf-jsoup-dom-converter/1.0.0/openhtmltopdf-jsoup-dom-converter-1.0.0.jar:/Users/wiyanherraherviana/.m2/repository/com/vladsch/flexmark/flexmark-profile-pegdown/0.62.2/flexmark-profile-pegdown-0.62.2.jar:/Users/wiyanherraherviana/.m2/repository/com/vladsch/flexmark/flexmark-util-ast/0.62.2/flexmark-util-ast-0.62.2.jar:/Users/wiyanherraherviana/.m2/repository/com/vladsch/flexmark/flexmark-util-builder/0.62.2/flexmark-util-builder-0.62.2.jar:/Users/wiyanherraherviana/.m2/repository/com/vladsch/flexmark/flexmark-util-collection/0.62.2/flexmark-util-collection-0.62.2.jar:/Users/wiyanherraherviana/.m2/repository/com/vladsch/flexmark/flexmark-util-data/0.62.2/flexmark-util-data-0.62.2.jar:/Users/wiyanherraherviana/.m2/repository/com/vladsch/flexmark/flexmark-util-dependency/0.62.2/flexmark-util-dependency-0.62.2.jar:/Users/wiyanherraherviana/.m2/repository/com/vladsch/flexmark/flexmark-util-format/0.62.2/flexmark-util-format-0.62.2.jar:/Users/wiyanherraherviana/.m2/repository/com/vladsch/flexmark/flexmark-util-html/0.62.2/flexmark-util-html-0.62.2.jar:/Users/wiyanherraherviana/.m2/repository/com/vladsch/flexmark/flexmark-util-misc/0.62.2/flexmark-util-misc-0.62.2.jar:/Users/wiyanherraherviana/.m2/repository/com/vladsch/flexmark/flexmark-util-options/0.62.2/flexmark-util-options-0.62.2.jar:/Users/wiyanherraherviana/.m2/repository/com/vladsch/flexmark/flexmark-util-sequence/0.62.2/flexmark-util-sequence-0.62.2.jar:/Users/wiyanherraherviana/.m2/repository/com/vladsch/flexmark/flexmark-util-visitor/0.62.2/flexmark-util-visitor-0.62.2.jar:/Users/wiyanherraherviana/.m2/repository/com/vladsch/flexmark/flexmark-youtrack-converter/0.62.2/flexmark-youtrack-converter-0.62.2.jar:/Users/wiyanherraherviana/.m2/repository/com/ibm/icu/icu4j/72.1/icu4j-72.1.jar:/Users/wiyanherraherviana/.m2/repository/es/nitaur/markdown/txtmark/0.16/txtmark-0.16.jar:/Users/wiyanherraherviana/.m2/repository/net/serenity-bdd/serenity-report-resources/3.6.21/serenity-report-resources-3.6.21.jar:/Users/wiyanherraherviana/.m2/repository/com/google/code/gson/gson/2.10.1/gson-2.10.1.jar:/Users/wiyanherraherviana/.m2/repository/com/fasterxml/jackson/core/jackson-core/2.15.0-rc1/jackson-core-2.15.0-rc1.jar:/Users/wiyanherraherviana/.m2/repository/com/fasterxml/jackson/core/jackson-databind/2.15.0-rc1/jackson-databind-2.15.0-rc1.jar:/Users/wiyanherraherviana/.m2/repository/com/fasterxml/jackson/core/jackson-annotations/2.15.0-rc1/jackson-annotations-2.15.0-rc1.jar:/Users/wiyanherraherviana/.m2/repository/commons-codec/commons-codec/1.15/commons-codec-1.15.jar:/Users/wiyanherraherviana/.m2/repository/commons-io/commons-io/2.11.0/commons-io-2.11.0.jar:/Users/wiyanherraherviana/.m2/repository/org/apache/httpcomponents/httpclient/4.5.13/httpclient-4.5.13.jar:/Users/wiyanherraherviana/.m2/repository/org/apache/httpcomponents/httpcore/4.4.13/httpcore-4.4.13.jar:/Users/wiyanherraherviana/.m2/repository/commons-logging/commons-logging/1.2/commons-logging-1.2.jar:/Users/wiyanherraherviana/.m2/repository/org/seleniumhq/selenium/selenium-java/4.8.1/selenium-java-4.8.1.jar:/Users/wiyanherraherviana/.m2/repository/org/seleniumhq/selenium/selenium-devtools-v108/4.8.1/selenium-devtools-v108-4.8.1.jar:/Users/wiyanherraherviana/.m2/repository/org/seleniumhq/selenium/selenium-devtools-v109/4.8.1/selenium-devtools-v109-4.8.1.jar:/Users/wiyanherraherviana/.m2/repository/org/seleniumhq/selenium/selenium-devtools-v110/4.8.1/selenium-devtools-v110-4.8.1.jar:/Users/wiyanherraherviana/.m2/repository/org/seleniumhq/selenium/selenium-devtools-v85/4.8.1/selenium-devtools-v85-4.8.1.jar:/Users/wiyanherraherviana/.m2/repository/org/seleniumhq/selenium/selenium-remote-driver/4.8.1/selenium-remote-driver-4.8.1.jar:/Users/wiyanherraherviana/.m2/repository/com/beust/jcommander/1.82/jcommander-1.82.jar:/Users/wiyanherraherviana/.m2/repository/io/netty/netty-buffer/4.1.87.Final/netty-buffer-4.1.87.Final.jar:/Users/wiyanherraherviana/.m2/repository/io/netty/netty-codec-http/4.1.87.Final/netty-codec-http-4.1.87.Final.jar:/Users/wiyanherraherviana/.m2/repository/io/netty/netty-codec/4.1.87.Final/netty-codec-4.1.87.Final.jar:/Users/wiyanherraherviana/.m2/repository/io/netty/netty-handler/4.1.87.Final/netty-handler-4.1.87.Final.jar:/Users/wiyanherraherviana/.m2/repository/io/netty/netty-common/4.1.87.Final/netty-common-4.1.87.Final.jar:/Users/wiyanherraherviana/.m2/repository/io/netty/netty-transport-classes-epoll/4.1.87.Final/netty-transport-classes-epoll-4.1.87.Final.jar:/Users/wiyanherraherviana/.m2/repository/io/netty/netty-transport-classes-kqueue/4.1.87.Final/netty-transport-classes-kqueue-4.1.87.Final.jar:/Users/wiyanherraherviana/.m2/repository/io/netty/netty-transport-native-epoll/4.1.87.Final/netty-transport-native-epoll-4.1.87.Final.jar:/Users/wiyanherraherviana/.m2/repository/io/netty/netty-transport-native-kqueue/4.1.87.Final/netty-transport-native-kqueue-4.1.87.Final.jar:/Users/wiyanherraherviana/.m2/repository/io/netty/netty-transport-native-unix-common/4.1.87.Final/netty-transport-native-unix-common-4.1.87.Final.jar:/Users/wiyanherraherviana/.m2/repository/io/netty/netty-transport/4.1.87.Final/netty-transport-4.1.87.Final.jar:/Users/wiyanherraherviana/.m2/repository/io/netty/netty-resolver/4.1.87.Final/netty-resolver-4.1.87.Final.jar:/Users/wiyanherraherviana/.m2/repository/io/opentelemetry/opentelemetry-api/1.22.0/opentelemetry-api-1.22.0.jar:/Users/wiyanherraherviana/.m2/repository/io/opentelemetry/opentelemetry-context/1.22.0/opentelemetry-context-1.22.0.jar:/Users/wiyanherraherviana/.m2/repository/io/opentelemetry/opentelemetry-exporter-logging/1.22.0/opentelemetry-exporter-logging-1.22.0.jar:/Users/wiyanherraherviana/.m2/repository/io/opentelemetry/opentelemetry-sdk-metrics/1.22.0/opentelemetry-sdk-metrics-1.22.0.jar:/Users/wiyanherraherviana/.m2/repository/io/opentelemetry/opentelemetry-sdk-logs/1.22.0-alpha/opentelemetry-sdk-logs-1.22.0-alpha.jar:/Users/wiyanherraherviana/.m2/repository/io/opentelemetry/opentelemetry-api-logs/1.22.0-alpha/opentelemetry-api-logs-1.22.0-alpha.jar:/Users/wiyanherraherviana/.m2/repository/io/opentelemetry/opentelemetry-sdk-common/1.22.0/opentelemetry-sdk-common-1.22.0.jar:/Users/wiyanherraherviana/.m2/repository/io/opentelemetry/opentelemetry-sdk-extension-autoconfigure-spi/1.22.0/opentelemetry-sdk-extension-autoconfigure-spi-1.22.0.jar:/Users/wiyanherraherviana/.m2/repository/io/opentelemetry/opentelemetry-sdk-extension-autoconfigure/1.22.0-alpha/opentelemetry-sdk-extension-autoconfigure-1.22.0-alpha.jar:/Users/wiyanherraherviana/.m2/repository/io/opentelemetry/opentelemetry-sdk-trace/1.22.0/opentelemetry-sdk-trace-1.22.0.jar:/Users/wiyanherraherviana/.m2/repository/io/opentelemetry/opentelemetry-sdk/1.22.0/opentelemetry-sdk-1.22.0.jar:/Users/wiyanherraherviana/.m2/repository/io/opentelemetry/opentelemetry-semconv/1.22.0-alpha/opentelemetry-semconv-1.22.0-alpha.jar:/Users/wiyanherraherviana/.m2/repository/io/ous/jtoml/2.0.0/jtoml-2.0.0.jar:/Users/wiyanherraherviana/.m2/repository/org/apache/commons/commons-exec/1.3/commons-exec-1.3.jar:/Users/wiyanherraherviana/.m2/repository/org/asynchttpclient/async-http-client/2.12.3/async-http-client-2.12.3.jar:/Users/wiyanherraherviana/.m2/repository/org/asynchttpclient/async-http-client-netty-utils/2.12.3/async-http-client-netty-utils-2.12.3.jar:/Users/wiyanherraherviana/.m2/repository/io/netty/netty-codec-socks/4.1.60.Final/netty-codec-socks-4.1.60.Final.jar:/Users/wiyanherraherviana/.m2/repository/io/netty/netty-handler-proxy/4.1.60.Final/netty-handler-proxy-4.1.60.Final.jar:/Users/wiyanherraherviana/.m2/repository/io/netty/netty-transport-native-epoll/4.1.60.Final/netty-transport-native-epoll-4.1.60.Final-linux-x86_64.jar:/Users/wiyanherraherviana/.m2/repository/io/netty/netty-transport-native-kqueue/4.1.60.Final/netty-transport-native-kqueue-4.1.60.Final-osx-x86_64.jar:/Users/wiyanherraherviana/.m2/repository/org/reactivestreams/reactive-streams/1.0.3/reactive-streams-1.0.3.jar:/Users/wiyanherraherviana/.m2/repository/com/typesafe/netty/netty-reactive-streams/2.0.4/netty-reactive-streams-2.0.4.jar:/Users/wiyanherraherviana/.m2/repository/org/seleniumhq/selenium/selenium-manager/4.8.1/selenium-manager-4.8.1.jar:/Users/wiyanherraherviana/.m2/repository/org/seleniumhq/selenium/selenium-safari-driver/4.8.1/selenium-safari-driver-4.8.1.jar:/Users/wiyanherraherviana/.m2/repository/org/seleniumhq/selenium/selenium-api/4.8.1/selenium-api-4.8.1.jar:/Users/wiyanherraherviana/.m2/repository/org/seleniumhq/selenium/selenium-support/4.8.1/selenium-support-4.8.1.jar:/Users/wiyanherraherviana/.m2/repository/com/google/auto/service/auto-service-annotations/1.0.1/auto-service-annotations-1.0.1.jar:/Users/wiyanherraherviana/.m2/repository/com/google/auto/service/auto-service/1.0.1/auto-service-1.0.1.jar:/Users/wiyanherraherviana/.m2/repository/com/google/auto/auto-common/1.2/auto-common-1.2.jar:/Users/wiyanherraherviana/.m2/repository/org/seleniumhq/selenium/selenium-json/4.8.1/selenium-json-4.8.1.jar:/Users/wiyanherraherviana/.m2/repository/org/seleniumhq/selenium/selenium-chrome-driver/4.8.1/selenium-chrome-driver-4.8.1.jar:/Users/wiyanherraherviana/.m2/repository/org/seleniumhq/selenium/selenium-chromium-driver/4.8.1/selenium-chromium-driver-4.8.1.jar:/Users/wiyanherraherviana/.m2/repository/org/seleniumhq/selenium/selenium-firefox-driver/4.8.1/selenium-firefox-driver-4.8.1.jar:/Users/wiyanherraherviana/.m2/repository/org/seleniumhq/selenium/selenium-http/4.8.1/selenium-http-4.8.1.jar:/Users/wiyanherraherviana/.m2/repository/dev/failsafe/failsafe/3.3.0/failsafe-3.3.0.jar:/Users/wiyanherraherviana/.m2/repository/org/seleniumhq/selenium/selenium-edge-driver/4.8.1/selenium-edge-driver-4.8.1.jar:/Users/wiyanherraherviana/.m2/repository/org/seleniumhq/selenium/selenium-ie-driver/4.8.1/selenium-ie-driver-4.8.1.jar:/Users/wiyanherraherviana/.m2/repository/org/projectlombok/lombok/1.18.20/lombok-1.18.20.jar:/Users/wiyanherraherviana/.m2/repository/io/appium/java-client/8.3.0/java-client-8.3.0.jar:/Users/wiyanherraherviana/.m2/repository/commons-validator/commons-validator/1.7/commons-validator-1.7.jar:/Users/wiyanherraherviana/.m2/repository/commons-digester/commons-digester/2.1/commons-digester-2.1.jar:/Users/wiyanherraherviana/.m2/repository/org/apache/groovy/groovy/4.0.10/groovy-4.0.10.jar:/Users/wiyanherraherviana/.m2/repository/net/sf/opencsv/opencsv/2.0/opencsv-2.0.jar:/Users/wiyanherraherviana/.m2/repository/commons-beanutils/commons-beanutils/1.9.4/commons-beanutils-1.9.4.jar:/Users/wiyanherraherviana/.m2/repository/org/apache/commons/commons-lang3/3.12.0/commons-lang3-3.12.0.jar:/Users/wiyanherraherviana/.m2/repository/commons-collections/commons-collections/3.2.2/commons-collections-3.2.2.jar:/Users/wiyanherraherviana/.m2/repository/org/fluentlenium/fluentlenium-core/0.10.2/fluentlenium-core-0.10.2.jar:/Users/wiyanherraherviana/.m2/repository/io/github/bonigarcia/webdrivermanager/5.3.0/webdrivermanager-5.3.0.jar:/Users/wiyanherraherviana/.m2/repository/com/github/docker-java/docker-java/3.2.13/docker-java-3.2.13.jar:/Users/wiyanherraherviana/.m2/repository/com/github/docker-java/docker-java-core/3.2.13/docker-java-core-3.2.13.jar:/Users/wiyanherraherviana/.m2/repository/com/github/docker-java/docker-java-api/3.2.13/docker-java-api-3.2.13.jar:/Users/wiyanherraherviana/.m2/repository/org/apache/commons/commons-compress/1.21/commons-compress-1.21.jar:/Users/wiyanherraherviana/.m2/repository/org/bouncycastle/bcpkix-jdk15on/1.64/bcpkix-jdk15on-1.64.jar:/Users/wiyanherraherviana/.m2/repository/org/bouncycastle/bcprov-jdk15on/1.64/bcprov-jdk15on-1.64.jar:/Users/wiyanherraherviana/.m2/repository/org/slf4j/jcl-over-slf4j/1.7.30/jcl-over-slf4j-1.7.30.jar:/Users/wiyanherraherviana/.m2/repository/com/github/docker-java/docker-java-transport-httpclient5/3.2.13/docker-java-transport-httpclient5-3.2.13.jar:/Users/wiyanherraherviana/.m2/repository/com/github/docker-java/docker-java-transport/3.2.13/docker-java-transport-3.2.13.jar:/Users/wiyanherraherviana/.m2/repository/net/java/dev/jna/jna/5.8.0/jna-5.8.0.jar:/Users/wiyanherraherviana/.m2/repository/org/brotli/dec/0.1.2/dec-0.1.2.jar:/Users/wiyanherraherviana/.m2/repository/org/apache/httpcomponents/client5/httpclient5/5.1.3/httpclient5-5.1.3.jar:/Users/wiyanherraherviana/.m2/repository/org/apache/httpcomponents/core5/httpcore5/5.1.3/httpcore5-5.1.3.jar:/Users/wiyanherraherviana/.m2/repository/org/apache/httpcomponents/core5/httpcore5-h2/5.1.3/httpcore5-h2-5.1.3.jar:/Users/wiyanherraherviana/.m2/repository/com/jhlabs/filters/2.0.235/filters-2.0.235.jar:/Users/wiyanherraherviana/.m2/repository/com/paulhammant/ngwebdriver/1.1.6/ngwebdriver-1.1.6.jar:/Users/wiyanherraherviana/.m2/repository/joda-time/joda-time/2.12.2/joda-time-2.12.2.jar:/Users/wiyanherraherviana/.m2/repository/org/hamcrest/hamcrest/2.2/hamcrest-2.2.jar:/Users/wiyanherraherviana/.m2/repository/com/google/jimfs/jimfs/1.2/jimfs-1.2.jar:/Users/wiyanherraherviana/.m2/repository/org/mockito/mockito-core/3.3.3/mockito-core-3.3.3.jar:/Users/wiyanherraherviana/.m2/repository/javax/xml/bind/jaxb-api/2.3.1/jaxb-api-2.3.1.jar:/Users/wiyanherraherviana/.m2/repository/javax/activation/javax.activation-api/1.2.0/javax.activation-api-1.2.0.jar:/Users/wiyanherraherviana/.m2/repository/com/sun/xml/bind/jaxb-core/2.3.0.1/jaxb-core-2.3.0.1.jar:/Users/wiyanherraherviana/.m2/repository/com/sun/xml/bind/jaxb-impl/2.3.3/jaxb-impl-2.3.3.jar:/Users/wiyanherraherviana/.m2/repository/jakarta/xml/bind/jakarta.xml.bind-api/2.3.3/jakarta.xml.bind-api-2.3.3.jar:/Users/wiyanherraherviana/.m2/repository/com/sun/activation/jakarta.activation/1.2.2/jakarta.activation-1.2.2.jar:/Users/wiyanherraherviana/.m2/repository/javax/activation/activation/1.1.1/activation-1.1.1.jar:/Users/wiyanherraherviana/.m2/repository/net/serenity-bdd/serenity-cucumber/3.6.21/serenity-cucumber-3.6.21.jar:/Users/wiyanherraherviana/.m2/repository/io/cucumber/cucumber-core/7.11.0/cucumber-core-7.11.0.jar:/Users/wiyanherraherviana/.m2/repository/io/cucumber/cucumber-gherkin/7.11.0/cucumber-gherkin-7.11.0.jar:/Users/wiyanherraherviana/.m2/repository/io/cucumber/cucumber-gherkin-messages/7.11.0/cucumber-gherkin-messages-7.11.0.jar:/Users/wiyanherraherviana/.m2/repository/io/cucumber/gherkin/26.0.3/gherkin-26.0.3.jar:/Users/wiyanherraherviana/.m2/repository/io/cucumber/messages/21.0.1/messages-21.0.1.jar:/Users/wiyanherraherviana/.m2/repository/io/cucumber/tag-expressions/5.0.1/tag-expressions-5.0.1.jar:/Users/wiyanherraherviana/.m2/repository/io/cucumber/cucumber-expressions/16.1.1/cucumber-expressions-16.1.1.jar:/Users/wiyanherraherviana/.m2/repository/io/cucumber/datatable/7.11.0/datatable-7.11.0.jar:/Users/wiyanherraherviana/.m2/repository/io/cucumber/cucumber-plugin/7.11.0/cucumber-plugin-7.11.0.jar:/Users/wiyanherraherviana/.m2/repository/io/cucumber/docstring/7.11.0/docstring-7.11.0.jar:/Users/wiyanherraherviana/.m2/repository/io/cucumber/html-formatter/20.2.1/html-formatter-20.2.1.jar:/Users/wiyanherraherviana/.m2/repository/io/cucumber/junit-xml-formatter/0.1.0/junit-xml-formatter-0.1.0.jar:/Users/wiyanherraherviana/.m2/repository/io/cucumber/ci-environment/9.1.0/ci-environment-9.1.0.jar:/Users/wiyanherraherviana/.m2/repository/io/cucumber/cucumber-java/7.11.0/cucumber-java-7.11.0.jar:/Users/wiyanherraherviana/.m2/repository/io/cucumber/cucumber-junit/7.11.0/cucumber-junit-7.11.0.jar:/Users/wiyanherraherviana/.m2/repository/org/apache/commons/commons-csv/1.5/commons-csv-1.5.jar:/Users/wiyanherraherviana/.m2/repository/net/serenity-bdd/serenity-screenplay/3.6.21/serenity-screenplay-3.6.21.jar:/Users/wiyanherraherviana/.m2/repository/net/serenity-bdd/serenity-screenplay-webdriver/3.6.21/serenity-screenplay-webdriver-3.6.21.jar:/Users/wiyanherraherviana/.m2/repository/net/serenity-bdd/serenity-ensure/3.6.21/serenity-ensure-3.6.21.jar:/Users/wiyanherraherviana/.m2/repository/net/serenity-bdd/serenity-junit/3.6.21/serenity-junit-3.6.21.jar:/Users/wiyanherraherviana/.m2/repository/org/jetbrains/kotlin/kotlin-stdlib/1.8.10/kotlin-stdlib-1.8.10.jar:/Users/wiyanherraherviana/.m2/repository/org/jetbrains/kotlin/kotlin-stdlib-common/1.8.10/kotlin-stdlib-common-1.8.10.jar:/Users/wiyanherraherviana/.m2/repository/org/jetbrains/annotations/13.0/annotations-13.0.jar:/Users/wiyanherraherviana/.m2/repository/org/junit/platform/junit-platform-launcher/1.8.2/junit-platform-launcher-1.8.2.jar:/Users/wiyanherraherviana/.m2/repository/org/junit/platform/junit-platform-engine/1.8.2/junit-platform-engine-1.8.2.jar:/Users/wiyanherraherviana/.m2/repository/org/opentest4j/opentest4j/1.2.0/opentest4j-1.2.0.jar:/Users/wiyanherraherviana/.m2/repository/org/junit/platform/junit-platform-commons/1.8.2/junit-platform-commons-1.8.2.jar:/Users/wiyanherraherviana/.m2/repository/org/apiguardian/apiguardian-api/1.1.2/apiguardian-api-1.1.2.jar:/Users/wiyanherraherviana/.m2/repository/org/junit/jupiter/junit-jupiter-engine/5.8.2/junit-jupiter-engine-5.8.2.jar:/Users/wiyanherraherviana/.m2/repository/org/junit/jupiter/junit-jupiter-api/5.8.2/junit-jupiter-api-5.8.2.jar:/Users/wiyanherraherviana/.m2/repository/org/junit/vintage/junit-vintage-engine/5.8.2/junit-vintage-engine-5.8.2.jar:/Users/wiyanherraherviana/.m2/repository/junit/junit/4.13.2/junit-4.13.2.jar:/Users/wiyanherraherviana/.m2/repository/org/hamcrest/hamcrest-core/1.3/hamcrest-core-1.3.jar:/Users/wiyanherraherviana/.m2/repository/ch/qos/logback/logback-classic/1.2.10/logback-classic-1.2.10.jar:/Users/wiyanherraherviana/.m2/repository/ch/qos/logback/logback-core/1.2.10/logback-core-1.2.10.jar:/Users/wiyanherraherviana/.m2/repository/org/slf4j/slf4j-api/1.7.32/slf4j-api-1.7.32.jar:/Users/wiyanherraherviana/.m2/repository/org/assertj/assertj-core/3.23.1/assertj-core-3.23.1.jar:/Users/wiyanherraherviana/.m2/repository/net/bytebuddy/byte-buddy/1.12.10/byte-buddy-1.12.10.jar:/Users/wiyanherraherviana/.m2/repository/org/apache/maven/surefire/surefire-junit-platform/3.0.0-M5/surefire-junit-platform-3.0.0-M5.jar:/Users/wiyanherraherviana/.m2/repository/org/apache/maven/surefire/common-java5/3.0.0-M5/common-java5-3.0.0-M5.jar"/>
    <property name="java.protocol.handler.pkgs" value="com.google.common"/>
    <property name="sun.management.compiler" value="HotSpot 64-Bit Tiered Compilers"/>
    <property name="ftp.nonProxyHosts" value="local|*.local|169.254/16|*.169.254/16"/>
    <property name="java.runtime.version" value="19.0.2"/>
    <property name="user.name" value="wiyanherraherviana"/>
    <property name="stdout.encoding" value="US-ASCII"/>
    <property name="path.separator" value=":"/>
    <property name="os.version" value="13.2.1"/>
    <property name="java.runtime.name" value="OpenJDK Runtime Environment"/>
    <property name="file.encoding" value="UTF-8"/>
    <property name="webdriver.base.url" value=""/>
    <property name="java.vm.name" value="OpenJDK 64-Bit Server VM"/>
    <property name="java.vendor.version" value="Homebrew"/>
    <property name="localRepository" value="/Users/wiyanherraherviana/.m2/repository"/>
    <property name="java.vendor.url.bug" value="https://github.com/Homebrew/homebrew-core/issues"/>
    <property name="java.io.tmpdir" value="/var/folders/zg/r8j_rgh52cb8w959rfz7lh8h0000gn/T/"/>
    <property name="java.version" value="19.0.2"/>
    <property name="user.dir" value="/Users/wiyanherraherviana/TaskWebTesting"/>
    <property name="os.arch" value="x86_64"/>
    <property name="java.vm.specification.name" value="Java Virtual Machine Specification"/>
    <property name="native.encoding" value="US-ASCII"/>
    <property name="java.library.path" value="/Users/wiyanherraherviana/Library/Java/Extensions:/Library/Java/Extensions:/Network/Library/Java/Extensions:/System/Library/Java/Extensions:/usr/lib/java:."/>
    <property name="java.vm.info" value="mixed mode"/>
    <property name="stderr.encoding" value="US-ASCII"/>
    <property name="java.vendor" value="Homebrew"/>
    <property name="java.vm.version" value="19.0.2"/>
    <property name="sun.io.unicode.encoding" value="UnicodeBig"/>
    <property name="socksNonProxyHosts" value="local|*.local|169.254/16|*.169.254/16"/>
    <property name="java.class.version" value="63.0"/>
  </properties>
  <testcase name="As user i have be able to success login" classname="login" time="8.552">
    <system-out><![CDATA[22:22:28.607 [main] DEBUG net.thucydides.core.guice.Injectors - Created injector for module net.thucydides.core.guice.ThucydidesModule
22:22:28.919 [main] DEBUG io.cucumber.core.plugin.SerenityReporter - Running feature from file:///Users/wiyanherraherviana/TaskWebTesting/src/test/resources/features/Login.feature
22:22:29.110 [main] DEBUG net.thucydides.core.guice.Injectors - Created injector for module net.thucydides.core.guice.webdriver.WebDriverModule
22:22:29.132 [main] INFO  - 

-------------------------------------------------------------------------------------
     _______. _______ .______       _______ .__   __.  __  .___________.____    ____ 
    /       ||   ____||   _  \     |   ____||  \ |  | |  | |           |\   \  /   / 
   |   (----`|  |__   |  |_)  |    |  |__   |   \|  | |  | `---|  |----` \   \/   /  
    \   \    |   __|  |      /     |   __|  |  . `  | |  |     |  |       \_    _/   
.----)   |   |  |____ |  |\  \----.|  |____ |  |\   | |  |     |  |         |  |     
|_______/    |_______|| _| `._____||_______||__| \__| |__|     |__|         |__|    
                                                                                     
 News and tutorials at http://www.serenity-bdd.info                                  
 Documentation at https://wakaleo.gitbooks.io/the-serenity-book/content/             
 Join the Serenity Community on Gitter: https://gitter.im/serenity-bdd/serenity-core 
 Serenity BDD Support and Training at http://serenity-bdd.info/#/trainingandsupport  
-------------------------------------------------------------------------------------

22:22:29.136 [main] DEBUG net.thucydides.core.steps.StepEventBus - Test suite started for story net.thucydides.core.model.Story@23282f08
22:22:29.140 [main] INFO  - Test Suite Started: Login
22:22:29.162 [main] DEBUG io.cucumber.core.plugin.SerenityReporter - Running feature from file:///Users/wiyanherraherviana/TaskWebTesting/src/test/resources/features/Login.feature
22:22:29.166 [main] DEBUG net.thucydides.core.steps.StepEventBus - Test suite started for story net.thucydides.core.model.Story@23282f08
22:22:29.167 [main] INFO  - Test Suite Started: Login

@login @userA
Scenario: As user i have be able to success login &amp#27;[90m# src/test/resources/features/Login.feature:8&amp#27;[0m
22:22:29.270 [main] DEBUG io.cucumber.core.plugin.SerenityReporter - Running feature from file:///Users/wiyanherraherviana/TaskWebTesting/src/test/resources/features/Login.feature
22:22:29.426 [main] INFO  - 
  _____   ___   ___   _____     ___   _____     _     ___   _____   ___   ___  
 |_   _| | __| / __| |_   _|   / __| |_   _|   /_\   | _ \ |_   _| | __| |   \ 
   | |   | _|  \__ \   | |     \__ \   | |    / _ \  |   /   | |   | _|  | |) |
   |_|   |___| |___/   |_|     |___/   |_|   /_/ \_\ |_|_\   |_|   |___| |___/ 

As user i have be able to success login(login;as-user-i-have-be-able-to-success-login)
--------------------------------------------------------------------------------
22:22:29.480 [main] DEBUG net.thucydides.core.requirements.model.cucumber.CucumberParser - Loading feature /Users/wiyanherraherviana/TaskWebTesting/src/test/resources/features/Login.feature
22:22:30.437 [main] INFO net.serenitybdd.core.webdriver.driverproviders.ChromeDriverProvider - Starting Chrome driver instance with capabilities:
22:22:30.439 [main] INFO net.serenitybdd.core.webdriver.driverproviders.ChromeDriverProvider - Capabilities {acceptInsecureCerts: false, browserName: chrome, goog:chromeOptions: {args: [remote-allow-origins=*], extensions: []}}
22:22:30.827 [main] DEBUG io.netty.util.internal.logging.InternalLoggerFactory - Using SLF4J as the default logging framework
22:22:30.829 [main] DEBUG io.netty.util.ResourceLeakDetector - -Dio.netty.leakDetection.level: simple
22:22:30.829 [main] DEBUG io.netty.util.ResourceLeakDetector - -Dio.netty.leakDetection.targetRecords: 4
22:22:30.833 [main] DEBUG io.netty.util.ResourceLeakDetectorFactory - Loaded default ResourceLeakDetector: io.netty.util.ResourceLeakDetector@2ca54da9
22:22:30.851 [main] DEBUG io.netty.util.internal.PlatformDependent0 - -Dio.netty.noUnsafe: false
22:22:30.851 [main] DEBUG io.netty.util.internal.PlatformDependent0 - Java version: 19
22:22:30.852 [main] DEBUG io.netty.util.internal.PlatformDependent0 - sun.misc.Unsafe.theUnsafe: available
22:22:30.853 [main] DEBUG io.netty.util.internal.PlatformDependent0 - sun.misc.Unsafe.copyMemory: available
22:22:30.853 [main] DEBUG io.netty.util.internal.PlatformDependent0 - sun.misc.Unsafe.storeFence: available
22:22:30.854 [main] DEBUG io.netty.util.internal.PlatformDependent0 - java.nio.Buffer.address: available
22:22:30.855 [main] DEBUG io.netty.util.internal.PlatformDependent0 - direct buffer constructor: unavailable: Reflective setAccessible(true) disabled
22:22:30.855 [main] DEBUG io.netty.util.internal.PlatformDependent0 - java.nio.Bits.unaligned: available, true
22:22:30.857 [main] DEBUG io.netty.util.internal.PlatformDependent0 - jdk.internal.misc.Unsafe.allocateUninitializedArray(int): unavailable: class io.netty.util.internal.PlatformDependent0$7 cannot access class jdk.internal.misc.Unsafe (in module java.base) because module java.base does not export jdk.internal.misc to unnamed module @4470f8a6
22:22:30.858 [main] DEBUG io.netty.util.internal.PlatformDependent0 - java.nio.DirectByteBuffer.<init>(long, int): unavailable
22:22:30.858 [main] DEBUG io.netty.util.internal.PlatformDependent - sun.misc.Unsafe: available
22:22:30.860 [main] DEBUG io.netty.util.internal.PlatformDependent - maxDirectMemory: 4294967296 bytes (maybe)
22:22:30.860 [main] DEBUG io.netty.util.internal.PlatformDependent - -Dio.netty.tmpdir: /var/folders/zg/r8j_rgh52cb8w959rfz7lh8h0000gn/T (java.io.tmpdir)
22:22:30.860 [main] DEBUG io.netty.util.internal.PlatformDependent - -Dio.netty.bitMode: 64 (sun.arch.data.model)
22:22:30.860 [main] DEBUG io.netty.util.internal.PlatformDependent - Platform: MacOS
22:22:30.861 [main] DEBUG io.netty.util.internal.PlatformDependent - -Dio.netty.maxDirectMemory: -1 bytes
22:22:30.861 [main] DEBUG io.netty.util.internal.PlatformDependent - -Dio.netty.uninitializedArrayAllocationThreshold: -1
22:22:30.862 [main] DEBUG io.netty.util.internal.CleanerJava9 - java.nio.ByteBuffer.cleaner(): available
22:22:30.862 [main] DEBUG io.netty.util.internal.PlatformDependent - -Dio.netty.noPreferDirect: false
22:22:30.874 [main] DEBUG io.netty.util.internal.PlatformDependent - org.jctools-core.MpscChunkedArrayQueue: available
22:22:30.892 [main] DEBUG io.netty.util.internal.InternalThreadLocalMap - -Dio.netty.threadLocalMap.stringBuilder.initialSize: 1024
22:22:30.892 [main] DEBUG io.netty.util.internal.InternalThreadLocalMap - -Dio.netty.threadLocalMap.stringBuilder.maxSize: 4096
22:22:31.075 [main] DEBUG io.netty.handler.ssl.JdkSslContext - Default protocols (JDK): [TLSv1.3, TLSv1.2] 
22:22:31.075 [main] DEBUG io.netty.handler.ssl.JdkSslContext - Default cipher suites (JDK): [TLS_ECDHE_ECDSA_WITH_AES_256_GCM_SHA384, TLS_ECDHE_ECDSA_WITH_AES_128_GCM_SHA256, TLS_ECDHE_RSA_WITH_AES_128_GCM_SHA256, TLS_ECDHE_RSA_WITH_AES_256_GCM_SHA384, TLS_ECDHE_RSA_WITH_AES_128_CBC_SHA, TLS_ECDHE_RSA_WITH_AES_256_CBC_SHA, TLS_RSA_WITH_AES_128_GCM_SHA256, TLS_RSA_WITH_AES_128_CBC_SHA, TLS_RSA_WITH_AES_256_CBC_SHA, TLS_AES_128_GCM_SHA256, TLS_AES_256_GCM_SHA384]
22:22:31.109 [main] DEBUG io.netty.channel.MultithreadEventLoopGroup - -Dio.netty.eventLoopThreads: 16
22:22:31.120 [main] DEBUG io.netty.channel.nio.NioEventLoop - -Dio.netty.noKeySetOptimization: false
22:22:31.120 [main] DEBUG io.netty.channel.nio.NioEventLoop - -Dio.netty.selectorAutoRebuildThreshold: 512
22:22:31.146 [main] DEBUG io.netty.buffer.PooledByteBufAllocator - -Dio.netty.allocator.numHeapArenas: 16
22:22:31.146 [main] DEBUG io.netty.buffer.PooledByteBufAllocator - -Dio.netty.allocator.numDirectArenas: 16
22:22:31.146 [main] DEBUG io.netty.buffer.PooledByteBufAllocator - -Dio.netty.allocator.pageSize: 8192
22:22:31.146 [main] DEBUG io.netty.buffer.PooledByteBufAllocator - -Dio.netty.allocator.maxOrder: 9
22:22:31.146 [main] DEBUG io.netty.buffer.PooledByteBufAllocator - -Dio.netty.allocator.chunkSize: 4194304
22:22:31.146 [main] DEBUG io.netty.buffer.PooledByteBufAllocator - -Dio.netty.allocator.smallCacheSize: 256
22:22:31.146 [main] DEBUG io.netty.buffer.PooledByteBufAllocator - -Dio.netty.allocator.normalCacheSize: 64
22:22:31.146 [main] DEBUG io.netty.buffer.PooledByteBufAllocator - -Dio.netty.allocator.maxCachedBufferCapacity: 32768
22:22:31.146 [main] DEBUG io.netty.buffer.PooledByteBufAllocator - -Dio.netty.allocator.cacheTrimInterval: 8192
22:22:31.146 [main] DEBUG io.netty.buffer.PooledByteBufAllocator - -Dio.netty.allocator.cacheTrimIntervalMillis: 0
22:22:31.146 [main] DEBUG io.netty.buffer.PooledByteBufAllocator - -Dio.netty.allocator.useCacheForAllThreads: false
22:22:31.146 [main] DEBUG io.netty.buffer.PooledByteBufAllocator - -Dio.netty.allocator.maxCachedByteBuffersPerChunk: 1023
22:22:31.157 [main] DEBUG io.netty.buffer.ByteBufUtil - -Dio.netty.allocator.type: pooled
22:22:31.158 [main] DEBUG io.netty.buffer.ByteBufUtil - -Dio.netty.threadLocalDirectBufferSize: 0
22:22:31.158 [main] DEBUG io.netty.buffer.ByteBufUtil - -Dio.netty.maxThreadLocalCharBufferSize: 16384
22:22:31.411 [Forwarding newSession on session null to remote] DEBUG io.netty.channel.DefaultChannelId - -Dio.netty.processId: 9264 (auto-detected)
22:22:31.413 [Forwarding newSession on session null to remote] DEBUG io.netty.util.NetUtil - -Djava.net.preferIPv4Stack: false
22:22:31.414 [Forwarding newSession on session null to remote] DEBUG io.netty.util.NetUtil - -Djava.net.preferIPv6Addresses: false
22:22:31.419 [Forwarding newSession on session null to remote] DEBUG io.netty.util.NetUtilInitializations - Loopback interface: lo0 (lo0, 0:0:0:0:0:0:0:1%lo0)
22:22:31.420 [Forwarding newSession on session null to remote] DEBUG io.netty.util.NetUtil - Failed to get SOMAXCONN from sysctl and file /proc/sys/net/core/somaxconn. Default: 128
22:22:31.421 [Forwarding newSession on session null to remote] DEBUG io.netty.channel.DefaultChannelId - -Dio.netty.machineId: ac:de:48:ff:fe:00:11:22 (auto-detected)
22:22:31.464 [AsyncHttpClient-1-2] DEBUG io.netty.buffer.AbstractByteBuf - -Dio.netty.buffer.checkAccessible: true
22:22:31.464 [AsyncHttpClient-1-2] DEBUG io.netty.buffer.AbstractByteBuf - -Dio.netty.buffer.checkBounds: true
22:22:31.464 [AsyncHttpClient-1-2] DEBUG io.netty.util.ResourceLeakDetectorFactory - Loaded default ResourceLeakDetector: io.netty.util.ResourceLeakDetector@14791406
22:22:31.475 [AsyncHttpClient-1-2] DEBUG org.asynchttpclient.netty.channel.NettyConnectListener - Using new Channel '[id: 0xe00d875d, L:/127.0.0.1:51149 - R:localhost/127.0.0.1:11074]' for 'POST' to '/session'
22:22:31.489 [AsyncHttpClient-1-2] DEBUG io.netty.util.Recycler - -Dio.netty.recycler.maxCapacityPerThread: 4096
22:22:31.489 [AsyncHttpClient-1-2] DEBUG io.netty.util.Recycler - -Dio.netty.recycler.ratio: 8
22:22:31.489 [AsyncHttpClient-1-2] DEBUG io.netty.util.Recycler - -Dio.netty.recycler.chunkSize: 32
22:22:31.489 [AsyncHttpClient-1-2] DEBUG io.netty.util.Recycler - -Dio.netty.recycler.blocking: false
22:22:33.179 [AsyncHttpClient-1-2] DEBUG io.netty.handler.codec.compression.Brotli - brotli4j not in the classpath; Brotli support will be unavailable.
22:22:33.179 [AsyncHttpClient-1-2] DEBUG org.asynchttpclient.netty.handler.HttpHandler - 

Request DefaultHttpRequest(decodeResult: success, version: HTTP/1.1)
POST /session HTTP/1.1
User-Agent: selenium/4.8.1 (java mac)
Content-Length: 507
Content-Type: application/json; charset=utf-8
host: localhost:11074
accept: */*

Response DefaultHttpResponse(decodeResult: success, version: HTTP/1.1)
HTTP/1.1 200 OK
Content-Length: 869
Content-Type: application/json; charset=utf-8
cache-control: no-cache

22:22:33.188 [AsyncHttpClient-1-2] DEBUG org.asynchttpclient.netty.channel.ChannelManager - Adding key: http://localhost:11074 for channel [id: 0xe00d875d, L:/127.0.0.1:51149 - R:localhost/127.0.0.1:11074]
22:22:33.278 [AsyncHttpClient-1-3] DEBUG org.asynchttpclient.netty.channel.NettyConnectListener - Using new Channel '[id: 0x020e3808, L:/127.0.0.1:51154 - R:localhost/127.0.0.1:51150]' for 'GET' to '/json/version'
22:22:33.282 [AsyncHttpClient-1-3] DEBUG org.asynchttpclient.netty.handler.HttpHandler - 

Request DefaultFullHttpRequest(decodeResult: success, version: HTTP/1.1, content: EmptyByteBufBE)
GET /json/version HTTP/1.1
User-Agent: selenium/4.8.1 (java mac)
host: localhost:51150
accept: */*

Response DefaultHttpResponse(decodeResult: success, version: HTTP/1.1)
HTTP/1.1 200 OK
Content-Security-Policy: frame-ancestors 'none'
Content-Length: 422
Content-Type: application/json; charset=UTF-8

22:22:33.283 [AsyncHttpClient-1-3] DEBUG org.asynchttpclient.netty.channel.ChannelManager - Adding key: http://localhost:51150 for channel [id: 0x020e3808, L:/127.0.0.1:51154 - R:localhost/127.0.0.1:51150]
22:22:33.284 [AsyncHttpClient-1-1] DEBUG org.asynchttpclient.netty.channel.DefaultChannelPool - Entry count for : http://localhost:51150 : 1
22:22:33.284 [AsyncHttpClient-1-1] DEBUG org.asynchttpclient.netty.channel.DefaultChannelPool - Entry count for : http://localhost:11074 : 1
22:22:33.296 [main] DEBUG io.netty.util.internal.ThreadLocalRandom - -Dio.netty.initialSeedUniquifier: 0xf038660834653bf1
22:22:33.301 [AsyncHttpClient-1-4] DEBUG org.asynchttpclient.netty.channel.NettyConnectListener - Using new Channel '[id: 0xf7123959, L:/127.0.0.1:51155 - R:localhost/127.0.0.1:51150]' for 'GET' to '/devtools/browser/3c5be029-b4f6-4408-a06b-691c0f9cea69'
22:22:33.306 [AsyncHttpClient-1-4] DEBUG org.asynchttpclient.netty.handler.WebSocketHandler - 

Request DefaultFullHttpRequest(decodeResult: success, version: HTTP/1.1, content: EmptyByteBufBE)
GET /devtools/browser/3c5be029-b4f6-4408-a06b-691c0f9cea69 HTTP/1.1
upgrade: websocket
connection: upgrade
sec-websocket-key: z4AeiRxMYXhuCClDKfkOig==
sec-websocket-version: 13
origin: http://localhost:51150
host: localhost:51150
accept: */*
user-agent: AHC/2.1

Response DefaultHttpResponse(decodeResult: success, version: HTTP/1.1)
HTTP/1.1 101 WebSocket Protocol Handshake
Upgrade: WebSocket
Connection: Upgrade
Sec-WebSocket-Accept: uWbS1zBj9VBvIDuhZV4WQaAKml8=

22:22:33.512 [Forwarding get on session bd25e94c2039419efa6dce90e0c58508 to remote] DEBUG org.asynchttpclient.netty.request.NettyRequestSender - Using pooled Channel '[id: 0xe00d875d, L:/127.0.0.1:51149 - R:localhost/127.0.0.1:11074]' for 'POST' to 'http://localhost:11074/session/bd25e94c2039419efa6dce90e0c58508/url'
22:22:33.512 [Forwarding get on session bd25e94c2039419efa6dce90e0c58508 to remote] DEBUG org.asynchttpclient.netty.request.NettyRequestSender - Using open Channel [id: 0xe00d875d, L:/127.0.0.1:51149 - R:localhost/127.0.0.1:11074] for POST '/session/bd25e94c2039419efa6dce90e0c58508/url'
22:22:34.336 [AsyncHttpClient-1-2] DEBUG org.asynchttpclient.netty.handler.HttpHandler - 

Request DefaultHttpRequest(decodeResult: success, version: HTTP/1.1)
POST /session/bd25e94c2039419efa6dce90e0c58508/url HTTP/1.1
User-Agent: selenium/4.8.1 (java mac)
Content-Length: 56
Content-Type: application/json; charset=utf-8
host: localhost:11074
accept: */*

Response DefaultHttpResponse(decodeResult: success, version: HTTP/1.1)
HTTP/1.1 200 OK
Content-Length: 14
Content-Type: application/json; charset=utf-8
cache-control: no-cache

22:22:34.337 [AsyncHttpClient-1-2] DEBUG org.asynchttpclient.netty.channel.ChannelManager - Adding key: http://localhost:11074 for channel [id: 0xe00d875d, L:/127.0.0.1:51149 - R:localhost/127.0.0.1:11074]
22:22:34.345 [Forwarding setTimeout on session bd25e94c2039419efa6dce90e0c58508 to remote] DEBUG org.asynchttpclient.netty.request.NettyRequestSender - Using pooled Channel '[id: 0xe00d875d, L:/127.0.0.1:51149 - R:localhost/127.0.0.1:11074]' for 'POST' to 'http://localhost:11074/session/bd25e94c2039419efa6dce90e0c58508/timeouts'
22:22:34.345 [Forwarding setTimeout on session bd25e94c2039419efa6dce90e0c58508 to remote] DEBUG org.asynchttpclient.netty.request.NettyRequestSender - Using open Channel [id: 0xe00d875d, L:/127.0.0.1:51149 - R:localhost/127.0.0.1:11074] for POST '/session/bd25e94c2039419efa6dce90e0c58508/timeouts'
22:22:34.346 [AsyncHttpClient-1-2] DEBUG org.asynchttpclient.netty.handler.HttpHandler - 

Request DefaultHttpRequest(decodeResult: success, version: HTTP/1.1)
POST /session/bd25e94c2039419efa6dce90e0c58508/timeouts HTTP/1.1
User-Agent: selenium/4.8.1 (java mac)
Content-Length: 22
Content-Type: application/json; charset=utf-8
host: localhost:11074
accept: */*

Response DefaultHttpResponse(decodeResult: success, version: HTTP/1.1)
HTTP/1.1 200 OK
Content-Length: 14
Content-Type: application/json; charset=utf-8
cache-control: no-cache

22:22:34.347 [AsyncHttpClient-1-2] DEBUG org.asynchttpclient.netty.channel.ChannelManager - Adding key: http://localhost:11074 for channel [id: 0xe00d875d, L:/127.0.0.1:51149 - R:localhost/127.0.0.1:11074]
22:22:34.383 [AsyncHttpClient-1-1] DEBUG org.asynchttpclient.netty.channel.DefaultChannelPool - Entry count for : http://localhost:51150 : 1
22:22:34.383 [AsyncHttpClient-1-1] DEBUG org.asynchttpclient.netty.channel.DefaultChannelPool - Entry count for : http://localhost:11074 : 1
22:22:34.393 [main] DEBUG net.serenitybdd.core.photography.Darkroom - Opening darkroom
22:22:34.395 [Darkroom Processing Line] DEBUG net.serenitybdd.core.photography.DarkroomProcessingLine - Darkroom processing line starting up
22:22:34.410 [Forwarding getAlertText on session bd25e94c2039419efa6dce90e0c58508 to remote] DEBUG org.asynchttpclient.netty.request.NettyRequestSender - Using pooled Channel '[id: 0xe00d875d, L:/127.0.0.1:51149 - R:localhost/127.0.0.1:11074]' for 'GET' to 'http://localhost:11074/session/bd25e94c2039419efa6dce90e0c58508/alert/text'
22:22:34.411 [Forwarding getAlertText on session bd25e94c2039419efa6dce90e0c58508 to remote] DEBUG org.asynchttpclient.netty.request.NettyRequestSender - Using open Channel [id: 0xe00d875d, L:/127.0.0.1:51149 - R:localhost/127.0.0.1:11074] for GET '/session/bd25e94c2039419efa6dce90e0c58508/alert/text'
22:22:34.412 [AsyncHttpClient-1-2] DEBUG org.asynchttpclient.netty.handler.HttpHandler - 

Request DefaultFullHttpRequest(decodeResult: success, version: HTTP/1.1, content: EmptyByteBufBE)
GET /session/bd25e94c2039419efa6dce90e0c58508/alert/text HTTP/1.1
User-Agent: selenium/4.8.1 (java mac)
Cache-Control: no-cache
Content-Type: application/json; charset=utf-8
host: localhost:11074
accept: */*

Response DefaultHttpResponse(decodeResult: success, version: HTTP/1.1)
HTTP/1.1 404 Not Found
Content-Length: 1763
Content-Type: application/json; charset=utf-8
cache-control: no-cache

22:22:34.413 [AsyncHttpClient-1-2] DEBUG org.asynchttpclient.netty.channel.ChannelManager - Adding key: http://localhost:11074 for channel [id: 0xe00d875d, L:/127.0.0.1:51149 - R:localhost/127.0.0.1:11074]
22:22:34.422 [Forwarding getCurrentUrl on session bd25e94c2039419efa6dce90e0c58508 to remote] DEBUG org.asynchttpclient.netty.request.NettyRequestSender - Using pooled Channel '[id: 0xe00d875d, L:/127.0.0.1:51149 - R:localhost/127.0.0.1:11074]' for 'GET' to 'http://localhost:11074/session/bd25e94c2039419efa6dce90e0c58508/url'
22:22:34.422 [Forwarding getCurrentUrl on session bd25e94c2039419efa6dce90e0c58508 to remote] DEBUG org.asynchttpclient.netty.request.NettyRequestSender - Using open Channel [id: 0xe00d875d, L:/127.0.0.1:51149 - R:localhost/127.0.0.1:11074] for GET '/session/bd25e94c2039419efa6dce90e0c58508/url'
22:22:34.426 [AsyncHttpClient-1-2] DEBUG org.asynchttpclient.netty.handler.HttpHandler - 

Request DefaultFullHttpRequest(decodeResult: success, version: HTTP/1.1, content: EmptyByteBufBE)
GET /session/bd25e94c2039419efa6dce90e0c58508/url HTTP/1.1
User-Agent: selenium/4.8.1 (java mac)
Cache-Control: no-cache
Content-Type: application/json; charset=utf-8
host: localhost:11074
accept: */*

Response DefaultHttpResponse(decodeResult: success, version: HTTP/1.1)
HTTP/1.1 200 OK
Content-Length: 38
Content-Type: application/json; charset=utf-8
cache-control: no-cache

22:22:34.426 [AsyncHttpClient-1-2] DEBUG org.asynchttpclient.netty.channel.ChannelManager - Adding key: http://localhost:11074 for channel [id: 0xe00d875d, L:/127.0.0.1:51149 - R:localhost/127.0.0.1:11074]
22:22:34.429 [Forwarding screenshot on session bd25e94c2039419efa6dce90e0c58508 to remote] DEBUG org.asynchttpclient.netty.request.NettyRequestSender - Using pooled Channel '[id: 0xe00d875d, L:/127.0.0.1:51149 - R:localhost/127.0.0.1:11074]' for 'GET' to 'http://localhost:11074/session/bd25e94c2039419efa6dce90e0c58508/screenshot'
22:22:34.429 [Forwarding screenshot on session bd25e94c2039419efa6dce90e0c58508 to remote] DEBUG org.asynchttpclient.netty.request.NettyRequestSender - Using open Channel [id: 0xe00d875d, L:/127.0.0.1:51149 - R:localhost/127.0.0.1:11074] for GET '/session/bd25e94c2039419efa6dce90e0c58508/screenshot'
22:22:34.670 [AsyncHttpClient-1-2] DEBUG org.asynchttpclient.netty.handler.HttpHandler - 

Request DefaultFullHttpRequest(decodeResult: success, version: HTTP/1.1, content: EmptyByteBufBE)
GET /session/bd25e94c2039419efa6dce90e0c58508/screenshot HTTP/1.1
User-Agent: selenium/4.8.1 (java mac)
Cache-Control: no-cache
Content-Type: application/json; charset=utf-8
host: localhost:11074
accept: */*

Response DefaultHttpResponse(decodeResult: success, version: HTTP/1.1)
HTTP/1.1 200 OK
Content-Length: 99284
Content-Type: application/json; charset=utf-8
cache-control: no-cache

22:22:34.672 [AsyncHttpClient-1-2] DEBUG org.asynchttpclient.netty.channel.ChannelManager - Adding key: http://localhost:11074 for channel [id: 0xe00d875d, L:/127.0.0.1:51149 - R:localhost/127.0.0.1:11074]
22:22:34.768 [main] DEBUG net.serenitybdd.core.photography.Darkroom - Send negative for processing for target/site/serenity/8ab2e2134025d8e0bce5b8862364738cef94d6e75aed5bcf2a2f49dd096d1787.png
22:22:34.769 [Darkroom Processing Line] DEBUG net.serenitybdd.core.photography.DarkroomProcessingLine - Processing screenshot image in /var/screenshots/screenshot-11853436007385937518
22:22:34.769 [Darkroom Processing Line] DEBUG net.serenitybdd.core.photography.DarkroomProcessingLine - Saving screenshot to target/site/serenity/8ab2e2134025d8e0bce5b8862364738cef94d6e75aed5bcf2a2f49dd096d1787.png
22:22:34.774 [Forwarding getPageSource on session bd25e94c2039419efa6dce90e0c58508 to remote] DEBUG org.asynchttpclient.netty.request.NettyRequestSender - Using pooled Channel '[id: 0xe00d875d, L:/127.0.0.1:51149 - R:localhost/127.0.0.1:11074]' for 'POST' to 'http://localhost:11074/session/bd25e94c2039419efa6dce90e0c58508/execute/sync'
22:22:34.775 [Forwarding getPageSource on session bd25e94c2039419efa6dce90e0c58508 to remote] DEBUG org.asynchttpclient.netty.request.NettyRequestSender - Using open Channel [id: 0xe00d875d, L:/127.0.0.1:51149 - R:localhost/127.0.0.1:11074] for POST '/session/bd25e94c2039419efa6dce90e0c58508/execute/sync'
22:22:34.780 [AsyncHttpClient-1-2] DEBUG org.asynchttpclient.netty.handler.HttpHandler - 

Request DefaultHttpRequest(decodeResult: success, version: HTTP/1.1)
POST /session/bd25e94c2039419efa6dce90e0c58508/execute/sync HTTP/1.1
User-Agent: selenium/4.8.1 (java mac)
Content-Length: 176
Content-Type: application/json; charset=utf-8
host: localhost:11074
accept: */*

Response DefaultHttpResponse(decodeResult: success, version: HTTP/1.1)
HTTP/1.1 200 OK
Content-Length: 4286
Content-Type: application/json; charset=utf-8
cache-control: no-cache

22:22:34.780 [AsyncHttpClient-1-2] DEBUG org.asynchttpclient.netty.channel.ChannelManager - Adding key: http://localhost:11074 for channel [id: 0xe00d875d, L:/127.0.0.1:51149 - R:localhost/127.0.0.1:11074]
22:22:34.842 [Forwarding getCurrentUrl on session bd25e94c2039419efa6dce90e0c58508 to remote] DEBUG org.asynchttpclient.netty.request.NettyRequestSender - Using pooled Channel '[id: 0xe00d875d, L:/127.0.0.1:51149 - R:localhost/127.0.0.1:11074]' for 'GET' to 'http://localhost:11074/session/bd25e94c2039419efa6dce90e0c58508/url'
22:22:34.842 [Forwarding getCurrentUrl on session bd25e94c2039419efa6dce90e0c58508 to remote] DEBUG org.asynchttpclient.netty.request.NettyRequestSender - Using open Channel [id: 0xe00d875d, L:/127.0.0.1:51149 - R:localhost/127.0.0.1:11074] for GET '/session/bd25e94c2039419efa6dce90e0c58508/url'
22:22:34.846 [AsyncHttpClient-1-2] DEBUG org.asynchttpclient.netty.handler.HttpHandler - 

Request DefaultFullHttpRequest(decodeResult: success, version: HTTP/1.1, content: EmptyByteBufBE)
GET /session/bd25e94c2039419efa6dce90e0c58508/url HTTP/1.1
User-Agent: selenium/4.8.1 (java mac)
Cache-Control: no-cache
Content-Type: application/json; charset=utf-8
host: localhost:11074
accept: */*

Response DefaultHttpResponse(decodeResult: success, version: HTTP/1.1)
HTTP/1.1 200 OK
Content-Length: 38
Content-Type: application/json; charset=utf-8
cache-control: no-cache

22:22:34.846 [AsyncHttpClient-1-2] DEBUG org.asynchttpclient.netty.channel.ChannelManager - Adding key: http://localhost:11074 for channel [id: 0xe00d875d, L:/127.0.0.1:51149 - R:localhost/127.0.0.1:11074]
22:22:34.849 [main] DEBUG net.thucydides.core.steps.StepInterceptor - STARTING STEP: LoginSteps.ontheLoginPage - validateOnLoginPage
22:22:34.861 [Forwarding findElement on session bd25e94c2039419efa6dce90e0c58508 to remote] DEBUG org.asynchttpclient.netty.request.NettyRequestSender - Using pooled Channel '[id: 0xe00d875d, L:/127.0.0.1:51149 - R:localhost/127.0.0.1:11074]' for 'POST' to 'http://localhost:11074/session/bd25e94c2039419efa6dce90e0c58508/element'
22:22:34.861 [Forwarding findElement on session bd25e94c2039419efa6dce90e0c58508 to remote] DEBUG org.asynchttpclient.netty.request.NettyRequestSender - Using open Channel [id: 0xe00d875d, L:/127.0.0.1:51149 - R:localhost/127.0.0.1:11074] for POST '/session/bd25e94c2039419efa6dce90e0c58508/element'
22:22:34.871 [AsyncHttpClient-1-2] DEBUG org.asynchttpclient.netty.handler.HttpHandler - 

Request DefaultHttpRequest(decodeResult: success, version: HTTP/1.1)
POST /session/bd25e94c2039419efa6dce90e0c58508/element HTTP/1.1
User-Agent: selenium/4.8.1 (java mac)
Content-Length: 59
Content-Type: application/json; charset=utf-8
host: localhost:11074
accept: */*

Response DefaultHttpResponse(decodeResult: success, version: HTTP/1.1)
HTTP/1.1 200 OK
Content-Length: 88
Content-Type: application/json; charset=utf-8
cache-control: no-cache

22:22:34.871 [AsyncHttpClient-1-2] DEBUG org.asynchttpclient.netty.channel.ChannelManager - Adding key: http://localhost:11074 for channel [id: 0xe00d875d, L:/127.0.0.1:51149 - R:localhost/127.0.0.1:11074]
22:22:34.882 [Forwarding isElementDisplayed on session bd25e94c2039419efa6dce90e0c58508 to remote] DEBUG org.asynchttpclient.netty.request.NettyRequestSender - Using pooled Channel '[id: 0xe00d875d, L:/127.0.0.1:51149 - R:localhost/127.0.0.1:11074]' for 'POST' to 'http://localhost:11074/session/bd25e94c2039419efa6dce90e0c58508/execute/sync'
22:22:34.882 [Forwarding isElementDisplayed on session bd25e94c2039419efa6dce90e0c58508 to remote] DEBUG org.asynchttpclient.netty.request.NettyRequestSender - Using open Channel [id: 0xe00d875d, L:/127.0.0.1:51149 - R:localhost/127.0.0.1:11074] for POST '/session/bd25e94c2039419efa6dce90e0c58508/execute/sync'
22:22:34.896 [AsyncHttpClient-1-2] DEBUG org.asynchttpclient.netty.handler.HttpHandler - 

Request DefaultHttpRequest(decodeResult: success, version: HTTP/1.1)
POST /session/bd25e94c2039419efa6dce90e0c58508/execute/sync HTTP/1.1
User-Agent: selenium/4.8.1 (java mac)
Content-Length: 48807
Content-Type: application/json; charset=utf-8
host: localhost:11074
accept: */*

Response DefaultHttpResponse(decodeResult: success, version: HTTP/1.1)
HTTP/1.1 200 OK
Content-Length: 14
Content-Type: application/json; charset=utf-8
cache-control: no-cache

22:22:34.896 [AsyncHttpClient-1-2] DEBUG org.asynchttpclient.netty.channel.ChannelManager - Adding key: http://localhost:11074 for channel [id: 0xe00d875d, L:/127.0.0.1:51149 - R:localhost/127.0.0.1:11074]
22:22:34.905 [Forwarding getAlertText on session bd25e94c2039419efa6dce90e0c58508 to remote] DEBUG org.asynchttpclient.netty.request.NettyRequestSender - Using pooled Channel '[id: 0xe00d875d, L:/127.0.0.1:51149 - R:localhost/127.0.0.1:11074]' for 'GET' to 'http://localhost:11074/session/bd25e94c2039419efa6dce90e0c58508/alert/text'
22:22:34.905 [Forwarding getAlertText on session bd25e94c2039419efa6dce90e0c58508 to remote] DEBUG org.asynchttpclient.netty.request.NettyRequestSender - Using open Channel [id: 0xe00d875d, L:/127.0.0.1:51149 - R:localhost/127.0.0.1:11074] for GET '/session/bd25e94c2039419efa6dce90e0c58508/alert/text'
22:22:34.907 [AsyncHttpClient-1-2] DEBUG org.asynchttpclient.netty.handler.HttpHandler - 

Request DefaultFullHttpRequest(decodeResult: success, version: HTTP/1.1, content: EmptyByteBufBE)
GET /session/bd25e94c2039419efa6dce90e0c58508/alert/text HTTP/1.1
User-Agent: selenium/4.8.1 (java mac)
Cache-Control: no-cache
Content-Type: application/json; charset=utf-8
host: localhost:11074
accept: */*

Response DefaultHttpResponse(decodeResult: success, version: HTTP/1.1)
HTTP/1.1 404 Not Found
Content-Length: 1763
Content-Type: application/json; charset=utf-8
cache-control: no-cache

22:22:34.907 [AsyncHttpClient-1-2] DEBUG org.asynchttpclient.netty.channel.ChannelManager - Adding key: http://localhost:11074 for channel [id: 0xe00d875d, L:/127.0.0.1:51149 - R:localhost/127.0.0.1:11074]
22:22:34.909 [Forwarding getCurrentUrl on session bd25e94c2039419efa6dce90e0c58508 to remote] DEBUG org.asynchttpclient.netty.request.NettyRequestSender - Using pooled Channel '[id: 0xe00d875d, L:/127.0.0.1:51149 - R:localhost/127.0.0.1:11074]' for 'GET' to 'http://localhost:11074/session/bd25e94c2039419efa6dce90e0c58508/url'
22:22:34.910 [Forwarding getCurrentUrl on session bd25e94c2039419efa6dce90e0c58508 to remote] DEBUG org.asynchttpclient.netty.request.NettyRequestSender - Using open Channel [id: 0xe00d875d, L:/127.0.0.1:51149 - R:localhost/127.0.0.1:11074] for GET '/session/bd25e94c2039419efa6dce90e0c58508/url'
22:22:34.913 [AsyncHttpClient-1-2] DEBUG org.asynchttpclient.netty.handler.HttpHandler - 

Request DefaultFullHttpRequest(decodeResult: success, version: HTTP/1.1, content: EmptyByteBufBE)
GET /session/bd25e94c2039419efa6dce90e0c58508/url HTTP/1.1
User-Agent: selenium/4.8.1 (java mac)
Cache-Control: no-cache
Content-Type: application/json; charset=utf-8
host: localhost:11074
accept: */*

Response DefaultHttpResponse(decodeResult: success, version: HTTP/1.1)
HTTP/1.1 200 OK
Content-Length: 38
Content-Type: application/json; charset=utf-8
cache-control: no-cache

22:22:34.913 [AsyncHttpClient-1-2] DEBUG org.asynchttpclient.netty.channel.ChannelManager - Adding key: http://localhost:11074 for channel [id: 0xe00d875d, L:/127.0.0.1:51149 - R:localhost/127.0.0.1:11074]
22:22:34.915 [Forwarding screenshot on session bd25e94c2039419efa6dce90e0c58508 to remote] DEBUG org.asynchttpclient.netty.request.NettyRequestSender - Using pooled Channel '[id: 0xe00d875d, L:/127.0.0.1:51149 - R:localhost/127.0.0.1:11074]' for 'GET' to 'http://localhost:11074/session/bd25e94c2039419efa6dce90e0c58508/screenshot'
22:22:34.915 [Forwarding screenshot on session bd25e94c2039419efa6dce90e0c58508 to remote] DEBUG org.asynchttpclient.netty.request.NettyRequestSender - Using open Channel [id: 0xe00d875d, L:/127.0.0.1:51149 - R:localhost/127.0.0.1:11074] for GET '/session/bd25e94c2039419efa6dce90e0c58508/screenshot'
22:22:35.149 [AsyncHttpClient-1-2] DEBUG org.asynchttpclient.netty.handler.HttpHandler - 

Request DefaultFullHttpRequest(decodeResult: success, version: HTTP/1.1, content: EmptyByteBufBE)
GET /session/bd25e94c2039419efa6dce90e0c58508/screenshot HTTP/1.1
User-Agent: selenium/4.8.1 (java mac)
Cache-Control: no-cache
Content-Type: application/json; charset=utf-8
host: localhost:11074
accept: */*

Response DefaultHttpResponse(decodeResult: success, version: HTTP/1.1)
HTTP/1.1 200 OK
Content-Length: 99284
Content-Type: application/json; charset=utf-8
cache-control: no-cache

22:22:35.150 [AsyncHttpClient-1-2] DEBUG org.asynchttpclient.netty.channel.ChannelManager - Adding key: http://localhost:11074 for channel [id: 0xe00d875d, L:/127.0.0.1:51149 - R:localhost/127.0.0.1:11074]
22:22:35.158 [main] DEBUG net.serenitybdd.core.photography.Darkroom - Send negative for processing for target/site/serenity/8ab2e2134025d8e0bce5b8862364738cef94d6e75aed5bcf2a2f49dd096d1787.png
22:22:35.159 [main] DEBUG net.thucydides.core.steps.StepInterceptor - STEP DONE: validateOnLoginPage
  &amp#27;[32mGiven &amp#27;[0m&amp#27;[32mI am on the login page&amp#27;[0m                    &amp#27;[90m# starter.stepdefinitions.LoginSteps.ontheLoginPage()&amp#27;[0m
22:22:35.174 [Forwarding getPageSource on session bd25e94c2039419efa6dce90e0c58508 to remote] DEBUG org.asynchttpclient.netty.request.NettyRequestSender - Using pooled Channel '[id: 0xe00d875d, L:/127.0.0.1:51149 - R:localhost/127.0.0.1:11074]' for 'POST' to 'http://localhost:11074/session/bd25e94c2039419efa6dce90e0c58508/execute/sync'
22:22:35.174 [Forwarding getPageSource on session bd25e94c2039419efa6dce90e0c58508 to remote] DEBUG org.asynchttpclient.netty.request.NettyRequestSender - Using open Channel [id: 0xe00d875d, L:/127.0.0.1:51149 - R:localhost/127.0.0.1:11074] for POST '/session/bd25e94c2039419efa6dce90e0c58508/execute/sync'
22:22:35.178 [AsyncHttpClient-1-2] DEBUG org.asynchttpclient.netty.handler.HttpHandler - 

Request DefaultHttpRequest(decodeResult: success, version: HTTP/1.1)
POST /session/bd25e94c2039419efa6dce90e0c58508/execute/sync HTTP/1.1
User-Agent: selenium/4.8.1 (java mac)
Content-Length: 176
Content-Type: application/json; charset=utf-8
host: localhost:11074
accept: */*

Response DefaultHttpResponse(decodeResult: success, version: HTTP/1.1)
HTTP/1.1 200 OK
Content-Length: 4286
Content-Type: application/json; charset=utf-8
cache-control: no-cache

22:22:35.179 [AsyncHttpClient-1-2] DEBUG org.asynchttpclient.netty.channel.ChannelManager - Adding key: http://localhost:11074 for channel [id: 0xe00d875d, L:/127.0.0.1:51149 - R:localhost/127.0.0.1:11074]
22:22:35.183 [Forwarding getCurrentUrl on session bd25e94c2039419efa6dce90e0c58508 to remote] DEBUG org.asynchttpclient.netty.request.NettyRequestSender - Using pooled Channel '[id: 0xe00d875d, L:/127.0.0.1:51149 - R:localhost/127.0.0.1:11074]' for 'GET' to 'http://localhost:11074/session/bd25e94c2039419efa6dce90e0c58508/url'
22:22:35.183 [Forwarding getCurrentUrl on session bd25e94c2039419efa6dce90e0c58508 to remote] DEBUG org.asynchttpclient.netty.request.NettyRequestSender - Using open Channel [id: 0xe00d875d, L:/127.0.0.1:51149 - R:localhost/127.0.0.1:11074] for GET '/session/bd25e94c2039419efa6dce90e0c58508/url'
22:22:35.186 [AsyncHttpClient-1-2] DEBUG org.asynchttpclient.netty.handler.HttpHandler - 

Request DefaultFullHttpRequest(decodeResult: success, version: HTTP/1.1, content: EmptyByteBufBE)
GET /session/bd25e94c2039419efa6dce90e0c58508/url HTTP/1.1
User-Agent: selenium/4.8.1 (java mac)
Cache-Control: no-cache
Content-Type: application/json; charset=utf-8
host: localhost:11074
accept: */*

Response DefaultHttpResponse(decodeResult: success, version: HTTP/1.1)
HTTP/1.1 200 OK
Content-Length: 38
Content-Type: application/json; charset=utf-8
cache-control: no-cache

22:22:35.187 [AsyncHttpClient-1-2] DEBUG org.asynchttpclient.netty.channel.ChannelManager - Adding key: http://localhost:11074 for channel [id: 0xe00d875d, L:/127.0.0.1:51149 - R:localhost/127.0.0.1:11074]
22:22:35.198 [Forwarding getPageSource on session bd25e94c2039419efa6dce90e0c58508 to remote] DEBUG org.asynchttpclient.netty.request.NettyRequestSender - Using pooled Channel '[id: 0xe00d875d, L:/127.0.0.1:51149 - R:localhost/127.0.0.1:11074]' for 'POST' to 'http://localhost:11074/session/bd25e94c2039419efa6dce90e0c58508/execute/sync'
22:22:35.198 [Forwarding getPageSource on session bd25e94c2039419efa6dce90e0c58508 to remote] DEBUG org.asynchttpclient.netty.request.NettyRequestSender - Using open Channel [id: 0xe00d875d, L:/127.0.0.1:51149 - R:localhost/127.0.0.1:11074] for POST '/session/bd25e94c2039419efa6dce90e0c58508/execute/sync'
22:22:35.202 [AsyncHttpClient-1-2] DEBUG org.asynchttpclient.netty.handler.HttpHandler - 

Request DefaultHttpRequest(decodeResult: success, version: HTTP/1.1)
POST /session/bd25e94c2039419efa6dce90e0c58508/execute/sync HTTP/1.1
User-Agent: selenium/4.8.1 (java mac)
Content-Length: 176
Content-Type: application/json; charset=utf-8
host: localhost:11074
accept: */*

Response DefaultHttpResponse(decodeResult: success, version: HTTP/1.1)
HTTP/1.1 200 OK
Content-Length: 4286
Content-Type: application/json; charset=utf-8
cache-control: no-cache

22:22:35.202 [AsyncHttpClient-1-2] DEBUG org.asynchttpclient.netty.channel.ChannelManager - Adding key: http://localhost:11074 for channel [id: 0xe00d875d, L:/127.0.0.1:51149 - R:localhost/127.0.0.1:11074]
22:22:35.206 [Forwarding getCurrentUrl on session bd25e94c2039419efa6dce90e0c58508 to remote] DEBUG org.asynchttpclient.netty.request.NettyRequestSender - Using pooled Channel '[id: 0xe00d875d, L:/127.0.0.1:51149 - R:localhost/127.0.0.1:11074]' for 'GET' to 'http://localhost:11074/session/bd25e94c2039419efa6dce90e0c58508/url'
22:22:35.206 [Forwarding getCurrentUrl on session bd25e94c2039419efa6dce90e0c58508 to remote] DEBUG org.asynchttpclient.netty.request.NettyRequestSender - Using open Channel [id: 0xe00d875d, L:/127.0.0.1:51149 - R:localhost/127.0.0.1:11074] for GET '/session/bd25e94c2039419efa6dce90e0c58508/url'
22:22:35.210 [AsyncHttpClient-1-2] DEBUG org.asynchttpclient.netty.handler.HttpHandler - 

Request DefaultFullHttpRequest(decodeResult: success, version: HTTP/1.1, content: EmptyByteBufBE)
GET /session/bd25e94c2039419efa6dce90e0c58508/url HTTP/1.1
User-Agent: selenium/4.8.1 (java mac)
Cache-Control: no-cache
Content-Type: application/json; charset=utf-8
host: localhost:11074
accept: */*

Response DefaultHttpResponse(decodeResult: success, version: HTTP/1.1)
HTTP/1.1 200 OK
Content-Length: 38
Content-Type: application/json; charset=utf-8
cache-control: no-cache

22:22:35.210 [AsyncHttpClient-1-2] DEBUG org.asynchttpclient.netty.channel.ChannelManager - Adding key: http://localhost:11074 for channel [id: 0xe00d875d, L:/127.0.0.1:51149 - R:localhost/127.0.0.1:11074]
22:22:35.212 [main] DEBUG net.thucydides.core.steps.StepInterceptor - STARTING STEP: LoginSteps.enterValidUsername - inputUsername
22:22:35.221 [Forwarding findElement on session bd25e94c2039419efa6dce90e0c58508 to remote] DEBUG org.asynchttpclient.netty.request.NettyRequestSender - Using pooled Channel '[id: 0xe00d875d, L:/127.0.0.1:51149 - R:localhost/127.0.0.1:11074]' for 'POST' to 'http://localhost:11074/session/bd25e94c2039419efa6dce90e0c58508/element'
22:22:35.221 [Forwarding findElement on session bd25e94c2039419efa6dce90e0c58508 to remote] DEBUG org.asynchttpclient.netty.request.NettyRequestSender - Using open Channel [id: 0xe00d875d, L:/127.0.0.1:51149 - R:localhost/127.0.0.1:11074] for POST '/session/bd25e94c2039419efa6dce90e0c58508/element'
22:22:35.232 [AsyncHttpClient-1-2] DEBUG org.asynchttpclient.netty.handler.HttpHandler - 

Request DefaultHttpRequest(decodeResult: success, version: HTTP/1.1)
POST /session/bd25e94c2039419efa6dce90e0c58508/element HTTP/1.1
User-Agent: selenium/4.8.1 (java mac)
Content-Length: 56
Content-Type: application/json; charset=utf-8
host: localhost:11074
accept: */*

Response DefaultHttpResponse(decodeResult: success, version: HTTP/1.1)
HTTP/1.1 200 OK
Content-Length: 88
Content-Type: application/json; charset=utf-8
cache-control: no-cache

22:22:35.232 [AsyncHttpClient-1-2] DEBUG org.asynchttpclient.netty.channel.ChannelManager - Adding key: http://localhost:11074 for channel [id: 0xe00d875d, L:/127.0.0.1:51149 - R:localhost/127.0.0.1:11074]
22:22:35.238 [Forwarding clearElement on session bd25e94c2039419efa6dce90e0c58508 to remote] DEBUG org.asynchttpclient.netty.request.NettyRequestSender - Using pooled Channel '[id: 0xe00d875d, L:/127.0.0.1:51149 - R:localhost/127.0.0.1:11074]' for 'POST' to 'http://localhost:11074/session/bd25e94c2039419efa6dce90e0c58508/element/94261ee5-5b61-401d-8e70-b94ee75a7f1e/clear'
22:22:35.239 [Forwarding clearElement on session bd25e94c2039419efa6dce90e0c58508 to remote] DEBUG org.asynchttpclient.netty.request.NettyRequestSender - Using open Channel [id: 0xe00d875d, L:/127.0.0.1:51149 - R:localhost/127.0.0.1:11074] for POST '/session/bd25e94c2039419efa6dce90e0c58508/element/94261ee5-5b61-401d-8e70-b94ee75a7f1e/clear'
22:22:35.263 [AsyncHttpClient-1-2] DEBUG org.asynchttpclient.netty.handler.HttpHandler - 

Request DefaultHttpRequest(decodeResult: success, version: HTTP/1.1)
POST /session/bd25e94c2039419efa6dce90e0c58508/element/94261ee5-5b61-401d-8e70-b94ee75a7f1e/clear HTTP/1.1
User-Agent: selenium/4.8.1 (java mac)
Content-Length: 50
Content-Type: application/json; charset=utf-8
host: localhost:11074
accept: */*

Response DefaultHttpResponse(decodeResult: success, version: HTTP/1.1)
HTTP/1.1 200 OK
Content-Length: 14
Content-Type: application/json; charset=utf-8
cache-control: no-cache

22:22:35.264 [AsyncHttpClient-1-2] DEBUG org.asynchttpclient.netty.channel.ChannelManager - Adding key: http://localhost:11074 for channel [id: 0xe00d875d, L:/127.0.0.1:51149 - R:localhost/127.0.0.1:11074]
22:22:35.270 [Forwarding sendKeysToElement on session bd25e94c2039419efa6dce90e0c58508 to remote] DEBUG org.asynchttpclient.netty.request.NettyRequestSender - Using pooled Channel '[id: 0xe00d875d, L:/127.0.0.1:51149 - R:localhost/127.0.0.1:11074]' for 'POST' to 'http://localhost:11074/session/bd25e94c2039419efa6dce90e0c58508/element/94261ee5-5b61-401d-8e70-b94ee75a7f1e/value'
22:22:35.270 [Forwarding sendKeysToElement on session bd25e94c2039419efa6dce90e0c58508 to remote] DEBUG org.asynchttpclient.netty.request.NettyRequestSender - Using open Channel [id: 0xe00d875d, L:/127.0.0.1:51149 - R:localhost/127.0.0.1:11074] for POST '/session/bd25e94c2039419efa6dce90e0c58508/element/94261ee5-5b61-401d-8e70-b94ee75a7f1e/value'
22:22:35.444 [AsyncHttpClient-1-2] DEBUG org.asynchttpclient.netty.handler.HttpHandler - 

Request DefaultHttpRequest(decodeResult: success, version: HTTP/1.1)
POST /session/bd25e94c2039419efa6dce90e0c58508/element/94261ee5-5b61-401d-8e70-b94ee75a7f1e/value HTTP/1.1
User-Agent: selenium/4.8.1 (java mac)
Content-Length: 211
Content-Type: application/json; charset=utf-8
host: localhost:11074
accept: */*

Response DefaultHttpResponse(decodeResult: success, version: HTTP/1.1)
HTTP/1.1 200 OK
Content-Length: 14
Content-Type: application/json; charset=utf-8
cache-control: no-cache

22:22:35.444 [AsyncHttpClient-1-2] DEBUG org.asynchttpclient.netty.channel.ChannelManager - Adding key: http://localhost:11074 for channel [id: 0xe00d875d, L:/127.0.0.1:51149 - R:localhost/127.0.0.1:11074]
22:22:35.457 [Forwarding getAlertText on session bd25e94c2039419efa6dce90e0c58508 to remote] DEBUG org.asynchttpclient.netty.request.NettyRequestSender - Using pooled Channel '[id: 0xe00d875d, L:/127.0.0.1:51149 - R:localhost/127.0.0.1:11074]' for 'GET' to 'http://localhost:11074/session/bd25e94c2039419efa6dce90e0c58508/alert/text'
22:22:35.457 [Forwarding getAlertText on session bd25e94c2039419efa6dce90e0c58508 to remote] DEBUG org.asynchttpclient.netty.request.NettyRequestSender - Using open Channel [id: 0xe00d875d, L:/127.0.0.1:51149 - R:localhost/127.0.0.1:11074] for GET '/session/bd25e94c2039419efa6dce90e0c58508/alert/text'
22:22:35.459 [AsyncHttpClient-1-2] DEBUG org.asynchttpclient.netty.handler.HttpHandler - 

Request DefaultFullHttpRequest(decodeResult: success, version: HTTP/1.1, content: EmptyByteBufBE)
GET /session/bd25e94c2039419efa6dce90e0c58508/alert/text HTTP/1.1
User-Agent: selenium/4.8.1 (java mac)
Cache-Control: no-cache
Content-Type: application/json; charset=utf-8
host: localhost:11074
accept: */*

Response DefaultHttpResponse(decodeResult: success, version: HTTP/1.1)
HTTP/1.1 404 Not Found
Content-Length: 1763
Content-Type: application/json; charset=utf-8
cache-control: no-cache

22:22:35.459 [AsyncHttpClient-1-2] DEBUG org.asynchttpclient.netty.channel.ChannelManager - Adding key: http://localhost:11074 for channel [id: 0xe00d875d, L:/127.0.0.1:51149 - R:localhost/127.0.0.1:11074]
22:22:35.462 [Forwarding getCurrentUrl on session bd25e94c2039419efa6dce90e0c58508 to remote] DEBUG org.asynchttpclient.netty.request.NettyRequestSender - Using pooled Channel '[id: 0xe00d875d, L:/127.0.0.1:51149 - R:localhost/127.0.0.1:11074]' for 'GET' to 'http://localhost:11074/session/bd25e94c2039419efa6dce90e0c58508/url'
22:22:35.462 [Forwarding getCurrentUrl on session bd25e94c2039419efa6dce90e0c58508 to remote] DEBUG org.asynchttpclient.netty.request.NettyRequestSender - Using open Channel [id: 0xe00d875d, L:/127.0.0.1:51149 - R:localhost/127.0.0.1:11074] for GET '/session/bd25e94c2039419efa6dce90e0c58508/url'
22:22:35.467 [AsyncHttpClient-1-2] DEBUG org.asynchttpclient.netty.handler.HttpHandler - 

Request DefaultFullHttpRequest(decodeResult: success, version: HTTP/1.1, content: EmptyByteBufBE)
GET /session/bd25e94c2039419efa6dce90e0c58508/url HTTP/1.1
User-Agent: selenium/4.8.1 (java mac)
Cache-Control: no-cache
Content-Type: application/json; charset=utf-8
host: localhost:11074
accept: */*

Response DefaultHttpResponse(decodeResult: success, version: HTTP/1.1)
HTTP/1.1 200 OK
Content-Length: 38
Content-Type: application/json; charset=utf-8
cache-control: no-cache

22:22:35.467 [AsyncHttpClient-1-2] DEBUG org.asynchttpclient.netty.channel.ChannelManager - Adding key: http://localhost:11074 for channel [id: 0xe00d875d, L:/127.0.0.1:51149 - R:localhost/127.0.0.1:11074]
22:22:35.469 [Forwarding screenshot on session bd25e94c2039419efa6dce90e0c58508 to remote] DEBUG org.asynchttpclient.netty.request.NettyRequestSender - Using pooled Channel '[id: 0xe00d875d, L:/127.0.0.1:51149 - R:localhost/127.0.0.1:11074]' for 'GET' to 'http://localhost:11074/session/bd25e94c2039419efa6dce90e0c58508/screenshot'
22:22:35.469 [Forwarding screenshot on session bd25e94c2039419efa6dce90e0c58508 to remote] DEBUG org.asynchttpclient.netty.request.NettyRequestSender - Using open Channel [id: 0xe00d875d, L:/127.0.0.1:51149 - R:localhost/127.0.0.1:11074] for GET '/session/bd25e94c2039419efa6dce90e0c58508/screenshot'
22:22:35.483 [AsyncHttpClient-1-1] DEBUG org.asynchttpclient.netty.channel.DefaultChannelPool - Entry count for : http://localhost:51150 : 1
22:22:35.709 [AsyncHttpClient-1-2] DEBUG org.asynchttpclient.netty.handler.HttpHandler - 

Request DefaultFullHttpRequest(decodeResult: success, version: HTTP/1.1, content: EmptyByteBufBE)
GET /session/bd25e94c2039419efa6dce90e0c58508/screenshot HTTP/1.1
User-Agent: selenium/4.8.1 (java mac)
Cache-Control: no-cache
Content-Type: application/json; charset=utf-8
host: localhost:11074
accept: */*

Response DefaultHttpResponse(decodeResult: success, version: HTTP/1.1)
HTTP/1.1 200 OK
Content-Length: 101520
Content-Type: application/json; charset=utf-8
cache-control: no-cache

22:22:35.711 [AsyncHttpClient-1-2] DEBUG org.asynchttpclient.netty.channel.ChannelManager - Adding key: http://localhost:11074 for channel [id: 0xe00d875d, L:/127.0.0.1:51149 - R:localhost/127.0.0.1:11074]
22:22:35.717 [main] DEBUG net.serenitybdd.core.photography.Darkroom - Send negative for processing for target/site/serenity/222288e35399e918506bacaabd60c4df3044a0c7feb859a8c523b49f092dd4e5.png
22:22:35.717 [Darkroom Processing Line] DEBUG net.serenitybdd.core.photography.DarkroomProcessingLine - Processing screenshot image in /var/screenshots/screenshot-17530439935546902938
22:22:35.717 [Darkroom Processing Line] DEBUG net.serenitybdd.core.photography.DarkroomProcessingLine - Saving screenshot to target/site/serenity/222288e35399e918506bacaabd60c4df3044a0c7feb859a8c523b49f092dd4e5.png
22:22:35.718 [main] DEBUG net.thucydides.core.steps.StepInterceptor - STEP DONE: inputUsername
  &amp#27;[32mWhen &amp#27;[0m&amp#27;[32mI enter valid username&amp#27;[0m                     &amp#27;[90m# starter.stepdefinitions.LoginSteps.enterValidUsername()&amp#27;[0m
22:22:35.728 [Forwarding getPageSource on session bd25e94c2039419efa6dce90e0c58508 to remote] DEBUG org.asynchttpclient.netty.request.NettyRequestSender - Using pooled Channel '[id: 0xe00d875d, L:/127.0.0.1:51149 - R:localhost/127.0.0.1:11074]' for 'POST' to 'http://localhost:11074/session/bd25e94c2039419efa6dce90e0c58508/execute/sync'
22:22:35.728 [Forwarding getPageSource on session bd25e94c2039419efa6dce90e0c58508 to remote] DEBUG org.asynchttpclient.netty.request.NettyRequestSender - Using open Channel [id: 0xe00d875d, L:/127.0.0.1:51149 - R:localhost/127.0.0.1:11074] for POST '/session/bd25e94c2039419efa6dce90e0c58508/execute/sync'
22:22:35.732 [AsyncHttpClient-1-2] DEBUG org.asynchttpclient.netty.handler.HttpHandler - 

Request DefaultHttpRequest(decodeResult: success, version: HTTP/1.1)
POST /session/bd25e94c2039419efa6dce90e0c58508/execute/sync HTTP/1.1
User-Agent: selenium/4.8.1 (java mac)
Content-Length: 176
Content-Type: application/json; charset=utf-8
host: localhost:11074
accept: */*

Response DefaultHttpResponse(decodeResult: success, version: HTTP/1.1)
HTTP/1.1 200 OK
Content-Length: 4299
Content-Type: application/json; charset=utf-8
cache-control: no-cache

22:22:35.733 [AsyncHttpClient-1-2] DEBUG org.asynchttpclient.netty.channel.ChannelManager - Adding key: http://localhost:11074 for channel [id: 0xe00d875d, L:/127.0.0.1:51149 - R:localhost/127.0.0.1:11074]
22:22:35.736 [Forwarding getCurrentUrl on session bd25e94c2039419efa6dce90e0c58508 to remote] DEBUG org.asynchttpclient.netty.request.NettyRequestSender - Using pooled Channel '[id: 0xe00d875d, L:/127.0.0.1:51149 - R:localhost/127.0.0.1:11074]' for 'GET' to 'http://localhost:11074/session/bd25e94c2039419efa6dce90e0c58508/url'
22:22:35.736 [Forwarding getCurrentUrl on session bd25e94c2039419efa6dce90e0c58508 to remote] DEBUG org.asynchttpclient.netty.request.NettyRequestSender - Using open Channel [id: 0xe00d875d, L:/127.0.0.1:51149 - R:localhost/127.0.0.1:11074] for GET '/session/bd25e94c2039419efa6dce90e0c58508/url'
22:22:35.740 [AsyncHttpClient-1-2] DEBUG org.asynchttpclient.netty.handler.HttpHandler - 

Request DefaultFullHttpRequest(decodeResult: success, version: HTTP/1.1, content: EmptyByteBufBE)
GET /session/bd25e94c2039419efa6dce90e0c58508/url HTTP/1.1
User-Agent: selenium/4.8.1 (java mac)
Cache-Control: no-cache
Content-Type: application/json; charset=utf-8
host: localhost:11074
accept: */*

Response DefaultHttpResponse(decodeResult: success, version: HTTP/1.1)
HTTP/1.1 200 OK
Content-Length: 38
Content-Type: application/json; charset=utf-8
cache-control: no-cache

22:22:35.741 [AsyncHttpClient-1-2] DEBUG org.asynchttpclient.netty.channel.ChannelManager - Adding key: http://localhost:11074 for channel [id: 0xe00d875d, L:/127.0.0.1:51149 - R:localhost/127.0.0.1:11074]
22:22:35.753 [Forwarding getPageSource on session bd25e94c2039419efa6dce90e0c58508 to remote] DEBUG org.asynchttpclient.netty.request.NettyRequestSender - Using pooled Channel '[id: 0xe00d875d, L:/127.0.0.1:51149 - R:localhost/127.0.0.1:11074]' for 'POST' to 'http://localhost:11074/session/bd25e94c2039419efa6dce90e0c58508/execute/sync'
22:22:35.753 [Forwarding getPageSource on session bd25e94c2039419efa6dce90e0c58508 to remote] DEBUG org.asynchttpclient.netty.request.NettyRequestSender - Using open Channel [id: 0xe00d875d, L:/127.0.0.1:51149 - R:localhost/127.0.0.1:11074] for POST '/session/bd25e94c2039419efa6dce90e0c58508/execute/sync'
22:22:35.757 [AsyncHttpClient-1-2] DEBUG org.asynchttpclient.netty.handler.HttpHandler - 

Request DefaultHttpRequest(decodeResult: success, version: HTTP/1.1)
POST /session/bd25e94c2039419efa6dce90e0c58508/execute/sync HTTP/1.1
User-Agent: selenium/4.8.1 (java mac)
Content-Length: 176
Content-Type: application/json; charset=utf-8
host: localhost:11074
accept: */*

Response DefaultHttpResponse(decodeResult: success, version: HTTP/1.1)
HTTP/1.1 200 OK
Content-Length: 4299
Content-Type: application/json; charset=utf-8
cache-control: no-cache

22:22:35.757 [AsyncHttpClient-1-2] DEBUG org.asynchttpclient.netty.channel.ChannelManager - Adding key: http://localhost:11074 for channel [id: 0xe00d875d, L:/127.0.0.1:51149 - R:localhost/127.0.0.1:11074]
22:22:35.760 [Forwarding getCurrentUrl on session bd25e94c2039419efa6dce90e0c58508 to remote] DEBUG org.asynchttpclient.netty.request.NettyRequestSender - Using pooled Channel '[id: 0xe00d875d, L:/127.0.0.1:51149 - R:localhost/127.0.0.1:11074]' for 'GET' to 'http://localhost:11074/session/bd25e94c2039419efa6dce90e0c58508/url'
22:22:35.760 [Forwarding getCurrentUrl on session bd25e94c2039419efa6dce90e0c58508 to remote] DEBUG org.asynchttpclient.netty.request.NettyRequestSender - Using open Channel [id: 0xe00d875d, L:/127.0.0.1:51149 - R:localhost/127.0.0.1:11074] for GET '/session/bd25e94c2039419efa6dce90e0c58508/url'
22:22:35.765 [AsyncHttpClient-1-2] DEBUG org.asynchttpclient.netty.handler.HttpHandler - 

Request DefaultFullHttpRequest(decodeResult: success, version: HTTP/1.1, content: EmptyByteBufBE)
GET /session/bd25e94c2039419efa6dce90e0c58508/url HTTP/1.1
User-Agent: selenium/4.8.1 (java mac)
Cache-Control: no-cache
Content-Type: application/json; charset=utf-8
host: localhost:11074
accept: */*

Response DefaultHttpResponse(decodeResult: success, version: HTTP/1.1)
HTTP/1.1 200 OK
Content-Length: 38
Content-Type: application/json; charset=utf-8
cache-control: no-cache

22:22:35.765 [AsyncHttpClient-1-2] DEBUG org.asynchttpclient.netty.channel.ChannelManager - Adding key: http://localhost:11074 for channel [id: 0xe00d875d, L:/127.0.0.1:51149 - R:localhost/127.0.0.1:11074]
22:22:35.767 [main] DEBUG net.thucydides.core.steps.StepInterceptor - STARTING STEP: LoginSteps.enterValidPassword - inputPassword
22:22:35.770 [Forwarding findElement on session bd25e94c2039419efa6dce90e0c58508 to remote] DEBUG org.asynchttpclient.netty.request.NettyRequestSender - Using pooled Channel '[id: 0xe00d875d, L:/127.0.0.1:51149 - R:localhost/127.0.0.1:11074]' for 'POST' to 'http://localhost:11074/session/bd25e94c2039419efa6dce90e0c58508/element'
22:22:35.770 [Forwarding findElement on session bd25e94c2039419efa6dce90e0c58508 to remote] DEBUG org.asynchttpclient.netty.request.NettyRequestSender - Using open Channel [id: 0xe00d875d, L:/127.0.0.1:51149 - R:localhost/127.0.0.1:11074] for POST '/session/bd25e94c2039419efa6dce90e0c58508/element'
22:22:35.780 [AsyncHttpClient-1-2] DEBUG org.asynchttpclient.netty.handler.HttpHandler - 

Request DefaultHttpRequest(decodeResult: success, version: HTTP/1.1)
POST /session/bd25e94c2039419efa6dce90e0c58508/element HTTP/1.1
User-Agent: selenium/4.8.1 (java mac)
Content-Length: 53
Content-Type: application/json; charset=utf-8
host: localhost:11074
accept: */*

Response DefaultHttpResponse(decodeResult: success, version: HTTP/1.1)
HTTP/1.1 200 OK
Content-Length: 88
Content-Type: application/json; charset=utf-8
cache-control: no-cache

22:22:35.781 [AsyncHttpClient-1-2] DEBUG org.asynchttpclient.netty.channel.ChannelManager - Adding key: http://localhost:11074 for channel [id: 0xe00d875d, L:/127.0.0.1:51149 - R:localhost/127.0.0.1:11074]
22:22:35.783 [Forwarding clearElement on session bd25e94c2039419efa6dce90e0c58508 to remote] DEBUG org.asynchttpclient.netty.request.NettyRequestSender - Using pooled Channel '[id: 0xe00d875d, L:/127.0.0.1:51149 - R:localhost/127.0.0.1:11074]' for 'POST' to 'http://localhost:11074/session/bd25e94c2039419efa6dce90e0c58508/element/df90fc9c-0a62-4f1a-9646-8db870b58559/clear'
22:22:35.783 [Forwarding clearElement on session bd25e94c2039419efa6dce90e0c58508 to remote] DEBUG org.asynchttpclient.netty.request.NettyRequestSender - Using open Channel [id: 0xe00d875d, L:/127.0.0.1:51149 - R:localhost/127.0.0.1:11074] for POST '/session/bd25e94c2039419efa6dce90e0c58508/element/df90fc9c-0a62-4f1a-9646-8db870b58559/clear'
22:22:35.808 [AsyncHttpClient-1-2] DEBUG org.asynchttpclient.netty.handler.HttpHandler - 

Request DefaultHttpRequest(decodeResult: success, version: HTTP/1.1)
POST /session/bd25e94c2039419efa6dce90e0c58508/element/df90fc9c-0a62-4f1a-9646-8db870b58559/clear HTTP/1.1
User-Agent: selenium/4.8.1 (java mac)
Content-Length: 50
Content-Type: application/json; charset=utf-8
host: localhost:11074
accept: */*

Response DefaultHttpResponse(decodeResult: success, version: HTTP/1.1)
HTTP/1.1 200 OK
Content-Length: 14
Content-Type: application/json; charset=utf-8
cache-control: no-cache

22:22:35.808 [AsyncHttpClient-1-2] DEBUG org.asynchttpclient.netty.channel.ChannelManager - Adding key: http://localhost:11074 for channel [id: 0xe00d875d, L:/127.0.0.1:51149 - R:localhost/127.0.0.1:11074]
22:22:35.811 [Forwarding sendKeysToElement on session bd25e94c2039419efa6dce90e0c58508 to remote] DEBUG org.asynchttpclient.netty.request.NettyRequestSender - Using pooled Channel '[id: 0xe00d875d, L:/127.0.0.1:51149 - R:localhost/127.0.0.1:11074]' for 'POST' to 'http://localhost:11074/session/bd25e94c2039419efa6dce90e0c58508/element/df90fc9c-0a62-4f1a-9646-8db870b58559/value'
22:22:35.812 [Forwarding sendKeysToElement on session bd25e94c2039419efa6dce90e0c58508 to remote] DEBUG org.asynchttpclient.netty.request.NettyRequestSender - Using open Channel [id: 0xe00d875d, L:/127.0.0.1:51149 - R:localhost/127.0.0.1:11074] for POST '/session/bd25e94c2039419efa6dce90e0c58508/element/df90fc9c-0a62-4f1a-9646-8db870b58559/value'
22:22:35.877 [AsyncHttpClient-1-2] DEBUG org.asynchttpclient.netty.handler.HttpHandler - 

Request DefaultHttpRequest(decodeResult: success, version: HTTP/1.1)
POST /session/bd25e94c2039419efa6dce90e0c58508/element/df90fc9c-0a62-4f1a-9646-8db870b58559/value HTTP/1.1
User-Agent: selenium/4.8.1 (java mac)
Content-Length: 201
Content-Type: application/json; charset=utf-8
host: localhost:11074
accept: */*

Response DefaultHttpResponse(decodeResult: success, version: HTTP/1.1)
HTTP/1.1 200 OK
Content-Length: 14
Content-Type: application/json; charset=utf-8
cache-control: no-cache

22:22:35.877 [AsyncHttpClient-1-2] DEBUG org.asynchttpclient.netty.channel.ChannelManager - Adding key: http://localhost:11074 for channel [id: 0xe00d875d, L:/127.0.0.1:51149 - R:localhost/127.0.0.1:11074]
22:22:35.888 [Forwarding getAlertText on session bd25e94c2039419efa6dce90e0c58508 to remote] DEBUG org.asynchttpclient.netty.request.NettyRequestSender - Using pooled Channel '[id: 0xe00d875d, L:/127.0.0.1:51149 - R:localhost/127.0.0.1:11074]' for 'GET' to 'http://localhost:11074/session/bd25e94c2039419efa6dce90e0c58508/alert/text'
22:22:35.888 [Forwarding getAlertText on session bd25e94c2039419efa6dce90e0c58508 to remote] DEBUG org.asynchttpclient.netty.request.NettyRequestSender - Using open Channel [id: 0xe00d875d, L:/127.0.0.1:51149 - R:localhost/127.0.0.1:11074] for GET '/session/bd25e94c2039419efa6dce90e0c58508/alert/text'
22:22:35.890 [AsyncHttpClient-1-2] DEBUG org.asynchttpclient.netty.handler.HttpHandler - 

Request DefaultFullHttpRequest(decodeResult: success, version: HTTP/1.1, content: EmptyByteBufBE)
GET /session/bd25e94c2039419efa6dce90e0c58508/alert/text HTTP/1.1
User-Agent: selenium/4.8.1 (java mac)
Cache-Control: no-cache
Content-Type: application/json; charset=utf-8
host: localhost:11074
accept: */*

Response DefaultHttpResponse(decodeResult: success, version: HTTP/1.1)
HTTP/1.1 404 Not Found
Content-Length: 1763
Content-Type: application/json; charset=utf-8
cache-control: no-cache

22:22:35.891 [AsyncHttpClient-1-2] DEBUG org.asynchttpclient.netty.channel.ChannelManager - Adding key: http://localhost:11074 for channel [id: 0xe00d875d, L:/127.0.0.1:51149 - R:localhost/127.0.0.1:11074]
22:22:35.893 [Forwarding getCurrentUrl on session bd25e94c2039419efa6dce90e0c58508 to remote] DEBUG org.asynchttpclient.netty.request.NettyRequestSender - Using pooled Channel '[id: 0xe00d875d, L:/127.0.0.1:51149 - R:localhost/127.0.0.1:11074]' for 'GET' to 'http://localhost:11074/session/bd25e94c2039419efa6dce90e0c58508/url'
22:22:35.894 [Forwarding getCurrentUrl on session bd25e94c2039419efa6dce90e0c58508 to remote] DEBUG org.asynchttpclient.netty.request.NettyRequestSender - Using open Channel [id: 0xe00d875d, L:/127.0.0.1:51149 - R:localhost/127.0.0.1:11074] for GET '/session/bd25e94c2039419efa6dce90e0c58508/url'
22:22:35.898 [AsyncHttpClient-1-2] DEBUG org.asynchttpclient.netty.handler.HttpHandler - 

Request DefaultFullHttpRequest(decodeResult: success, version: HTTP/1.1, content: EmptyByteBufBE)
GET /session/bd25e94c2039419efa6dce90e0c58508/url HTTP/1.1
User-Agent: selenium/4.8.1 (java mac)
Cache-Control: no-cache
Content-Type: application/json; charset=utf-8
host: localhost:11074
accept: */*

Response DefaultHttpResponse(decodeResult: success, version: HTTP/1.1)
HTTP/1.1 200 OK
Content-Length: 38
Content-Type: application/json; charset=utf-8
cache-control: no-cache

22:22:35.899 [AsyncHttpClient-1-2] DEBUG org.asynchttpclient.netty.channel.ChannelManager - Adding key: http://localhost:11074 for channel [id: 0xe00d875d, L:/127.0.0.1:51149 - R:localhost/127.0.0.1:11074]
22:22:35.900 [Forwarding screenshot on session bd25e94c2039419efa6dce90e0c58508 to remote] DEBUG org.asynchttpclient.netty.request.NettyRequestSender - Using pooled Channel '[id: 0xe00d875d, L:/127.0.0.1:51149 - R:localhost/127.0.0.1:11074]' for 'GET' to 'http://localhost:11074/session/bd25e94c2039419efa6dce90e0c58508/screenshot'
22:22:35.900 [Forwarding screenshot on session bd25e94c2039419efa6dce90e0c58508 to remote] DEBUG org.asynchttpclient.netty.request.NettyRequestSender - Using open Channel [id: 0xe00d875d, L:/127.0.0.1:51149 - R:localhost/127.0.0.1:11074] for GET '/session/bd25e94c2039419efa6dce90e0c58508/screenshot'
22:22:36.138 [AsyncHttpClient-1-2] DEBUG org.asynchttpclient.netty.handler.HttpHandler - 

Request DefaultFullHttpRequest(decodeResult: success, version: HTTP/1.1, content: EmptyByteBufBE)
GET /session/bd25e94c2039419efa6dce90e0c58508/screenshot HTTP/1.1
User-Agent: selenium/4.8.1 (java mac)
Cache-Control: no-cache
Content-Type: application/json; charset=utf-8
host: localhost:11074
accept: */*

Response DefaultHttpResponse(decodeResult: success, version: HTTP/1.1)
HTTP/1.1 200 OK
Content-Length: 97428
Content-Type: application/json; charset=utf-8
cache-control: no-cache

22:22:36.140 [AsyncHttpClient-1-2] DEBUG org.asynchttpclient.netty.channel.ChannelManager - Adding key: http://localhost:11074 for channel [id: 0xe00d875d, L:/127.0.0.1:51149 - R:localhost/127.0.0.1:11074]
22:22:36.146 [main] DEBUG net.serenitybdd.core.photography.Darkroom - Send negative for processing for target/site/serenity/2ca697b54a261a3d205a2ca651961372dbe699940344f419f4a3879f20703437.png
22:22:36.146 [Darkroom Processing Line] DEBUG net.serenitybdd.core.photography.DarkroomProcessingLine - Processing screenshot image in /var/screenshots/screenshot-9409792550094026596
22:22:36.146 [Darkroom Processing Line] DEBUG net.serenitybdd.core.photography.DarkroomProcessingLine - Saving screenshot to target/site/serenity/2ca697b54a261a3d205a2ca651961372dbe699940344f419f4a3879f20703437.png
22:22:36.146 [main] DEBUG net.thucydides.core.steps.StepInterceptor - STEP DONE: inputPassword
  &amp#27;[32mAnd &amp#27;[0m&amp#27;[32mI enter valid password&amp#27;[0m                      &amp#27;[90m# starter.stepdefinitions.LoginSteps.enterValidPassword()&amp#27;[0m
22:22:36.159 [Forwarding getPageSource on session bd25e94c2039419efa6dce90e0c58508 to remote] DEBUG org.asynchttpclient.netty.request.NettyRequestSender - Using pooled Channel '[id: 0xe00d875d, L:/127.0.0.1:51149 - R:localhost/127.0.0.1:11074]' for 'POST' to 'http://localhost:11074/session/bd25e94c2039419efa6dce90e0c58508/execute/sync'
22:22:36.159 [Forwarding getPageSource on session bd25e94c2039419efa6dce90e0c58508 to remote] DEBUG org.asynchttpclient.netty.request.NettyRequestSender - Using open Channel [id: 0xe00d875d, L:/127.0.0.1:51149 - R:localhost/127.0.0.1:11074] for POST '/session/bd25e94c2039419efa6dce90e0c58508/execute/sync'
22:22:36.164 [AsyncHttpClient-1-2] DEBUG org.asynchttpclient.netty.handler.HttpHandler - 

Request DefaultHttpRequest(decodeResult: success, version: HTTP/1.1)
POST /session/bd25e94c2039419efa6dce90e0c58508/execute/sync HTTP/1.1
User-Agent: selenium/4.8.1 (java mac)
Content-Length: 176
Content-Type: application/json; charset=utf-8
host: localhost:11074
accept: */*

Response DefaultHttpResponse(decodeResult: success, version: HTTP/1.1)
HTTP/1.1 200 OK
Content-Length: 4311
Content-Type: application/json; charset=utf-8
cache-control: no-cache

22:22:36.164 [AsyncHttpClient-1-2] DEBUG org.asynchttpclient.netty.channel.ChannelManager - Adding key: http://localhost:11074 for channel [id: 0xe00d875d, L:/127.0.0.1:51149 - R:localhost/127.0.0.1:11074]
22:22:36.167 [Forwarding getCurrentUrl on session bd25e94c2039419efa6dce90e0c58508 to remote] DEBUG org.asynchttpclient.netty.request.NettyRequestSender - Using pooled Channel '[id: 0xe00d875d, L:/127.0.0.1:51149 - R:localhost/127.0.0.1:11074]' for 'GET' to 'http://localhost:11074/session/bd25e94c2039419efa6dce90e0c58508/url'
22:22:36.167 [Forwarding getCurrentUrl on session bd25e94c2039419efa6dce90e0c58508 to remote] DEBUG org.asynchttpclient.netty.request.NettyRequestSender - Using open Channel [id: 0xe00d875d, L:/127.0.0.1:51149 - R:localhost/127.0.0.1:11074] for GET '/session/bd25e94c2039419efa6dce90e0c58508/url'
22:22:36.171 [AsyncHttpClient-1-2] DEBUG org.asynchttpclient.netty.handler.HttpHandler - 

Request DefaultFullHttpRequest(decodeResult: success, version: HTTP/1.1, content: EmptyByteBufBE)
GET /session/bd25e94c2039419efa6dce90e0c58508/url HTTP/1.1
User-Agent: selenium/4.8.1 (java mac)
Cache-Control: no-cache
Content-Type: application/json; charset=utf-8
host: localhost:11074
accept: */*

Response DefaultHttpResponse(decodeResult: success, version: HTTP/1.1)
HTTP/1.1 200 OK
Content-Length: 38
Content-Type: application/json; charset=utf-8
cache-control: no-cache

22:22:36.171 [AsyncHttpClient-1-2] DEBUG org.asynchttpclient.netty.channel.ChannelManager - Adding key: http://localhost:11074 for channel [id: 0xe00d875d, L:/127.0.0.1:51149 - R:localhost/127.0.0.1:11074]
22:22:36.184 [Forwarding getPageSource on session bd25e94c2039419efa6dce90e0c58508 to remote] DEBUG org.asynchttpclient.netty.request.NettyRequestSender - Using pooled Channel '[id: 0xe00d875d, L:/127.0.0.1:51149 - R:localhost/127.0.0.1:11074]' for 'POST' to 'http://localhost:11074/session/bd25e94c2039419efa6dce90e0c58508/execute/sync'
22:22:36.184 [Forwarding getPageSource on session bd25e94c2039419efa6dce90e0c58508 to remote] DEBUG org.asynchttpclient.netty.request.NettyRequestSender - Using open Channel [id: 0xe00d875d, L:/127.0.0.1:51149 - R:localhost/127.0.0.1:11074] for POST '/session/bd25e94c2039419efa6dce90e0c58508/execute/sync'
22:22:36.190 [AsyncHttpClient-1-2] DEBUG org.asynchttpclient.netty.handler.HttpHandler - 

Request DefaultHttpRequest(decodeResult: success, version: HTTP/1.1)
POST /session/bd25e94c2039419efa6dce90e0c58508/execute/sync HTTP/1.1
User-Agent: selenium/4.8.1 (java mac)
Content-Length: 176
Content-Type: application/json; charset=utf-8
host: localhost:11074
accept: */*

Response DefaultHttpResponse(decodeResult: success, version: HTTP/1.1)
HTTP/1.1 200 OK
Content-Length: 4311
Content-Type: application/json; charset=utf-8
cache-control: no-cache

22:22:36.190 [AsyncHttpClient-1-2] DEBUG org.asynchttpclient.netty.channel.ChannelManager - Adding key: http://localhost:11074 for channel [id: 0xe00d875d, L:/127.0.0.1:51149 - R:localhost/127.0.0.1:11074]
22:22:36.194 [Forwarding getCurrentUrl on session bd25e94c2039419efa6dce90e0c58508 to remote] DEBUG org.asynchttpclient.netty.request.NettyRequestSender - Using pooled Channel '[id: 0xe00d875d, L:/127.0.0.1:51149 - R:localhost/127.0.0.1:11074]' for 'GET' to 'http://localhost:11074/session/bd25e94c2039419efa6dce90e0c58508/url'
22:22:36.194 [Forwarding getCurrentUrl on session bd25e94c2039419efa6dce90e0c58508 to remote] DEBUG org.asynchttpclient.netty.request.NettyRequestSender - Using open Channel [id: 0xe00d875d, L:/127.0.0.1:51149 - R:localhost/127.0.0.1:11074] for GET '/session/bd25e94c2039419efa6dce90e0c58508/url'
22:22:36.198 [AsyncHttpClient-1-2] DEBUG org.asynchttpclient.netty.handler.HttpHandler - 

Request DefaultFullHttpRequest(decodeResult: success, version: HTTP/1.1, content: EmptyByteBufBE)
GET /session/bd25e94c2039419efa6dce90e0c58508/url HTTP/1.1
User-Agent: selenium/4.8.1 (java mac)
Cache-Control: no-cache
Content-Type: application/json; charset=utf-8
host: localhost:11074
accept: */*

Response DefaultHttpResponse(decodeResult: success, version: HTTP/1.1)
HTTP/1.1 200 OK
Content-Length: 38
Content-Type: application/json; charset=utf-8
cache-control: no-cache

22:22:36.199 [AsyncHttpClient-1-2] DEBUG org.asynchttpclient.netty.channel.ChannelManager - Adding key: http://localhost:11074 for channel [id: 0xe00d875d, L:/127.0.0.1:51149 - R:localhost/127.0.0.1:11074]
22:22:36.200 [main] DEBUG net.thucydides.core.steps.StepInterceptor - STARTING STEP: LoginSteps.clickLoginButton - ClickLoginButton
22:22:36.208 [Forwarding findElement on session bd25e94c2039419efa6dce90e0c58508 to remote] DEBUG org.asynchttpclient.netty.request.NettyRequestSender - Using pooled Channel '[id: 0xe00d875d, L:/127.0.0.1:51149 - R:localhost/127.0.0.1:11074]' for 'POST' to 'http://localhost:11074/session/bd25e94c2039419efa6dce90e0c58508/element'
22:22:36.208 [Forwarding findElement on session bd25e94c2039419efa6dce90e0c58508 to remote] DEBUG org.asynchttpclient.netty.request.NettyRequestSender - Using open Channel [id: 0xe00d875d, L:/127.0.0.1:51149 - R:localhost/127.0.0.1:11074] for POST '/session/bd25e94c2039419efa6dce90e0c58508/element'
22:22:36.214 [AsyncHttpClient-1-2] DEBUG org.asynchttpclient.netty.handler.HttpHandler - 

Request DefaultHttpRequest(decodeResult: success, version: HTTP/1.1)
POST /session/bd25e94c2039419efa6dce90e0c58508/element HTTP/1.1
User-Agent: selenium/4.8.1 (java mac)
Content-Length: 59
Content-Type: application/json; charset=utf-8
host: localhost:11074
accept: */*

Response DefaultHttpResponse(decodeResult: success, version: HTTP/1.1)
HTTP/1.1 200 OK
Content-Length: 88
Content-Type: application/json; charset=utf-8
cache-control: no-cache

22:22:36.214 [AsyncHttpClient-1-2] DEBUG org.asynchttpclient.netty.channel.ChannelManager - Adding key: http://localhost:11074 for channel [id: 0xe00d875d, L:/127.0.0.1:51149 - R:localhost/127.0.0.1:11074]
22:22:36.216 [Forwarding getElementTagName on session bd25e94c2039419efa6dce90e0c58508 to remote] DEBUG org.asynchttpclient.netty.request.NettyRequestSender - Using pooled Channel '[id: 0xe00d875d, L:/127.0.0.1:51149 - R:localhost/127.0.0.1:11074]' for 'GET' to 'http://localhost:11074/session/bd25e94c2039419efa6dce90e0c58508/element/6942015e-5b06-4a69-8290-0dffc48db0a0/name'
22:22:36.216 [Forwarding getElementTagName on session bd25e94c2039419efa6dce90e0c58508 to remote] DEBUG org.asynchttpclient.netty.request.NettyRequestSender - Using open Channel [id: 0xe00d875d, L:/127.0.0.1:51149 - R:localhost/127.0.0.1:11074] for GET '/session/bd25e94c2039419efa6dce90e0c58508/element/6942015e-5b06-4a69-8290-0dffc48db0a0/name'
22:22:36.223 [AsyncHttpClient-1-2] DEBUG org.asynchttpclient.netty.handler.HttpHandler - 

Request DefaultFullHttpRequest(decodeResult: success, version: HTTP/1.1, content: EmptyByteBufBE)
GET /session/bd25e94c2039419efa6dce90e0c58508/element/6942015e-5b06-4a69-8290-0dffc48db0a0/name HTTP/1.1
User-Agent: selenium/4.8.1 (java mac)
Cache-Control: no-cache
Content-Type: application/json; charset=utf-8
host: localhost:11074
accept: */*

Response DefaultHttpResponse(decodeResult: success, version: HTTP/1.1)
HTTP/1.1 200 OK
Content-Length: 17
Content-Type: application/json; charset=utf-8
cache-control: no-cache

22:22:36.223 [AsyncHttpClient-1-2] DEBUG org.asynchttpclient.netty.channel.ChannelManager - Adding key: http://localhost:11074 for channel [id: 0xe00d875d, L:/127.0.0.1:51149 - R:localhost/127.0.0.1:11074]
22:22:36.225 [Forwarding getElementTagName on session bd25e94c2039419efa6dce90e0c58508 to remote] DEBUG org.asynchttpclient.netty.request.NettyRequestSender - Using pooled Channel '[id: 0xe00d875d, L:/127.0.0.1:51149 - R:localhost/127.0.0.1:11074]' for 'GET' to 'http://localhost:11074/session/bd25e94c2039419efa6dce90e0c58508/element/6942015e-5b06-4a69-8290-0dffc48db0a0/name'
22:22:36.225 [Forwarding getElementTagName on session bd25e94c2039419efa6dce90e0c58508 to remote] DEBUG org.asynchttpclient.netty.request.NettyRequestSender - Using open Channel [id: 0xe00d875d, L:/127.0.0.1:51149 - R:localhost/127.0.0.1:11074] for GET '/session/bd25e94c2039419efa6dce90e0c58508/element/6942015e-5b06-4a69-8290-0dffc48db0a0/name'
22:22:36.229 [AsyncHttpClient-1-2] DEBUG org.asynchttpclient.netty.handler.HttpHandler - 

Request DefaultFullHttpRequest(decodeResult: success, version: HTTP/1.1, content: EmptyByteBufBE)
GET /session/bd25e94c2039419efa6dce90e0c58508/element/6942015e-5b06-4a69-8290-0dffc48db0a0/name HTTP/1.1
User-Agent: selenium/4.8.1 (java mac)
Cache-Control: no-cache
Content-Type: application/json; charset=utf-8
host: localhost:11074
accept: */*

Response DefaultHttpResponse(decodeResult: success, version: HTTP/1.1)
HTTP/1.1 200 OK
Content-Length: 17
Content-Type: application/json; charset=utf-8
cache-control: no-cache

22:22:36.229 [AsyncHttpClient-1-2] DEBUG org.asynchttpclient.netty.channel.ChannelManager - Adding key: http://localhost:11074 for channel [id: 0xe00d875d, L:/127.0.0.1:51149 - R:localhost/127.0.0.1:11074]
22:22:36.234 [Forwarding isElementEnabled on session bd25e94c2039419efa6dce90e0c58508 to remote] DEBUG org.asynchttpclient.netty.request.NettyRequestSender - Using pooled Channel '[id: 0xe00d875d, L:/127.0.0.1:51149 - R:localhost/127.0.0.1:11074]' for 'GET' to 'http://localhost:11074/session/bd25e94c2039419efa6dce90e0c58508/element/6942015e-5b06-4a69-8290-0dffc48db0a0/enabled'
22:22:36.235 [Forwarding isElementEnabled on session bd25e94c2039419efa6dce90e0c58508 to remote] DEBUG org.asynchttpclient.netty.request.NettyRequestSender - Using open Channel [id: 0xe00d875d, L:/127.0.0.1:51149 - R:localhost/127.0.0.1:11074] for GET '/session/bd25e94c2039419efa6dce90e0c58508/element/6942015e-5b06-4a69-8290-0dffc48db0a0/enabled'
22:22:36.244 [AsyncHttpClient-1-2] DEBUG org.asynchttpclient.netty.handler.HttpHandler - 

Request DefaultFullHttpRequest(decodeResult: success, version: HTTP/1.1, content: EmptyByteBufBE)
GET /session/bd25e94c2039419efa6dce90e0c58508/element/6942015e-5b06-4a69-8290-0dffc48db0a0/enabled HTTP/1.1
User-Agent: selenium/4.8.1 (java mac)
Cache-Control: no-cache
Content-Type: application/json; charset=utf-8
host: localhost:11074
accept: */*

Response DefaultHttpResponse(decodeResult: success, version: HTTP/1.1)
HTTP/1.1 200 OK
Content-Length: 14
Content-Type: application/json; charset=utf-8
cache-control: no-cache

22:22:36.244 [AsyncHttpClient-1-2] DEBUG org.asynchttpclient.netty.channel.ChannelManager - Adding key: http://localhost:11074 for channel [id: 0xe00d875d, L:/127.0.0.1:51149 - R:localhost/127.0.0.1:11074]
22:22:36.246 [Forwarding isElementEnabled on session bd25e94c2039419efa6dce90e0c58508 to remote] DEBUG org.asynchttpclient.netty.request.NettyRequestSender - Using pooled Channel '[id: 0xe00d875d, L:/127.0.0.1:51149 - R:localhost/127.0.0.1:11074]' for 'GET' to 'http://localhost:11074/session/bd25e94c2039419efa6dce90e0c58508/element/6942015e-5b06-4a69-8290-0dffc48db0a0/enabled'
22:22:36.246 [Forwarding isElementEnabled on session bd25e94c2039419efa6dce90e0c58508 to remote] DEBUG org.asynchttpclient.netty.request.NettyRequestSender - Using open Channel [id: 0xe00d875d, L:/127.0.0.1:51149 - R:localhost/127.0.0.1:11074] for GET '/session/bd25e94c2039419efa6dce90e0c58508/element/6942015e-5b06-4a69-8290-0dffc48db0a0/enabled'
22:22:36.255 [AsyncHttpClient-1-2] DEBUG org.asynchttpclient.netty.handler.HttpHandler - 

Request DefaultFullHttpRequest(decodeResult: success, version: HTTP/1.1, content: EmptyByteBufBE)
GET /session/bd25e94c2039419efa6dce90e0c58508/element/6942015e-5b06-4a69-8290-0dffc48db0a0/enabled HTTP/1.1
User-Agent: selenium/4.8.1 (java mac)
Cache-Control: no-cache
Content-Type: application/json; charset=utf-8
host: localhost:11074
accept: */*

Response DefaultHttpResponse(decodeResult: success, version: HTTP/1.1)
HTTP/1.1 200 OK
Content-Length: 14
Content-Type: application/json; charset=utf-8
cache-control: no-cache

22:22:36.256 [AsyncHttpClient-1-2] DEBUG org.asynchttpclient.netty.channel.ChannelManager - Adding key: http://localhost:11074 for channel [id: 0xe00d875d, L:/127.0.0.1:51149 - R:localhost/127.0.0.1:11074]
22:22:36.260 [Forwarding findElement on session bd25e94c2039419efa6dce90e0c58508 to remote] DEBUG org.asynchttpclient.netty.request.NettyRequestSender - Using pooled Channel '[id: 0xe00d875d, L:/127.0.0.1:51149 - R:localhost/127.0.0.1:11074]' for 'POST' to 'http://localhost:11074/session/bd25e94c2039419efa6dce90e0c58508/element'
22:22:36.260 [Forwarding findElement on session bd25e94c2039419efa6dce90e0c58508 to remote] DEBUG org.asynchttpclient.netty.request.NettyRequestSender - Using open Channel [id: 0xe00d875d, L:/127.0.0.1:51149 - R:localhost/127.0.0.1:11074] for POST '/session/bd25e94c2039419efa6dce90e0c58508/element'
22:22:36.273 [AsyncHttpClient-1-2] DEBUG org.asynchttpclient.netty.handler.HttpHandler - 

Request DefaultHttpRequest(decodeResult: success, version: HTTP/1.1)
POST /session/bd25e94c2039419efa6dce90e0c58508/element HTTP/1.1
User-Agent: selenium/4.8.1 (java mac)
Content-Length: 59
Content-Type: application/json; charset=utf-8
host: localhost:11074
accept: */*

Response DefaultHttpResponse(decodeResult: success, version: HTTP/1.1)
HTTP/1.1 200 OK
Content-Length: 88
Content-Type: application/json; charset=utf-8
cache-control: no-cache

22:22:36.274 [AsyncHttpClient-1-2] DEBUG org.asynchttpclient.netty.channel.ChannelManager - Adding key: http://localhost:11074 for channel [id: 0xe00d875d, L:/127.0.0.1:51149 - R:localhost/127.0.0.1:11074]
22:22:36.275 [Forwarding clickElement on session bd25e94c2039419efa6dce90e0c58508 to remote] DEBUG org.asynchttpclient.netty.request.NettyRequestSender - Using pooled Channel '[id: 0xe00d875d, L:/127.0.0.1:51149 - R:localhost/127.0.0.1:11074]' for 'POST' to 'http://localhost:11074/session/bd25e94c2039419efa6dce90e0c58508/element/6942015e-5b06-4a69-8290-0dffc48db0a0/click'
22:22:36.276 [Forwarding clickElement on session bd25e94c2039419efa6dce90e0c58508 to remote] DEBUG org.asynchttpclient.netty.request.NettyRequestSender - Using open Channel [id: 0xe00d875d, L:/127.0.0.1:51149 - R:localhost/127.0.0.1:11074] for POST '/session/bd25e94c2039419efa6dce90e0c58508/element/6942015e-5b06-4a69-8290-0dffc48db0a0/click'
22:22:36.418 [AsyncHttpClient-1-2] DEBUG org.asynchttpclient.netty.handler.HttpHandler - 

Request DefaultHttpRequest(decodeResult: success, version: HTTP/1.1)
POST /session/bd25e94c2039419efa6dce90e0c58508/element/6942015e-5b06-4a69-8290-0dffc48db0a0/click HTTP/1.1
User-Agent: selenium/4.8.1 (java mac)
Content-Length: 50
Content-Type: application/json; charset=utf-8
host: localhost:11074
accept: */*

Response DefaultHttpResponse(decodeResult: success, version: HTTP/1.1)
HTTP/1.1 200 OK
Content-Length: 14
Content-Type: application/json; charset=utf-8
cache-control: no-cache

22:22:36.418 [AsyncHttpClient-1-2] DEBUG org.asynchttpclient.netty.channel.ChannelManager - Adding key: http://localhost:11074 for channel [id: 0xe00d875d, L:/127.0.0.1:51149 - R:localhost/127.0.0.1:11074]
22:22:36.428 [Forwarding getAlertText on session bd25e94c2039419efa6dce90e0c58508 to remote] DEBUG org.asynchttpclient.netty.request.NettyRequestSender - Using pooled Channel '[id: 0xe00d875d, L:/127.0.0.1:51149 - R:localhost/127.0.0.1:11074]' for 'GET' to 'http://localhost:11074/session/bd25e94c2039419efa6dce90e0c58508/alert/text'
22:22:36.429 [Forwarding getAlertText on session bd25e94c2039419efa6dce90e0c58508 to remote] DEBUG org.asynchttpclient.netty.request.NettyRequestSender - Using open Channel [id: 0xe00d875d, L:/127.0.0.1:51149 - R:localhost/127.0.0.1:11074] for GET '/session/bd25e94c2039419efa6dce90e0c58508/alert/text'
22:22:36.431 [AsyncHttpClient-1-2] DEBUG org.asynchttpclient.netty.handler.HttpHandler - 

Request DefaultFullHttpRequest(decodeResult: success, version: HTTP/1.1, content: EmptyByteBufBE)
GET /session/bd25e94c2039419efa6dce90e0c58508/alert/text HTTP/1.1
User-Agent: selenium/4.8.1 (java mac)
Cache-Control: no-cache
Content-Type: application/json; charset=utf-8
host: localhost:11074
accept: */*

Response DefaultHttpResponse(decodeResult: success, version: HTTP/1.1)
HTTP/1.1 404 Not Found
Content-Length: 1763
Content-Type: application/json; charset=utf-8
cache-control: no-cache

22:22:36.432 [AsyncHttpClient-1-2] DEBUG org.asynchttpclient.netty.channel.ChannelManager - Adding key: http://localhost:11074 for channel [id: 0xe00d875d, L:/127.0.0.1:51149 - R:localhost/127.0.0.1:11074]
22:22:36.434 [Forwarding getCurrentUrl on session bd25e94c2039419efa6dce90e0c58508 to remote] DEBUG org.asynchttpclient.netty.request.NettyRequestSender - Using pooled Channel '[id: 0xe00d875d, L:/127.0.0.1:51149 - R:localhost/127.0.0.1:11074]' for 'GET' to 'http://localhost:11074/session/bd25e94c2039419efa6dce90e0c58508/url'
22:22:36.434 [Forwarding getCurrentUrl on session bd25e94c2039419efa6dce90e0c58508 to remote] DEBUG org.asynchttpclient.netty.request.NettyRequestSender - Using open Channel [id: 0xe00d875d, L:/127.0.0.1:51149 - R:localhost/127.0.0.1:11074] for GET '/session/bd25e94c2039419efa6dce90e0c58508/url'
22:22:36.439 [AsyncHttpClient-1-2] DEBUG org.asynchttpclient.netty.handler.HttpHandler - 

Request DefaultFullHttpRequest(decodeResult: success, version: HTTP/1.1, content: EmptyByteBufBE)
GET /session/bd25e94c2039419efa6dce90e0c58508/url HTTP/1.1
User-Agent: selenium/4.8.1 (java mac)
Cache-Control: no-cache
Content-Type: application/json; charset=utf-8
host: localhost:11074
accept: */*

Response DefaultHttpResponse(decodeResult: success, version: HTTP/1.1)
HTTP/1.1 200 OK
Content-Length: 52
Content-Type: application/json; charset=utf-8
cache-control: no-cache

22:22:36.439 [AsyncHttpClient-1-2] DEBUG org.asynchttpclient.netty.channel.ChannelManager - Adding key: http://localhost:11074 for channel [id: 0xe00d875d, L:/127.0.0.1:51149 - R:localhost/127.0.0.1:11074]
22:22:36.441 [Forwarding screenshot on session bd25e94c2039419efa6dce90e0c58508 to remote] DEBUG org.asynchttpclient.netty.request.NettyRequestSender - Using pooled Channel '[id: 0xe00d875d, L:/127.0.0.1:51149 - R:localhost/127.0.0.1:11074]' for 'GET' to 'http://localhost:11074/session/bd25e94c2039419efa6dce90e0c58508/screenshot'
22:22:36.442 [Forwarding screenshot on session bd25e94c2039419efa6dce90e0c58508 to remote] DEBUG org.asynchttpclient.netty.request.NettyRequestSender - Using open Channel [id: 0xe00d875d, L:/127.0.0.1:51149 - R:localhost/127.0.0.1:11074] for GET '/session/bd25e94c2039419efa6dce90e0c58508/screenshot'
22:22:36.583 [AsyncHttpClient-1-1] DEBUG org.asynchttpclient.netty.channel.DefaultChannelPool - Entry count for : http://localhost:51150 : 1
22:22:36.933 [AsyncHttpClient-1-2] DEBUG org.asynchttpclient.netty.handler.HttpHandler - 

Request DefaultFullHttpRequest(decodeResult: success, version: HTTP/1.1, content: EmptyByteBufBE)
GET /session/bd25e94c2039419efa6dce90e0c58508/screenshot HTTP/1.1
User-Agent: selenium/4.8.1 (java mac)
Cache-Control: no-cache
Content-Type: application/json; charset=utf-8
host: localhost:11074
accept: */*

Response DefaultHttpResponse(decodeResult: success, version: HTTP/1.1)
HTTP/1.1 200 OK
Content-Length: 1148448
Content-Type: application/json; charset=utf-8
cache-control: no-cache

22:22:36.940 [AsyncHttpClient-1-2] DEBUG org.asynchttpclient.netty.channel.ChannelManager - Adding key: http://localhost:11074 for channel [id: 0xe00d875d, L:/127.0.0.1:51149 - R:localhost/127.0.0.1:11074]
22:22:36.975 [main] DEBUG net.serenitybdd.core.photography.Darkroom - Send negative for processing for target/site/serenity/8f5d99247e6def9691bd698116b3020dda8bb94d2d83781ff8094bbf55e5aab6.png
22:22:36.975 [Darkroom Processing Line] DEBUG net.serenitybdd.core.photography.DarkroomProcessingLine - Processing screenshot image in /var/screenshots/screenshot-16937100482427012112
22:22:36.975 [Darkroom Processing Line] DEBUG net.serenitybdd.core.photography.DarkroomProcessingLine - Saving screenshot to target/site/serenity/8f5d99247e6def9691bd698116b3020dda8bb94d2d83781ff8094bbf55e5aab6.png
22:22:36.976 [main] DEBUG net.thucydides.core.steps.StepInterceptor - STEP DONE: ClickLoginButton
  &amp#27;[32mAnd &amp#27;[0m&amp#27;[32mI click login button&amp#27;[0m                        &amp#27;[90m# starter.stepdefinitions.LoginSteps.clickLoginButton()&amp#27;[0m
22:22:36.987 [Forwarding getPageSource on session bd25e94c2039419efa6dce90e0c58508 to remote] DEBUG org.asynchttpclient.netty.request.NettyRequestSender - Using pooled Channel '[id: 0xe00d875d, L:/127.0.0.1:51149 - R:localhost/127.0.0.1:11074]' for 'POST' to 'http://localhost:11074/session/bd25e94c2039419efa6dce90e0c58508/execute/sync'
22:22:36.988 [Forwarding getPageSource on session bd25e94c2039419efa6dce90e0c58508 to remote] DEBUG org.asynchttpclient.netty.request.NettyRequestSender - Using open Channel [id: 0xe00d875d, L:/127.0.0.1:51149 - R:localhost/127.0.0.1:11074] for POST '/session/bd25e94c2039419efa6dce90e0c58508/execute/sync'
22:22:36.993 [AsyncHttpClient-1-2] DEBUG org.asynchttpclient.netty.handler.HttpHandler - 

Request DefaultHttpRequest(decodeResult: success, version: HTTP/1.1)
POST /session/bd25e94c2039419efa6dce90e0c58508/execute/sync HTTP/1.1
User-Agent: selenium/4.8.1 (java mac)
Content-Length: 176
Content-Type: application/json; charset=utf-8
host: localhost:11074
accept: */*

Response DefaultHttpResponse(decodeResult: success, version: HTTP/1.1)
HTTP/1.1 200 OK
Content-Length: 16345
Content-Type: application/json; charset=utf-8
cache-control: no-cache

22:22:36.993 [AsyncHttpClient-1-2] DEBUG org.asynchttpclient.netty.channel.ChannelManager - Adding key: http://localhost:11074 for channel [id: 0xe00d875d, L:/127.0.0.1:51149 - R:localhost/127.0.0.1:11074]
22:22:37.002 [Forwarding getCurrentUrl on session bd25e94c2039419efa6dce90e0c58508 to remote] DEBUG org.asynchttpclient.netty.request.NettyRequestSender - Using pooled Channel '[id: 0xe00d875d, L:/127.0.0.1:51149 - R:localhost/127.0.0.1:11074]' for 'GET' to 'http://localhost:11074/session/bd25e94c2039419efa6dce90e0c58508/url'
22:22:37.002 [Forwarding getCurrentUrl on session bd25e94c2039419efa6dce90e0c58508 to remote] DEBUG org.asynchttpclient.netty.request.NettyRequestSender - Using open Channel [id: 0xe00d875d, L:/127.0.0.1:51149 - R:localhost/127.0.0.1:11074] for GET '/session/bd25e94c2039419efa6dce90e0c58508/url'
22:22:37.006 [AsyncHttpClient-1-2] DEBUG org.asynchttpclient.netty.handler.HttpHandler - 

Request DefaultFullHttpRequest(decodeResult: success, version: HTTP/1.1, content: EmptyByteBufBE)
GET /session/bd25e94c2039419efa6dce90e0c58508/url HTTP/1.1
User-Agent: selenium/4.8.1 (java mac)
Cache-Control: no-cache
Content-Type: application/json; charset=utf-8
host: localhost:11074
accept: */*

Response DefaultHttpResponse(decodeResult: success, version: HTTP/1.1)
HTTP/1.1 200 OK
Content-Length: 52
Content-Type: application/json; charset=utf-8
cache-control: no-cache

22:22:37.006 [AsyncHttpClient-1-2] DEBUG org.asynchttpclient.netty.channel.ChannelManager - Adding key: http://localhost:11074 for channel [id: 0xe00d875d, L:/127.0.0.1:51149 - R:localhost/127.0.0.1:11074]
22:22:37.082 [Forwarding findElement on session bd25e94c2039419efa6dce90e0c58508 to remote] DEBUG org.asynchttpclient.netty.request.NettyRequestSender - Using pooled Channel '[id: 0xe00d875d, L:/127.0.0.1:51149 - R:localhost/127.0.0.1:11074]' for 'POST' to 'http://localhost:11074/session/bd25e94c2039419efa6dce90e0c58508/element'
22:22:37.083 [Forwarding findElement on session bd25e94c2039419efa6dce90e0c58508 to remote] DEBUG org.asynchttpclient.netty.request.NettyRequestSender - Using open Channel [id: 0xe00d875d, L:/127.0.0.1:51149 - R:localhost/127.0.0.1:11074] for POST '/session/bd25e94c2039419efa6dce90e0c58508/element'
22:22:37.092 [AsyncHttpClient-1-2] DEBUG org.asynchttpclient.netty.handler.HttpHandler - 

Request DefaultHttpRequest(decodeResult: success, version: HTTP/1.1)
POST /session/bd25e94c2039419efa6dce90e0c58508/element HTTP/1.1
User-Agent: selenium/4.8.1 (java mac)
Content-Length: 50
Content-Type: application/json; charset=utf-8
host: localhost:11074
accept: */*

Response DefaultHttpResponse(decodeResult: success, version: HTTP/1.1)
HTTP/1.1 200 OK
Content-Length: 88
Content-Type: application/json; charset=utf-8
cache-control: no-cache

22:22:37.092 [AsyncHttpClient-1-2] DEBUG org.asynchttpclient.netty.channel.ChannelManager - Adding key: http://localhost:11074 for channel [id: 0xe00d875d, L:/127.0.0.1:51149 - R:localhost/127.0.0.1:11074]
22:22:37.096 [Forwarding isElementDisplayed on session bd25e94c2039419efa6dce90e0c58508 to remote] DEBUG org.asynchttpclient.netty.request.NettyRequestSender - Using pooled Channel '[id: 0xe00d875d, L:/127.0.0.1:51149 - R:localhost/127.0.0.1:11074]' for 'POST' to 'http://localhost:11074/session/bd25e94c2039419efa6dce90e0c58508/execute/sync'
22:22:37.097 [Forwarding isElementDisplayed on session bd25e94c2039419efa6dce90e0c58508 to remote] DEBUG org.asynchttpclient.netty.request.NettyRequestSender - Using open Channel [id: 0xe00d875d, L:/127.0.0.1:51149 - R:localhost/127.0.0.1:11074] for POST '/session/bd25e94c2039419efa6dce90e0c58508/execute/sync'
22:22:37.107 [AsyncHttpClient-1-2] DEBUG org.asynchttpclient.netty.handler.HttpHandler - 

Request DefaultHttpRequest(decodeResult: success, version: HTTP/1.1)
POST /session/bd25e94c2039419efa6dce90e0c58508/execute/sync HTTP/1.1
User-Agent: selenium/4.8.1 (java mac)
Content-Length: 48807
Content-Type: application/json; charset=utf-8
host: localhost:11074
accept: */*

Response DefaultHttpResponse(decodeResult: success, version: HTTP/1.1)
HTTP/1.1 200 OK
Content-Length: 14
Content-Type: application/json; charset=utf-8
cache-control: no-cache

22:22:37.108 [AsyncHttpClient-1-2] DEBUG org.asynchttpclient.netty.channel.ChannelManager - Adding key: http://localhost:11074 for channel [id: 0xe00d875d, L:/127.0.0.1:51149 - R:localhost/127.0.0.1:11074]
  &amp#27;[32mThen &amp#27;[0m&amp#27;[32mI am on the home page&amp#27;[0m                      &amp#27;[90m# starter.stepdefinitions.LoginSteps.onTheHomePage()&amp#27;[0m
22:22:37.114 [Forwarding getAlertText on session bd25e94c2039419efa6dce90e0c58508 to remote] DEBUG org.asynchttpclient.netty.request.NettyRequestSender - Using pooled Channel '[id: 0xe00d875d, L:/127.0.0.1:51149 - R:localhost/127.0.0.1:11074]' for 'GET' to 'http://localhost:11074/session/bd25e94c2039419efa6dce90e0c58508/alert/text'
22:22:37.114 [Forwarding getAlertText on session bd25e94c2039419efa6dce90e0c58508 to remote] DEBUG org.asynchttpclient.netty.request.NettyRequestSender - Using open Channel [id: 0xe00d875d, L:/127.0.0.1:51149 - R:localhost/127.0.0.1:11074] for GET '/session/bd25e94c2039419efa6dce90e0c58508/alert/text'
22:22:37.115 [AsyncHttpClient-1-2] DEBUG org.asynchttpclient.netty.handler.HttpHandler - 

Request DefaultFullHttpRequest(decodeResult: success, version: HTTP/1.1, content: EmptyByteBufBE)
GET /session/bd25e94c2039419efa6dce90e0c58508/alert/text HTTP/1.1
User-Agent: selenium/4.8.1 (java mac)
Cache-Control: no-cache
Content-Type: application/json; charset=utf-8
host: localhost:11074
accept: */*

Response DefaultHttpResponse(decodeResult: success, version: HTTP/1.1)
HTTP/1.1 404 Not Found
Content-Length: 1763
Content-Type: application/json; charset=utf-8
cache-control: no-cache

22:22:37.116 [AsyncHttpClient-1-2] DEBUG org.asynchttpclient.netty.channel.ChannelManager - Adding key: http://localhost:11074 for channel [id: 0xe00d875d, L:/127.0.0.1:51149 - R:localhost/127.0.0.1:11074]
22:22:37.118 [Forwarding getCurrentUrl on session bd25e94c2039419efa6dce90e0c58508 to remote] DEBUG org.asynchttpclient.netty.request.NettyRequestSender - Using pooled Channel '[id: 0xe00d875d, L:/127.0.0.1:51149 - R:localhost/127.0.0.1:11074]' for 'GET' to 'http://localhost:11074/session/bd25e94c2039419efa6dce90e0c58508/url'
22:22:37.118 [Forwarding getCurrentUrl on session bd25e94c2039419efa6dce90e0c58508 to remote] DEBUG org.asynchttpclient.netty.request.NettyRequestSender - Using open Channel [id: 0xe00d875d, L:/127.0.0.1:51149 - R:localhost/127.0.0.1:11074] for GET '/session/bd25e94c2039419efa6dce90e0c58508/url'
22:22:37.121 [AsyncHttpClient-1-2] DEBUG org.asynchttpclient.netty.handler.HttpHandler - 

Request DefaultFullHttpRequest(decodeResult: success, version: HTTP/1.1, content: EmptyByteBufBE)
GET /session/bd25e94c2039419efa6dce90e0c58508/url HTTP/1.1
User-Agent: selenium/4.8.1 (java mac)
Cache-Control: no-cache
Content-Type: application/json; charset=utf-8
host: localhost:11074
accept: */*

Response DefaultHttpResponse(decodeResult: success, version: HTTP/1.1)
HTTP/1.1 200 OK
Content-Length: 52
Content-Type: application/json; charset=utf-8
cache-control: no-cache

22:22:37.121 [AsyncHttpClient-1-2] DEBUG org.asynchttpclient.netty.channel.ChannelManager - Adding key: http://localhost:11074 for channel [id: 0xe00d875d, L:/127.0.0.1:51149 - R:localhost/127.0.0.1:11074]
22:22:37.122 [Forwarding screenshot on session bd25e94c2039419efa6dce90e0c58508 to remote] DEBUG org.asynchttpclient.netty.request.NettyRequestSender - Using pooled Channel '[id: 0xe00d875d, L:/127.0.0.1:51149 - R:localhost/127.0.0.1:11074]' for 'GET' to 'http://localhost:11074/session/bd25e94c2039419efa6dce90e0c58508/screenshot'
22:22:37.122 [Forwarding screenshot on session bd25e94c2039419efa6dce90e0c58508 to remote] DEBUG org.asynchttpclient.netty.request.NettyRequestSender - Using open Channel [id: 0xe00d875d, L:/127.0.0.1:51149 - R:localhost/127.0.0.1:11074] for GET '/session/bd25e94c2039419efa6dce90e0c58508/screenshot'
22:22:37.498 [AsyncHttpClient-1-2] DEBUG org.asynchttpclient.netty.handler.HttpHandler - 

Request DefaultFullHttpRequest(decodeResult: success, version: HTTP/1.1, content: EmptyByteBufBE)
GET /session/bd25e94c2039419efa6dce90e0c58508/screenshot HTTP/1.1
User-Agent: selenium/4.8.1 (java mac)
Cache-Control: no-cache
Content-Type: application/json; charset=utf-8
host: localhost:11074
accept: */*

Response DefaultHttpResponse(decodeResult: success, version: HTTP/1.1)
HTTP/1.1 200 OK
Content-Length: 1148448
Content-Type: application/json; charset=utf-8
cache-control: no-cache

22:22:37.504 [AsyncHttpClient-1-2] DEBUG org.asynchttpclient.netty.channel.ChannelManager - Adding key: http://localhost:11074 for channel [id: 0xe00d875d, L:/127.0.0.1:51149 - R:localhost/127.0.0.1:11074]
22:22:37.538 [main] DEBUG net.serenitybdd.core.photography.Darkroom - Send negative for processing for target/site/serenity/8f5d99247e6def9691bd698116b3020dda8bb94d2d83781ff8094bbf55e5aab6.png
22:22:37.543 [main] INFO  - 
  _____   ___   ___   _____     ___     _     ___   ___   ___   ___  
 |_   _| | __| / __| |_   _|   | _ \   /_\   / __| / __| | __| |   \ 
   | |   | _|  \__ \   | |     |  _/  / _ \  \__ \ \__ \ | _|  | |) |
   |_|   |___| |___/   |_|     |_|   /_/ \_\ |___/ |___/ |___| |___/ 

As user i have be able to success login
----------------------------------------------------------------------
22:22:37.593 [Driver Command Executor] DEBUG org.asynchttpclient.netty.request.NettyRequestSender - Using pooled Channel '[id: 0xe00d875d, L:/127.0.0.1:51149 - R:localhost/127.0.0.1:11074]' for 'DELETE' to 'http://localhost:11074/session/bd25e94c2039419efa6dce90e0c58508'
22:22:37.593 [Driver Command Executor] DEBUG org.asynchttpclient.netty.request.NettyRequestSender - Using open Channel [id: 0xe00d875d, L:/127.0.0.1:51149 - R:localhost/127.0.0.1:11074] for DELETE '/session/bd25e94c2039419efa6dce90e0c58508'
22:22:37.639 [AsyncHttpClient-1-3] DEBUG org.asynchttpclient.netty.handler.HttpHandler - Channel Closed: [id: 0x020e3808, L:/127.0.0.1:51154 ! R:localhost/127.0.0.1:51150] with attribute DISCARD
22:22:37.640 [AsyncHttpClient-1-4] DEBUG org.asynchttpclient.netty.handler.WebSocketHandler - Unexpected I/O exception on channel [id: 0xf7123959, L:/127.0.0.1:51155 - R:localhost/127.0.0.1:51150]
java.net.SocketException: Connection reset
	at java.base/sun.nio.ch.SocketChannelImpl.throwConnectionReset(SocketChannelImpl.java:401)
	at java.base/sun.nio.ch.SocketChannelImpl.read(SocketChannelImpl.java:434)
	at io.netty.buffer.PooledByteBuf.setBytes(PooledByteBuf.java:259)
	at io.netty.buffer.AbstractByteBuf.writeBytes(AbstractByteBuf.java:1132)
	at io.netty.channel.socket.nio.NioSocketChannel.doReadBytes(NioSocketChannel.java:357)
	at io.netty.channel.nio.AbstractNioByteChannel$NioByteUnsafe.read(AbstractNioByteChannel.java:151)
	at io.netty.channel.nio.NioEventLoop.processSelectedKey(NioEventLoop.java:788)
	at io.netty.channel.nio.NioEventLoop.processSelectedKeysOptimized(NioEventLoop.java:724)
	at io.netty.channel.nio.NioEventLoop.processSelectedKeys(NioEventLoop.java:650)
	at io.netty.channel.nio.NioEventLoop.run(NioEventLoop.java:562)
	at io.netty.util.concurrent.SingleThreadEventExecutor$4.run(SingleThreadEventExecutor.java:997)
	at io.netty.util.internal.ThreadExecutorMap$2.run(ThreadExecutorMap.java:74)
	at io.netty.util.concurrent.FastThreadLocalRunnable.run(FastThreadLocalRunnable.java:30)
	at java.base/java.lang.Thread.run(Thread.java:1589)
22:22:37.641 [AsyncHttpClient-1-4] DEBUG org.asynchttpclient.netty.handler.WebSocketHandler - Was unable to recover Future: NettyResponseFuture{currentRetry=0,
	isDone=1,
	isCancelled=0,
	asyncHandler=org.asynchttpclient.ws.WebSocketUpgradeHandler@c067d6a,
	nettyRequest=org.asynchttpclient.netty.request.NettyRequest@3d6637c4,
	future=java.util.concurrent.CompletableFuture@7bc526e9[Completed normally],
	uri=ws://localhost:51150/devtools/browser/3c5be029-b4f6-4408-a06b-691c0f9cea69,
	keepAlive=true,
	redirectCount=0,
	timeoutsHolder=null,
	inAuth=0,
	touch=1680621757640}
22:22:37.641 [AsyncHttpClient-1-4] DEBUG org.asynchttpclient.netty.channel.ChannelManager - Closing Channel [id: 0xf7123959, L:/127.0.0.1:51155 - R:localhost/127.0.0.1:51150] 
22:22:37.641 [AsyncHttpClient-1-4] WARN org.asynchttpclient.netty.handler.WebSocketHandler - onError
java.net.SocketException: Connection reset
	at java.base/sun.nio.ch.SocketChannelImpl.throwConnectionReset(SocketChannelImpl.java:401)
	at java.base/sun.nio.ch.SocketChannelImpl.read(SocketChannelImpl.java:434)
	at io.netty.buffer.PooledByteBuf.setBytes(PooledByteBuf.java:259)
	at io.netty.buffer.AbstractByteBuf.writeBytes(AbstractByteBuf.java:1132)
	at io.netty.channel.socket.nio.NioSocketChannel.doReadBytes(NioSocketChannel.java:357)
	at io.netty.channel.nio.AbstractNioByteChannel$NioByteUnsafe.read(AbstractNioByteChannel.java:151)
	at io.netty.channel.nio.NioEventLoop.processSelectedKey(NioEventLoop.java:788)
	at io.netty.channel.nio.NioEventLoop.processSelectedKeysOptimized(NioEventLoop.java:724)
	at io.netty.channel.nio.NioEventLoop.processSelectedKeys(NioEventLoop.java:650)
	at io.netty.channel.nio.NioEventLoop.run(NioEventLoop.java:562)
	at io.netty.util.concurrent.SingleThreadEventExecutor$4.run(SingleThreadEventExecutor.java:997)
	at io.netty.util.internal.ThreadExecutorMap$2.run(ThreadExecutorMap.java:74)
	at io.netty.util.concurrent.FastThreadLocalRunnable.run(FastThreadLocalRunnable.java:30)
	at java.base/java.lang.Thread.run(Thread.java:1589)
22:22:37.644 [AsyncHttpClient-1-4] DEBUG org.asynchttpclient.netty.channel.ChannelManager - Closing Channel [id: 0xf7123959, L:/127.0.0.1:51155 ! R:localhost/127.0.0.1:51150] 
22:22:37.646 [AsyncHttpClient-1-4] DEBUG org.asynchttpclient.netty.handler.WebSocketHandler - Channel Closed: [id: 0xf7123959, L:/127.0.0.1:51155 ! R:localhost/127.0.0.1:51150] with attribute DISCARD
22:22:37.648 [AsyncHttpClient-1-2] DEBUG org.asynchttpclient.netty.handler.HttpHandler - 

Request DefaultFullHttpRequest(decodeResult: success, version: HTTP/1.1, content: EmptyByteBufBE)
DELETE /session/bd25e94c2039419efa6dce90e0c58508 HTTP/1.1
User-Agent: selenium/4.8.1 (java mac)
Content-Type: application/json; charset=utf-8
host: localhost:11074
accept: */*

Response DefaultHttpResponse(decodeResult: success, version: HTTP/1.1)
HTTP/1.1 200 OK
Content-Length: 14
Content-Type: application/json; charset=utf-8
cache-control: no-cache

22:22:37.649 [AsyncHttpClient-1-2] DEBUG org.asynchttpclient.netty.channel.ChannelManager - Adding key: http://localhost:11074 for channel [id: 0xe00d875d, L:/127.0.0.1:51149 - R:localhost/127.0.0.1:11074]
22:22:37.683 [AsyncHttpClient-1-1] DEBUG org.asynchttpclient.netty.channel.DefaultChannelPool - Entry count for : http://localhost:51150 : 1
22:22:37.683 [AsyncHttpClient-1-1] DEBUG org.asynchttpclient.netty.channel.DefaultChannelPool - Entry count for : http://localhost:11074 : 1
22:22:37.684 [AsyncHttpClient-1-1] DEBUG org.asynchttpclient.netty.channel.DefaultChannelPool - Adding Candidate expired Channel [id: 0x020e3808, L:/127.0.0.1:51154 ! R:localhost/127.0.0.1:51150] isIdleTimeoutExpired=false isRemotelyClosed=true isTtlExpired=false
22:22:37.684 [AsyncHttpClient-1-1] DEBUG org.asynchttpclient.netty.channel.DefaultChannelPool - Closing Idle Channel [id: 0x020e3808, L:/127.0.0.1:51154 ! R:localhost/127.0.0.1:51150]
22:22:37.684 [AsyncHttpClient-1-1] DEBUG org.asynchttpclient.netty.channel.DefaultChannelPool - Closed 1 connections out of 2 in 1 ms
22:22:37.696 [AsyncHttpClient-1-2] DEBUG org.asynchttpclient.netty.handler.HttpHandler - Channel Closed: [id: 0xe00d875d, L:/127.0.0.1:51149 ! R:localhost/127.0.0.1:11074] with attribute DISCARD
]]></system-out>
    <system-err><![CDATA[Starting ChromeDriver 111.0.5563.64 (c710e93d5b63b7095afe8c2c17df34408078439d-refs/branch-heads/5563@{#995}) on port 11074
Only local connections are allowed.
Please see https://chromedriver.chromium.org/security-considerations for suggestions on keeping ChromeDriver safe.
ChromeDriver was started successfully.
Apr 04, 2023 10:22:33 PM org.openqa.selenium.devtools.CdpVersionFinder findNearestMatch
WARNING: Unable to find an exact match for CDP version 111, so returning the closest version found: 110
Apr 04, 2023 10:22:37 PM org.openqa.selenium.remote.http.WebSocket$Listener onError
WARNING: Connection reset
java.net.SocketException: Connection reset
	at java.base/sun.nio.ch.SocketChannelImpl.throwConnectionReset(SocketChannelImpl.java:401)
	at java.base/sun.nio.ch.SocketChannelImpl.read(SocketChannelImpl.java:434)
	at io.netty.buffer.PooledByteBuf.setBytes(PooledByteBuf.java:259)
	at io.netty.buffer.AbstractByteBuf.writeBytes(AbstractByteBuf.java:1132)
	at io.netty.channel.socket.nio.NioSocketChannel.doReadBytes(NioSocketChannel.java:357)
	at io.netty.channel.nio.AbstractNioByteChannel$NioByteUnsafe.read(AbstractNioByteChannel.java:151)
	at io.netty.channel.nio.NioEventLoop.processSelectedKey(NioEventLoop.java:788)
	at io.netty.channel.nio.NioEventLoop.processSelectedKeysOptimized(NioEventLoop.java:724)
	at io.netty.channel.nio.NioEventLoop.processSelectedKeys(NioEventLoop.java:650)
	at io.netty.channel.nio.NioEventLoop.run(NioEventLoop.java:562)
	at io.netty.util.concurrent.SingleThreadEventExecutor$4.run(SingleThreadEventExecutor.java:997)
	at io.netty.util.internal.ThreadExecutorMap$2.run(ThreadExecutorMap.java:74)
	at io.netty.util.concurrent.FastThreadLocalRunnable.run(FastThreadLocalRunnable.java:30)
	at java.base/java.lang.Thread.run(Thread.java:1589)

]]></system-err>
  </testcase>
  <testcase name="Incorrect username when attempting to login" classname="login" time="5.249">
    <system-out><![CDATA[
@login
Scenario: Incorrect username when attempting to login &amp#27;[90m# src/test/resources/features/Login.feature:15&amp#27;[0m
22:22:37.731 [main] DEBUG io.cucumber.core.plugin.SerenityReporter - Running feature from file:///Users/wiyanherraherviana/TaskWebTesting/src/test/resources/features/Login.feature
22:22:37.735 [main] INFO  - 
  _____   ___   ___   _____     ___   _____     _     ___   _____   ___   ___  
 |_   _| | __| / __| |_   _|   / __| |_   _|   /_\   | _ \ |_   _| | __| |   \ 
   | |   | _|  \__ \   | |     \__ \   | |    / _ \  |   /   | |   | _|  | |) |
   |_|   |___| |___/   |_|     |___/   |_|   /_/ \_\ |_|_\   |_|   |___| |___/ 

Incorrect username when attempting to login(login;incorrect-username-when-attempting-to-login)
--------------------------------------------------------------------------------
22:22:37.820 [main] INFO net.serenitybdd.core.webdriver.driverproviders.ChromeDriverProvider - Starting Chrome driver instance with capabilities:
22:22:37.821 [main] INFO net.serenitybdd.core.webdriver.driverproviders.ChromeDriverProvider - Capabilities {acceptInsecureCerts: false, browserName: chrome, goog:chromeOptions: {args: [remote-allow-origins=*], extensions: []}}
22:22:37.984 [AsyncHttpClient-1-5] DEBUG org.asynchttpclient.netty.channel.NettyConnectListener - Using new Channel '[id: 0x48f535d0, L:/127.0.0.1:51168 - R:localhost/127.0.0.1:18317]' for 'POST' to '/session'
22:22:38.784 [AsyncHttpClient-1-1] DEBUG org.asynchttpclient.netty.channel.DefaultChannelPool - Entry count for : http://localhost:11074 : 1
22:22:38.784 [AsyncHttpClient-1-1] DEBUG org.asynchttpclient.netty.channel.DefaultChannelPool - Adding Candidate expired Channel [id: 0xe00d875d, L:/127.0.0.1:51149 ! R:localhost/127.0.0.1:11074] isIdleTimeoutExpired=false isRemotelyClosed=true isTtlExpired=false
22:22:38.784 [AsyncHttpClient-1-1] DEBUG org.asynchttpclient.netty.channel.DefaultChannelPool - Closing Idle Channel [id: 0xe00d875d, L:/127.0.0.1:51149 ! R:localhost/127.0.0.1:11074]
22:22:38.785 [AsyncHttpClient-1-1] DEBUG org.asynchttpclient.netty.channel.DefaultChannelPool - Closed 1 connections out of 1 in 1 ms
22:22:39.374 [AsyncHttpClient-1-5] DEBUG org.asynchttpclient.netty.handler.HttpHandler - 

Request DefaultHttpRequest(decodeResult: success, version: HTTP/1.1)
POST /session HTTP/1.1
User-Agent: selenium/4.8.1 (java mac)
Content-Length: 507
Content-Type: application/json; charset=utf-8
host: localhost:18317
accept: */*

Response DefaultHttpResponse(decodeResult: success, version: HTTP/1.1)
HTTP/1.1 200 OK
Content-Length: 869
Content-Type: application/json; charset=utf-8
cache-control: no-cache

22:22:39.375 [AsyncHttpClient-1-5] DEBUG org.asynchttpclient.netty.channel.ChannelManager - Adding key: http://localhost:18317 for channel [id: 0x48f535d0, L:/127.0.0.1:51168 - R:localhost/127.0.0.1:18317]
22:22:39.384 [AsyncHttpClient-1-6] DEBUG org.asynchttpclient.netty.channel.NettyConnectListener - Using new Channel '[id: 0x823dd081, L:/127.0.0.1:51173 - R:localhost/127.0.0.1:51169]' for 'GET' to '/json/version'
22:22:39.391 [AsyncHttpClient-1-6] DEBUG org.asynchttpclient.netty.handler.HttpHandler - 

Request DefaultFullHttpRequest(decodeResult: success, version: HTTP/1.1, content: EmptyByteBufBE)
GET /json/version HTTP/1.1
User-Agent: selenium/4.8.1 (java mac)
host: localhost:51169
accept: */*

Response DefaultHttpResponse(decodeResult: success, version: HTTP/1.1)
HTTP/1.1 200 OK
Content-Security-Policy: frame-ancestors 'none'
Content-Length: 422
Content-Type: application/json; charset=UTF-8

22:22:39.391 [AsyncHttpClient-1-6] DEBUG org.asynchttpclient.netty.channel.ChannelManager - Adding key: http://localhost:51169 for channel [id: 0x823dd081, L:/127.0.0.1:51173 - R:localhost/127.0.0.1:51169]
22:22:39.394 [AsyncHttpClient-1-7] DEBUG org.asynchttpclient.netty.channel.NettyConnectListener - Using new Channel '[id: 0xd1ecff1c, L:/127.0.0.1:51174 - R:localhost/127.0.0.1:51169]' for 'GET' to '/devtools/browser/59dffb7d-b78f-4087-9119-f2fc28bb9a25'
22:22:39.399 [AsyncHttpClient-1-7] DEBUG org.asynchttpclient.netty.handler.WebSocketHandler - 

Request DefaultFullHttpRequest(decodeResult: success, version: HTTP/1.1, content: EmptyByteBufBE)
GET /devtools/browser/59dffb7d-b78f-4087-9119-f2fc28bb9a25 HTTP/1.1
upgrade: websocket
connection: upgrade
sec-websocket-key: cw8QBmBTeaOF3HLriZL4tA==
sec-websocket-version: 13
origin: http://localhost:51169
host: localhost:51169
accept: */*
user-agent: AHC/2.1

Response DefaultHttpResponse(decodeResult: success, version: HTTP/1.1)
HTTP/1.1 101 WebSocket Protocol Handshake
Upgrade: WebSocket
Connection: Upgrade
Sec-WebSocket-Accept: 0T4e3UAR/ZL+EkDIb+Fehk1SUng=

22:22:39.403 [Forwarding get on session 948b4502670855ebe7fc09627ef5ca87 to remote] DEBUG org.asynchttpclient.netty.request.NettyRequestSender - Using pooled Channel '[id: 0x48f535d0, L:/127.0.0.1:51168 - R:localhost/127.0.0.1:18317]' for 'POST' to 'http://localhost:18317/session/948b4502670855ebe7fc09627ef5ca87/url'
22:22:39.403 [Forwarding get on session 948b4502670855ebe7fc09627ef5ca87 to remote] DEBUG org.asynchttpclient.netty.request.NettyRequestSender - Using open Channel [id: 0x48f535d0, L:/127.0.0.1:51168 - R:localhost/127.0.0.1:18317] for POST '/session/948b4502670855ebe7fc09627ef5ca87/url'
22:22:39.883 [AsyncHttpClient-1-1] DEBUG org.asynchttpclient.netty.channel.DefaultChannelPool - Entry count for : http://localhost:51169 : 1
22:22:40.289 [AsyncHttpClient-1-5] DEBUG org.asynchttpclient.netty.handler.HttpHandler - 

Request DefaultHttpRequest(decodeResult: success, version: HTTP/1.1)
POST /session/948b4502670855ebe7fc09627ef5ca87/url HTTP/1.1
User-Agent: selenium/4.8.1 (java mac)
Content-Length: 56
Content-Type: application/json; charset=utf-8
host: localhost:18317
accept: */*

Response DefaultHttpResponse(decodeResult: success, version: HTTP/1.1)
HTTP/1.1 200 OK
Content-Length: 14
Content-Type: application/json; charset=utf-8
cache-control: no-cache

22:22:40.290 [AsyncHttpClient-1-5] DEBUG org.asynchttpclient.netty.channel.ChannelManager - Adding key: http://localhost:18317 for channel [id: 0x48f535d0, L:/127.0.0.1:51168 - R:localhost/127.0.0.1:18317]
22:22:40.292 [Forwarding setTimeout on session 948b4502670855ebe7fc09627ef5ca87 to remote] DEBUG org.asynchttpclient.netty.request.NettyRequestSender - Using pooled Channel '[id: 0x48f535d0, L:/127.0.0.1:51168 - R:localhost/127.0.0.1:18317]' for 'POST' to 'http://localhost:18317/session/948b4502670855ebe7fc09627ef5ca87/timeouts'
22:22:40.292 [Forwarding setTimeout on session 948b4502670855ebe7fc09627ef5ca87 to remote] DEBUG org.asynchttpclient.netty.request.NettyRequestSender - Using open Channel [id: 0x48f535d0, L:/127.0.0.1:51168 - R:localhost/127.0.0.1:18317] for POST '/session/948b4502670855ebe7fc09627ef5ca87/timeouts'
22:22:40.294 [AsyncHttpClient-1-5] DEBUG org.asynchttpclient.netty.handler.HttpHandler - 

Request DefaultHttpRequest(decodeResult: success, version: HTTP/1.1)
POST /session/948b4502670855ebe7fc09627ef5ca87/timeouts HTTP/1.1
User-Agent: selenium/4.8.1 (java mac)
Content-Length: 22
Content-Type: application/json; charset=utf-8
host: localhost:18317
accept: */*

Response DefaultHttpResponse(decodeResult: success, version: HTTP/1.1)
HTTP/1.1 200 OK
Content-Length: 14
Content-Type: application/json; charset=utf-8
cache-control: no-cache

22:22:40.294 [AsyncHttpClient-1-5] DEBUG org.asynchttpclient.netty.channel.ChannelManager - Adding key: http://localhost:18317 for channel [id: 0x48f535d0, L:/127.0.0.1:51168 - R:localhost/127.0.0.1:18317]
22:22:40.305 [Forwarding getAlertText on session 948b4502670855ebe7fc09627ef5ca87 to remote] DEBUG org.asynchttpclient.netty.request.NettyRequestSender - Using pooled Channel '[id: 0x48f535d0, L:/127.0.0.1:51168 - R:localhost/127.0.0.1:18317]' for 'GET' to 'http://localhost:18317/session/948b4502670855ebe7fc09627ef5ca87/alert/text'
22:22:40.305 [Forwarding getAlertText on session 948b4502670855ebe7fc09627ef5ca87 to remote] DEBUG org.asynchttpclient.netty.request.NettyRequestSender - Using open Channel [id: 0x48f535d0, L:/127.0.0.1:51168 - R:localhost/127.0.0.1:18317] for GET '/session/948b4502670855ebe7fc09627ef5ca87/alert/text'
22:22:40.307 [AsyncHttpClient-1-5] DEBUG org.asynchttpclient.netty.handler.HttpHandler - 

Request DefaultFullHttpRequest(decodeResult: success, version: HTTP/1.1, content: EmptyByteBufBE)
GET /session/948b4502670855ebe7fc09627ef5ca87/alert/text HTTP/1.1
User-Agent: selenium/4.8.1 (java mac)
Cache-Control: no-cache
Content-Type: application/json; charset=utf-8
host: localhost:18317
accept: */*

Response DefaultHttpResponse(decodeResult: success, version: HTTP/1.1)
HTTP/1.1 404 Not Found
Content-Length: 1763
Content-Type: application/json; charset=utf-8
cache-control: no-cache

22:22:40.308 [AsyncHttpClient-1-5] DEBUG org.asynchttpclient.netty.channel.ChannelManager - Adding key: http://localhost:18317 for channel [id: 0x48f535d0, L:/127.0.0.1:51168 - R:localhost/127.0.0.1:18317]
22:22:40.310 [Forwarding getCurrentUrl on session 948b4502670855ebe7fc09627ef5ca87 to remote] DEBUG org.asynchttpclient.netty.request.NettyRequestSender - Using pooled Channel '[id: 0x48f535d0, L:/127.0.0.1:51168 - R:localhost/127.0.0.1:18317]' for 'GET' to 'http://localhost:18317/session/948b4502670855ebe7fc09627ef5ca87/url'
22:22:40.310 [Forwarding getCurrentUrl on session 948b4502670855ebe7fc09627ef5ca87 to remote] DEBUG org.asynchttpclient.netty.request.NettyRequestSender - Using open Channel [id: 0x48f535d0, L:/127.0.0.1:51168 - R:localhost/127.0.0.1:18317] for GET '/session/948b4502670855ebe7fc09627ef5ca87/url'
22:22:40.314 [AsyncHttpClient-1-5] DEBUG org.asynchttpclient.netty.handler.HttpHandler - 

Request DefaultFullHttpRequest(decodeResult: success, version: HTTP/1.1, content: EmptyByteBufBE)
GET /session/948b4502670855ebe7fc09627ef5ca87/url HTTP/1.1
User-Agent: selenium/4.8.1 (java mac)
Cache-Control: no-cache
Content-Type: application/json; charset=utf-8
host: localhost:18317
accept: */*

Response DefaultHttpResponse(decodeResult: success, version: HTTP/1.1)
HTTP/1.1 200 OK
Content-Length: 38
Content-Type: application/json; charset=utf-8
cache-control: no-cache

22:22:40.314 [AsyncHttpClient-1-5] DEBUG org.asynchttpclient.netty.channel.ChannelManager - Adding key: http://localhost:18317 for channel [id: 0x48f535d0, L:/127.0.0.1:51168 - R:localhost/127.0.0.1:18317]
22:22:40.316 [Forwarding screenshot on session 948b4502670855ebe7fc09627ef5ca87 to remote] DEBUG org.asynchttpclient.netty.request.NettyRequestSender - Using pooled Channel '[id: 0x48f535d0, L:/127.0.0.1:51168 - R:localhost/127.0.0.1:18317]' for 'GET' to 'http://localhost:18317/session/948b4502670855ebe7fc09627ef5ca87/screenshot'
22:22:40.316 [Forwarding screenshot on session 948b4502670855ebe7fc09627ef5ca87 to remote] DEBUG org.asynchttpclient.netty.request.NettyRequestSender - Using open Channel [id: 0x48f535d0, L:/127.0.0.1:51168 - R:localhost/127.0.0.1:18317] for GET '/session/948b4502670855ebe7fc09627ef5ca87/screenshot'
22:22:40.572 [AsyncHttpClient-1-5] DEBUG org.asynchttpclient.netty.handler.HttpHandler - 

Request DefaultFullHttpRequest(decodeResult: success, version: HTTP/1.1, content: EmptyByteBufBE)
GET /session/948b4502670855ebe7fc09627ef5ca87/screenshot HTTP/1.1
User-Agent: selenium/4.8.1 (java mac)
Cache-Control: no-cache
Content-Type: application/json; charset=utf-8
host: localhost:18317
accept: */*

Response DefaultHttpResponse(decodeResult: success, version: HTTP/1.1)
HTTP/1.1 200 OK
Content-Length: 99284
Content-Type: application/json; charset=utf-8
cache-control: no-cache

22:22:40.574 [AsyncHttpClient-1-5] DEBUG org.asynchttpclient.netty.channel.ChannelManager - Adding key: http://localhost:18317 for channel [id: 0x48f535d0, L:/127.0.0.1:51168 - R:localhost/127.0.0.1:18317]
22:22:40.576 [main] DEBUG net.serenitybdd.core.photography.Darkroom - Send negative for processing for target/site/serenity/8ab2e2134025d8e0bce5b8862364738cef94d6e75aed5bcf2a2f49dd096d1787.png
22:22:40.578 [Forwarding getPageSource on session 948b4502670855ebe7fc09627ef5ca87 to remote] DEBUG org.asynchttpclient.netty.request.NettyRequestSender - Using pooled Channel '[id: 0x48f535d0, L:/127.0.0.1:51168 - R:localhost/127.0.0.1:18317]' for 'POST' to 'http://localhost:18317/session/948b4502670855ebe7fc09627ef5ca87/execute/sync'
22:22:40.578 [Forwarding getPageSource on session 948b4502670855ebe7fc09627ef5ca87 to remote] DEBUG org.asynchttpclient.netty.request.NettyRequestSender - Using open Channel [id: 0x48f535d0, L:/127.0.0.1:51168 - R:localhost/127.0.0.1:18317] for POST '/session/948b4502670855ebe7fc09627ef5ca87/execute/sync'
22:22:40.583 [AsyncHttpClient-1-5] DEBUG org.asynchttpclient.netty.handler.HttpHandler - 

Request DefaultHttpRequest(decodeResult: success, version: HTTP/1.1)
POST /session/948b4502670855ebe7fc09627ef5ca87/execute/sync HTTP/1.1
User-Agent: selenium/4.8.1 (java mac)
Content-Length: 176
Content-Type: application/json; charset=utf-8
host: localhost:18317
accept: */*

Response DefaultHttpResponse(decodeResult: success, version: HTTP/1.1)
HTTP/1.1 200 OK
Content-Length: 4286
Content-Type: application/json; charset=utf-8
cache-control: no-cache

22:22:40.583 [AsyncHttpClient-1-5] DEBUG org.asynchttpclient.netty.channel.ChannelManager - Adding key: http://localhost:18317 for channel [id: 0x48f535d0, L:/127.0.0.1:51168 - R:localhost/127.0.0.1:18317]
22:22:40.586 [Forwarding getCurrentUrl on session 948b4502670855ebe7fc09627ef5ca87 to remote] DEBUG org.asynchttpclient.netty.request.NettyRequestSender - Using pooled Channel '[id: 0x48f535d0, L:/127.0.0.1:51168 - R:localhost/127.0.0.1:18317]' for 'GET' to 'http://localhost:18317/session/948b4502670855ebe7fc09627ef5ca87/url'
22:22:40.586 [Forwarding getCurrentUrl on session 948b4502670855ebe7fc09627ef5ca87 to remote] DEBUG org.asynchttpclient.netty.request.NettyRequestSender - Using open Channel [id: 0x48f535d0, L:/127.0.0.1:51168 - R:localhost/127.0.0.1:18317] for GET '/session/948b4502670855ebe7fc09627ef5ca87/url'
22:22:40.589 [AsyncHttpClient-1-5] DEBUG org.asynchttpclient.netty.handler.HttpHandler - 

Request DefaultFullHttpRequest(decodeResult: success, version: HTTP/1.1, content: EmptyByteBufBE)
GET /session/948b4502670855ebe7fc09627ef5ca87/url HTTP/1.1
User-Agent: selenium/4.8.1 (java mac)
Cache-Control: no-cache
Content-Type: application/json; charset=utf-8
host: localhost:18317
accept: */*

Response DefaultHttpResponse(decodeResult: success, version: HTTP/1.1)
HTTP/1.1 200 OK
Content-Length: 38
Content-Type: application/json; charset=utf-8
cache-control: no-cache

22:22:40.589 [AsyncHttpClient-1-5] DEBUG org.asynchttpclient.netty.channel.ChannelManager - Adding key: http://localhost:18317 for channel [id: 0x48f535d0, L:/127.0.0.1:51168 - R:localhost/127.0.0.1:18317]
22:22:40.610 [main] DEBUG net.thucydides.core.steps.StepInterceptor - STARTING STEP: LoginSteps.anTheLoginPage2 - validateOnLoginPage
22:22:40.612 [Forwarding findElement on session 948b4502670855ebe7fc09627ef5ca87 to remote] DEBUG org.asynchttpclient.netty.request.NettyRequestSender - Using pooled Channel '[id: 0x48f535d0, L:/127.0.0.1:51168 - R:localhost/127.0.0.1:18317]' for 'POST' to 'http://localhost:18317/session/948b4502670855ebe7fc09627ef5ca87/element'
22:22:40.612 [Forwarding findElement on session 948b4502670855ebe7fc09627ef5ca87 to remote] DEBUG org.asynchttpclient.netty.request.NettyRequestSender - Using open Channel [id: 0x48f535d0, L:/127.0.0.1:51168 - R:localhost/127.0.0.1:18317] for POST '/session/948b4502670855ebe7fc09627ef5ca87/element'
22:22:40.622 [AsyncHttpClient-1-5] DEBUG org.asynchttpclient.netty.handler.HttpHandler - 

Request DefaultHttpRequest(decodeResult: success, version: HTTP/1.1)
POST /session/948b4502670855ebe7fc09627ef5ca87/element HTTP/1.1
User-Agent: selenium/4.8.1 (java mac)
Content-Length: 59
Content-Type: application/json; charset=utf-8
host: localhost:18317
accept: */*

Response DefaultHttpResponse(decodeResult: success, version: HTTP/1.1)
HTTP/1.1 200 OK
Content-Length: 88
Content-Type: application/json; charset=utf-8
cache-control: no-cache

22:22:40.622 [AsyncHttpClient-1-5] DEBUG org.asynchttpclient.netty.channel.ChannelManager - Adding key: http://localhost:18317 for channel [id: 0x48f535d0, L:/127.0.0.1:51168 - R:localhost/127.0.0.1:18317]
22:22:40.625 [Forwarding isElementDisplayed on session 948b4502670855ebe7fc09627ef5ca87 to remote] DEBUG org.asynchttpclient.netty.request.NettyRequestSender - Using pooled Channel '[id: 0x48f535d0, L:/127.0.0.1:51168 - R:localhost/127.0.0.1:18317]' for 'POST' to 'http://localhost:18317/session/948b4502670855ebe7fc09627ef5ca87/execute/sync'
22:22:40.625 [Forwarding isElementDisplayed on session 948b4502670855ebe7fc09627ef5ca87 to remote] DEBUG org.asynchttpclient.netty.request.NettyRequestSender - Using open Channel [id: 0x48f535d0, L:/127.0.0.1:51168 - R:localhost/127.0.0.1:18317] for POST '/session/948b4502670855ebe7fc09627ef5ca87/execute/sync'
22:22:40.638 [AsyncHttpClient-1-5] DEBUG org.asynchttpclient.netty.handler.HttpHandler - 

Request DefaultHttpRequest(decodeResult: success, version: HTTP/1.1)
POST /session/948b4502670855ebe7fc09627ef5ca87/execute/sync HTTP/1.1
User-Agent: selenium/4.8.1 (java mac)
Content-Length: 48807
Content-Type: application/json; charset=utf-8
host: localhost:18317
accept: */*

Response DefaultHttpResponse(decodeResult: success, version: HTTP/1.1)
HTTP/1.1 200 OK
Content-Length: 14
Content-Type: application/json; charset=utf-8
cache-control: no-cache

22:22:40.638 [AsyncHttpClient-1-5] DEBUG org.asynchttpclient.netty.channel.ChannelManager - Adding key: http://localhost:18317 for channel [id: 0x48f535d0, L:/127.0.0.1:51168 - R:localhost/127.0.0.1:18317]
22:22:40.645 [Forwarding getAlertText on session 948b4502670855ebe7fc09627ef5ca87 to remote] DEBUG org.asynchttpclient.netty.request.NettyRequestSender - Using pooled Channel '[id: 0x48f535d0, L:/127.0.0.1:51168 - R:localhost/127.0.0.1:18317]' for 'GET' to 'http://localhost:18317/session/948b4502670855ebe7fc09627ef5ca87/alert/text'
22:22:40.645 [Forwarding getAlertText on session 948b4502670855ebe7fc09627ef5ca87 to remote] DEBUG org.asynchttpclient.netty.request.NettyRequestSender - Using open Channel [id: 0x48f535d0, L:/127.0.0.1:51168 - R:localhost/127.0.0.1:18317] for GET '/session/948b4502670855ebe7fc09627ef5ca87/alert/text'
22:22:40.648 [AsyncHttpClient-1-5] DEBUG org.asynchttpclient.netty.handler.HttpHandler - 

Request DefaultFullHttpRequest(decodeResult: success, version: HTTP/1.1, content: EmptyByteBufBE)
GET /session/948b4502670855ebe7fc09627ef5ca87/alert/text HTTP/1.1
User-Agent: selenium/4.8.1 (java mac)
Cache-Control: no-cache
Content-Type: application/json; charset=utf-8
host: localhost:18317
accept: */*

Response DefaultHttpResponse(decodeResult: success, version: HTTP/1.1)
HTTP/1.1 404 Not Found
Content-Length: 1763
Content-Type: application/json; charset=utf-8
cache-control: no-cache

22:22:40.648 [AsyncHttpClient-1-5] DEBUG org.asynchttpclient.netty.channel.ChannelManager - Adding key: http://localhost:18317 for channel [id: 0x48f535d0, L:/127.0.0.1:51168 - R:localhost/127.0.0.1:18317]
22:22:40.650 [Forwarding getCurrentUrl on session 948b4502670855ebe7fc09627ef5ca87 to remote] DEBUG org.asynchttpclient.netty.request.NettyRequestSender - Using pooled Channel '[id: 0x48f535d0, L:/127.0.0.1:51168 - R:localhost/127.0.0.1:18317]' for 'GET' to 'http://localhost:18317/session/948b4502670855ebe7fc09627ef5ca87/url'
22:22:40.650 [Forwarding getCurrentUrl on session 948b4502670855ebe7fc09627ef5ca87 to remote] DEBUG org.asynchttpclient.netty.request.NettyRequestSender - Using open Channel [id: 0x48f535d0, L:/127.0.0.1:51168 - R:localhost/127.0.0.1:18317] for GET '/session/948b4502670855ebe7fc09627ef5ca87/url'
22:22:40.653 [AsyncHttpClient-1-5] DEBUG org.asynchttpclient.netty.handler.HttpHandler - 

Request DefaultFullHttpRequest(decodeResult: success, version: HTTP/1.1, content: EmptyByteBufBE)
GET /session/948b4502670855ebe7fc09627ef5ca87/url HTTP/1.1
User-Agent: selenium/4.8.1 (java mac)
Cache-Control: no-cache
Content-Type: application/json; charset=utf-8
host: localhost:18317
accept: */*

Response DefaultHttpResponse(decodeResult: success, version: HTTP/1.1)
HTTP/1.1 200 OK
Content-Length: 38
Content-Type: application/json; charset=utf-8
cache-control: no-cache

22:22:40.653 [AsyncHttpClient-1-5] DEBUG org.asynchttpclient.netty.channel.ChannelManager - Adding key: http://localhost:18317 for channel [id: 0x48f535d0, L:/127.0.0.1:51168 - R:localhost/127.0.0.1:18317]
22:22:40.654 [Forwarding screenshot on session 948b4502670855ebe7fc09627ef5ca87 to remote] DEBUG org.asynchttpclient.netty.request.NettyRequestSender - Using pooled Channel '[id: 0x48f535d0, L:/127.0.0.1:51168 - R:localhost/127.0.0.1:18317]' for 'GET' to 'http://localhost:18317/session/948b4502670855ebe7fc09627ef5ca87/screenshot'
22:22:40.655 [Forwarding screenshot on session 948b4502670855ebe7fc09627ef5ca87 to remote] DEBUG org.asynchttpclient.netty.request.NettyRequestSender - Using open Channel [id: 0x48f535d0, L:/127.0.0.1:51168 - R:localhost/127.0.0.1:18317] for GET '/session/948b4502670855ebe7fc09627ef5ca87/screenshot'
22:22:40.871 [AsyncHttpClient-1-5] DEBUG org.asynchttpclient.netty.handler.HttpHandler - 

Request DefaultFullHttpRequest(decodeResult: success, version: HTTP/1.1, content: EmptyByteBufBE)
GET /session/948b4502670855ebe7fc09627ef5ca87/screenshot HTTP/1.1
User-Agent: selenium/4.8.1 (java mac)
Cache-Control: no-cache
Content-Type: application/json; charset=utf-8
host: localhost:18317
accept: */*

Response DefaultHttpResponse(decodeResult: success, version: HTTP/1.1)
HTTP/1.1 200 OK
Content-Length: 99284
Content-Type: application/json; charset=utf-8
cache-control: no-cache

22:22:40.872 [AsyncHttpClient-1-5] DEBUG org.asynchttpclient.netty.channel.ChannelManager - Adding key: http://localhost:18317 for channel [id: 0x48f535d0, L:/127.0.0.1:51168 - R:localhost/127.0.0.1:18317]
22:22:40.875 [main] DEBUG net.serenitybdd.core.photography.Darkroom - Send negative for processing for target/site/serenity/8ab2e2134025d8e0bce5b8862364738cef94d6e75aed5bcf2a2f49dd096d1787.png
22:22:40.876 [main] DEBUG net.thucydides.core.steps.StepInterceptor - STEP DONE: validateOnLoginPage
  &amp#27;[32mGiven &amp#27;[0m&amp#27;[32mI am an the login page&amp#27;[0m                        &amp#27;[90m# starter.stepdefinitions.LoginSteps.anTheLoginPage2()&amp#27;[0m
22:22:40.885 [Forwarding getPageSource on session 948b4502670855ebe7fc09627ef5ca87 to remote] DEBUG org.asynchttpclient.netty.request.NettyRequestSender - Using pooled Channel '[id: 0x48f535d0, L:/127.0.0.1:51168 - R:localhost/127.0.0.1:18317]' for 'POST' to 'http://localhost:18317/session/948b4502670855ebe7fc09627ef5ca87/execute/sync'
22:22:40.886 [Forwarding getPageSource on session 948b4502670855ebe7fc09627ef5ca87 to remote] DEBUG org.asynchttpclient.netty.request.NettyRequestSender - Using open Channel [id: 0x48f535d0, L:/127.0.0.1:51168 - R:localhost/127.0.0.1:18317] for POST '/session/948b4502670855ebe7fc09627ef5ca87/execute/sync'
22:22:40.890 [AsyncHttpClient-1-5] DEBUG org.asynchttpclient.netty.handler.HttpHandler - 

Request DefaultHttpRequest(decodeResult: success, version: HTTP/1.1)
POST /session/948b4502670855ebe7fc09627ef5ca87/execute/sync HTTP/1.1
User-Agent: selenium/4.8.1 (java mac)
Content-Length: 176
Content-Type: application/json; charset=utf-8
host: localhost:18317
accept: */*

Response DefaultHttpResponse(decodeResult: success, version: HTTP/1.1)
HTTP/1.1 200 OK
Content-Length: 4286
Content-Type: application/json; charset=utf-8
cache-control: no-cache

22:22:40.890 [AsyncHttpClient-1-5] DEBUG org.asynchttpclient.netty.channel.ChannelManager - Adding key: http://localhost:18317 for channel [id: 0x48f535d0, L:/127.0.0.1:51168 - R:localhost/127.0.0.1:18317]
22:22:40.892 [Forwarding getCurrentUrl on session 948b4502670855ebe7fc09627ef5ca87 to remote] DEBUG org.asynchttpclient.netty.request.NettyRequestSender - Using pooled Channel '[id: 0x48f535d0, L:/127.0.0.1:51168 - R:localhost/127.0.0.1:18317]' for 'GET' to 'http://localhost:18317/session/948b4502670855ebe7fc09627ef5ca87/url'
22:22:40.893 [Forwarding getCurrentUrl on session 948b4502670855ebe7fc09627ef5ca87 to remote] DEBUG org.asynchttpclient.netty.request.NettyRequestSender - Using open Channel [id: 0x48f535d0, L:/127.0.0.1:51168 - R:localhost/127.0.0.1:18317] for GET '/session/948b4502670855ebe7fc09627ef5ca87/url'
22:22:40.896 [AsyncHttpClient-1-5] DEBUG org.asynchttpclient.netty.handler.HttpHandler - 

Request DefaultFullHttpRequest(decodeResult: success, version: HTTP/1.1, content: EmptyByteBufBE)
GET /session/948b4502670855ebe7fc09627ef5ca87/url HTTP/1.1
User-Agent: selenium/4.8.1 (java mac)
Cache-Control: no-cache
Content-Type: application/json; charset=utf-8
host: localhost:18317
accept: */*

Response DefaultHttpResponse(decodeResult: success, version: HTTP/1.1)
HTTP/1.1 200 OK
Content-Length: 38
Content-Type: application/json; charset=utf-8
cache-control: no-cache

22:22:40.897 [AsyncHttpClient-1-5] DEBUG org.asynchttpclient.netty.channel.ChannelManager - Adding key: http://localhost:18317 for channel [id: 0x48f535d0, L:/127.0.0.1:51168 - R:localhost/127.0.0.1:18317]
22:22:40.913 [Forwarding getPageSource on session 948b4502670855ebe7fc09627ef5ca87 to remote] DEBUG org.asynchttpclient.netty.request.NettyRequestSender - Using pooled Channel '[id: 0x48f535d0, L:/127.0.0.1:51168 - R:localhost/127.0.0.1:18317]' for 'POST' to 'http://localhost:18317/session/948b4502670855ebe7fc09627ef5ca87/execute/sync'
22:22:40.913 [Forwarding getPageSource on session 948b4502670855ebe7fc09627ef5ca87 to remote] DEBUG org.asynchttpclient.netty.request.NettyRequestSender - Using open Channel [id: 0x48f535d0, L:/127.0.0.1:51168 - R:localhost/127.0.0.1:18317] for POST '/session/948b4502670855ebe7fc09627ef5ca87/execute/sync'
22:22:40.918 [AsyncHttpClient-1-5] DEBUG org.asynchttpclient.netty.handler.HttpHandler - 

Request DefaultHttpRequest(decodeResult: success, version: HTTP/1.1)
POST /session/948b4502670855ebe7fc09627ef5ca87/execute/sync HTTP/1.1
User-Agent: selenium/4.8.1 (java mac)
Content-Length: 176
Content-Type: application/json; charset=utf-8
host: localhost:18317
accept: */*

Response DefaultHttpResponse(decodeResult: success, version: HTTP/1.1)
HTTP/1.1 200 OK
Content-Length: 4286
Content-Type: application/json; charset=utf-8
cache-control: no-cache

22:22:40.918 [AsyncHttpClient-1-5] DEBUG org.asynchttpclient.netty.channel.ChannelManager - Adding key: http://localhost:18317 for channel [id: 0x48f535d0, L:/127.0.0.1:51168 - R:localhost/127.0.0.1:18317]
22:22:40.920 [Forwarding getCurrentUrl on session 948b4502670855ebe7fc09627ef5ca87 to remote] DEBUG org.asynchttpclient.netty.request.NettyRequestSender - Using pooled Channel '[id: 0x48f535d0, L:/127.0.0.1:51168 - R:localhost/127.0.0.1:18317]' for 'GET' to 'http://localhost:18317/session/948b4502670855ebe7fc09627ef5ca87/url'
22:22:40.921 [Forwarding getCurrentUrl on session 948b4502670855ebe7fc09627ef5ca87 to remote] DEBUG org.asynchttpclient.netty.request.NettyRequestSender - Using open Channel [id: 0x48f535d0, L:/127.0.0.1:51168 - R:localhost/127.0.0.1:18317] for GET '/session/948b4502670855ebe7fc09627ef5ca87/url'
22:22:40.924 [AsyncHttpClient-1-5] DEBUG org.asynchttpclient.netty.handler.HttpHandler - 

Request DefaultFullHttpRequest(decodeResult: success, version: HTTP/1.1, content: EmptyByteBufBE)
GET /session/948b4502670855ebe7fc09627ef5ca87/url HTTP/1.1
User-Agent: selenium/4.8.1 (java mac)
Cache-Control: no-cache
Content-Type: application/json; charset=utf-8
host: localhost:18317
accept: */*

Response DefaultHttpResponse(decodeResult: success, version: HTTP/1.1)
HTTP/1.1 200 OK
Content-Length: 38
Content-Type: application/json; charset=utf-8
cache-control: no-cache

22:22:40.924 [AsyncHttpClient-1-5] DEBUG org.asynchttpclient.netty.channel.ChannelManager - Adding key: http://localhost:18317 for channel [id: 0x48f535d0, L:/127.0.0.1:51168 - R:localhost/127.0.0.1:18317]
22:22:40.926 [main] DEBUG net.thucydides.core.steps.StepInterceptor - STARTING STEP: LoginSteps.enterIncorrectUsername - inputUsername
22:22:40.928 [Forwarding findElement on session 948b4502670855ebe7fc09627ef5ca87 to remote] DEBUG org.asynchttpclient.netty.request.NettyRequestSender - Using pooled Channel '[id: 0x48f535d0, L:/127.0.0.1:51168 - R:localhost/127.0.0.1:18317]' for 'POST' to 'http://localhost:18317/session/948b4502670855ebe7fc09627ef5ca87/element'
22:22:40.929 [Forwarding findElement on session 948b4502670855ebe7fc09627ef5ca87 to remote] DEBUG org.asynchttpclient.netty.request.NettyRequestSender - Using open Channel [id: 0x48f535d0, L:/127.0.0.1:51168 - R:localhost/127.0.0.1:18317] for POST '/session/948b4502670855ebe7fc09627ef5ca87/element'
22:22:40.938 [AsyncHttpClient-1-5] DEBUG org.asynchttpclient.netty.handler.HttpHandler - 

Request DefaultHttpRequest(decodeResult: success, version: HTTP/1.1)
POST /session/948b4502670855ebe7fc09627ef5ca87/element HTTP/1.1
User-Agent: selenium/4.8.1 (java mac)
Content-Length: 56
Content-Type: application/json; charset=utf-8
host: localhost:18317
accept: */*

Response DefaultHttpResponse(decodeResult: success, version: HTTP/1.1)
HTTP/1.1 200 OK
Content-Length: 88
Content-Type: application/json; charset=utf-8
cache-control: no-cache

22:22:40.938 [AsyncHttpClient-1-5] DEBUG org.asynchttpclient.netty.channel.ChannelManager - Adding key: http://localhost:18317 for channel [id: 0x48f535d0, L:/127.0.0.1:51168 - R:localhost/127.0.0.1:18317]
22:22:40.939 [Forwarding clearElement on session 948b4502670855ebe7fc09627ef5ca87 to remote] DEBUG org.asynchttpclient.netty.request.NettyRequestSender - Using pooled Channel '[id: 0x48f535d0, L:/127.0.0.1:51168 - R:localhost/127.0.0.1:18317]' for 'POST' to 'http://localhost:18317/session/948b4502670855ebe7fc09627ef5ca87/element/962dc210-4c0c-4cd4-bccc-4587171dabf4/clear'
22:22:40.939 [Forwarding clearElement on session 948b4502670855ebe7fc09627ef5ca87 to remote] DEBUG org.asynchttpclient.netty.request.NettyRequestSender - Using open Channel [id: 0x48f535d0, L:/127.0.0.1:51168 - R:localhost/127.0.0.1:18317] for POST '/session/948b4502670855ebe7fc09627ef5ca87/element/962dc210-4c0c-4cd4-bccc-4587171dabf4/clear'
22:22:40.964 [AsyncHttpClient-1-5] DEBUG org.asynchttpclient.netty.handler.HttpHandler - 

Request DefaultHttpRequest(decodeResult: success, version: HTTP/1.1)
POST /session/948b4502670855ebe7fc09627ef5ca87/element/962dc210-4c0c-4cd4-bccc-4587171dabf4/clear HTTP/1.1
User-Agent: selenium/4.8.1 (java mac)
Content-Length: 50
Content-Type: application/json; charset=utf-8
host: localhost:18317
accept: */*

Response DefaultHttpResponse(decodeResult: success, version: HTTP/1.1)
HTTP/1.1 200 OK
Content-Length: 14
Content-Type: application/json; charset=utf-8
cache-control: no-cache

22:22:40.965 [AsyncHttpClient-1-5] DEBUG org.asynchttpclient.netty.channel.ChannelManager - Adding key: http://localhost:18317 for channel [id: 0x48f535d0, L:/127.0.0.1:51168 - R:localhost/127.0.0.1:18317]
22:22:40.968 [Forwarding sendKeysToElement on session 948b4502670855ebe7fc09627ef5ca87 to remote] DEBUG org.asynchttpclient.netty.request.NettyRequestSender - Using pooled Channel '[id: 0x48f535d0, L:/127.0.0.1:51168 - R:localhost/127.0.0.1:18317]' for 'POST' to 'http://localhost:18317/session/948b4502670855ebe7fc09627ef5ca87/element/962dc210-4c0c-4cd4-bccc-4587171dabf4/value'
22:22:40.968 [Forwarding sendKeysToElement on session 948b4502670855ebe7fc09627ef5ca87 to remote] DEBUG org.asynchttpclient.netty.request.NettyRequestSender - Using open Channel [id: 0x48f535d0, L:/127.0.0.1:51168 - R:localhost/127.0.0.1:18317] for POST '/session/948b4502670855ebe7fc09627ef5ca87/element/962dc210-4c0c-4cd4-bccc-4587171dabf4/value'
22:22:40.981 [AsyncHttpClient-1-1] DEBUG org.asynchttpclient.netty.channel.DefaultChannelPool - Entry count for : http://localhost:51169 : 1
22:22:41.180 [AsyncHttpClient-1-5] DEBUG org.asynchttpclient.netty.handler.HttpHandler - 

Request DefaultHttpRequest(decodeResult: success, version: HTTP/1.1)
POST /session/948b4502670855ebe7fc09627ef5ca87/element/962dc210-4c0c-4cd4-bccc-4587171dabf4/value HTTP/1.1
User-Agent: selenium/4.8.1 (java mac)
Content-Length: 201
Content-Type: application/json; charset=utf-8
host: localhost:18317
accept: */*

Response DefaultHttpResponse(decodeResult: success, version: HTTP/1.1)
HTTP/1.1 200 OK
Content-Length: 14
Content-Type: application/json; charset=utf-8
cache-control: no-cache

22:22:41.180 [AsyncHttpClient-1-5] DEBUG org.asynchttpclient.netty.channel.ChannelManager - Adding key: http://localhost:18317 for channel [id: 0x48f535d0, L:/127.0.0.1:51168 - R:localhost/127.0.0.1:18317]
22:22:41.191 [Forwarding getAlertText on session 948b4502670855ebe7fc09627ef5ca87 to remote] DEBUG org.asynchttpclient.netty.request.NettyRequestSender - Using pooled Channel '[id: 0x48f535d0, L:/127.0.0.1:51168 - R:localhost/127.0.0.1:18317]' for 'GET' to 'http://localhost:18317/session/948b4502670855ebe7fc09627ef5ca87/alert/text'
22:22:41.192 [Forwarding getAlertText on session 948b4502670855ebe7fc09627ef5ca87 to remote] DEBUG org.asynchttpclient.netty.request.NettyRequestSender - Using open Channel [id: 0x48f535d0, L:/127.0.0.1:51168 - R:localhost/127.0.0.1:18317] for GET '/session/948b4502670855ebe7fc09627ef5ca87/alert/text'
22:22:41.194 [AsyncHttpClient-1-5] DEBUG org.asynchttpclient.netty.handler.HttpHandler - 

Request DefaultFullHttpRequest(decodeResult: success, version: HTTP/1.1, content: EmptyByteBufBE)
GET /session/948b4502670855ebe7fc09627ef5ca87/alert/text HTTP/1.1
User-Agent: selenium/4.8.1 (java mac)
Cache-Control: no-cache
Content-Type: application/json; charset=utf-8
host: localhost:18317
accept: */*

Response DefaultHttpResponse(decodeResult: success, version: HTTP/1.1)
HTTP/1.1 404 Not Found
Content-Length: 1763
Content-Type: application/json; charset=utf-8
cache-control: no-cache

22:22:41.195 [AsyncHttpClient-1-5] DEBUG org.asynchttpclient.netty.channel.ChannelManager - Adding key: http://localhost:18317 for channel [id: 0x48f535d0, L:/127.0.0.1:51168 - R:localhost/127.0.0.1:18317]
22:22:41.197 [Forwarding getCurrentUrl on session 948b4502670855ebe7fc09627ef5ca87 to remote] DEBUG org.asynchttpclient.netty.request.NettyRequestSender - Using pooled Channel '[id: 0x48f535d0, L:/127.0.0.1:51168 - R:localhost/127.0.0.1:18317]' for 'GET' to 'http://localhost:18317/session/948b4502670855ebe7fc09627ef5ca87/url'
22:22:41.197 [Forwarding getCurrentUrl on session 948b4502670855ebe7fc09627ef5ca87 to remote] DEBUG org.asynchttpclient.netty.request.NettyRequestSender - Using open Channel [id: 0x48f535d0, L:/127.0.0.1:51168 - R:localhost/127.0.0.1:18317] for GET '/session/948b4502670855ebe7fc09627ef5ca87/url'
22:22:41.202 [AsyncHttpClient-1-5] DEBUG org.asynchttpclient.netty.handler.HttpHandler - 

Request DefaultFullHttpRequest(decodeResult: success, version: HTTP/1.1, content: EmptyByteBufBE)
GET /session/948b4502670855ebe7fc09627ef5ca87/url HTTP/1.1
User-Agent: selenium/4.8.1 (java mac)
Cache-Control: no-cache
Content-Type: application/json; charset=utf-8
host: localhost:18317
accept: */*

Response DefaultHttpResponse(decodeResult: success, version: HTTP/1.1)
HTTP/1.1 200 OK
Content-Length: 38
Content-Type: application/json; charset=utf-8
cache-control: no-cache

22:22:41.202 [AsyncHttpClient-1-5] DEBUG org.asynchttpclient.netty.channel.ChannelManager - Adding key: http://localhost:18317 for channel [id: 0x48f535d0, L:/127.0.0.1:51168 - R:localhost/127.0.0.1:18317]
22:22:41.203 [Forwarding screenshot on session 948b4502670855ebe7fc09627ef5ca87 to remote] DEBUG org.asynchttpclient.netty.request.NettyRequestSender - Using pooled Channel '[id: 0x48f535d0, L:/127.0.0.1:51168 - R:localhost/127.0.0.1:18317]' for 'GET' to 'http://localhost:18317/session/948b4502670855ebe7fc09627ef5ca87/screenshot'
22:22:41.204 [Forwarding screenshot on session 948b4502670855ebe7fc09627ef5ca87 to remote] DEBUG org.asynchttpclient.netty.request.NettyRequestSender - Using open Channel [id: 0x48f535d0, L:/127.0.0.1:51168 - R:localhost/127.0.0.1:18317] for GET '/session/948b4502670855ebe7fc09627ef5ca87/screenshot'
22:22:41.437 [AsyncHttpClient-1-5] DEBUG org.asynchttpclient.netty.handler.HttpHandler - 

Request DefaultFullHttpRequest(decodeResult: success, version: HTTP/1.1, content: EmptyByteBufBE)
GET /session/948b4502670855ebe7fc09627ef5ca87/screenshot HTTP/1.1
User-Agent: selenium/4.8.1 (java mac)
Cache-Control: no-cache
Content-Type: application/json; charset=utf-8
host: localhost:18317
accept: */*

Response DefaultHttpResponse(decodeResult: success, version: HTTP/1.1)
HTTP/1.1 200 OK
Content-Length: 99628
Content-Type: application/json; charset=utf-8
cache-control: no-cache

22:22:41.437 [AsyncHttpClient-1-5] DEBUG org.asynchttpclient.netty.channel.ChannelManager - Adding key: http://localhost:18317 for channel [id: 0x48f535d0, L:/127.0.0.1:51168 - R:localhost/127.0.0.1:18317]
22:22:41.440 [main] DEBUG net.serenitybdd.core.photography.Darkroom - Send negative for processing for target/site/serenity/e70d2dd3452e3bac70f5ad17a049150460e503fe5f94f3090d8a7c13872b304b.png
22:22:41.440 [Darkroom Processing Line] DEBUG net.serenitybdd.core.photography.DarkroomProcessingLine - Processing screenshot image in /var/screenshots/screenshot-13088876089194901967
22:22:41.441 [Darkroom Processing Line] DEBUG net.serenitybdd.core.photography.DarkroomProcessingLine - Saving screenshot to target/site/serenity/e70d2dd3452e3bac70f5ad17a049150460e503fe5f94f3090d8a7c13872b304b.png
22:22:41.441 [main] DEBUG net.thucydides.core.steps.StepInterceptor - STEP DONE: inputUsername
  &amp#27;[32mWhen &amp#27;[0m&amp#27;[32mI enter an incorrect username&amp#27;[0m                  &amp#27;[90m# starter.stepdefinitions.LoginSteps.enterIncorrectUsername()&amp#27;[0m
22:22:41.452 [Forwarding getPageSource on session 948b4502670855ebe7fc09627ef5ca87 to remote] DEBUG org.asynchttpclient.netty.request.NettyRequestSender - Using pooled Channel '[id: 0x48f535d0, L:/127.0.0.1:51168 - R:localhost/127.0.0.1:18317]' for 'POST' to 'http://localhost:18317/session/948b4502670855ebe7fc09627ef5ca87/execute/sync'
22:22:41.452 [Forwarding getPageSource on session 948b4502670855ebe7fc09627ef5ca87 to remote] DEBUG org.asynchttpclient.netty.request.NettyRequestSender - Using open Channel [id: 0x48f535d0, L:/127.0.0.1:51168 - R:localhost/127.0.0.1:18317] for POST '/session/948b4502670855ebe7fc09627ef5ca87/execute/sync'
22:22:41.455 [AsyncHttpClient-1-5] DEBUG org.asynchttpclient.netty.handler.HttpHandler - 

Request DefaultHttpRequest(decodeResult: success, version: HTTP/1.1)
POST /session/948b4502670855ebe7fc09627ef5ca87/execute/sync HTTP/1.1
User-Agent: selenium/4.8.1 (java mac)
Content-Length: 176
Content-Type: application/json; charset=utf-8
host: localhost:18317
accept: */*

Response DefaultHttpResponse(decodeResult: success, version: HTTP/1.1)
HTTP/1.1 200 OK
Content-Length: 4298
Content-Type: application/json; charset=utf-8
cache-control: no-cache

22:22:41.456 [AsyncHttpClient-1-5] DEBUG org.asynchttpclient.netty.channel.ChannelManager - Adding key: http://localhost:18317 for channel [id: 0x48f535d0, L:/127.0.0.1:51168 - R:localhost/127.0.0.1:18317]
22:22:41.458 [Forwarding getCurrentUrl on session 948b4502670855ebe7fc09627ef5ca87 to remote] DEBUG org.asynchttpclient.netty.request.NettyRequestSender - Using pooled Channel '[id: 0x48f535d0, L:/127.0.0.1:51168 - R:localhost/127.0.0.1:18317]' for 'GET' to 'http://localhost:18317/session/948b4502670855ebe7fc09627ef5ca87/url'
22:22:41.458 [Forwarding getCurrentUrl on session 948b4502670855ebe7fc09627ef5ca87 to remote] DEBUG org.asynchttpclient.netty.request.NettyRequestSender - Using open Channel [id: 0x48f535d0, L:/127.0.0.1:51168 - R:localhost/127.0.0.1:18317] for GET '/session/948b4502670855ebe7fc09627ef5ca87/url'
22:22:41.462 [AsyncHttpClient-1-5] DEBUG org.asynchttpclient.netty.handler.HttpHandler - 

Request DefaultFullHttpRequest(decodeResult: success, version: HTTP/1.1, content: EmptyByteBufBE)
GET /session/948b4502670855ebe7fc09627ef5ca87/url HTTP/1.1
User-Agent: selenium/4.8.1 (java mac)
Cache-Control: no-cache
Content-Type: application/json; charset=utf-8
host: localhost:18317
accept: */*

Response DefaultHttpResponse(decodeResult: success, version: HTTP/1.1)
HTTP/1.1 200 OK
Content-Length: 38
Content-Type: application/json; charset=utf-8
cache-control: no-cache

22:22:41.463 [AsyncHttpClient-1-5] DEBUG org.asynchttpclient.netty.channel.ChannelManager - Adding key: http://localhost:18317 for channel [id: 0x48f535d0, L:/127.0.0.1:51168 - R:localhost/127.0.0.1:18317]
22:22:41.475 [Forwarding getPageSource on session 948b4502670855ebe7fc09627ef5ca87 to remote] DEBUG org.asynchttpclient.netty.request.NettyRequestSender - Using pooled Channel '[id: 0x48f535d0, L:/127.0.0.1:51168 - R:localhost/127.0.0.1:18317]' for 'POST' to 'http://localhost:18317/session/948b4502670855ebe7fc09627ef5ca87/execute/sync'
22:22:41.475 [Forwarding getPageSource on session 948b4502670855ebe7fc09627ef5ca87 to remote] DEBUG org.asynchttpclient.netty.request.NettyRequestSender - Using open Channel [id: 0x48f535d0, L:/127.0.0.1:51168 - R:localhost/127.0.0.1:18317] for POST '/session/948b4502670855ebe7fc09627ef5ca87/execute/sync'
22:22:41.479 [AsyncHttpClient-1-5] DEBUG org.asynchttpclient.netty.handler.HttpHandler - 

Request DefaultHttpRequest(decodeResult: success, version: HTTP/1.1)
POST /session/948b4502670855ebe7fc09627ef5ca87/execute/sync HTTP/1.1
User-Agent: selenium/4.8.1 (java mac)
Content-Length: 176
Content-Type: application/json; charset=utf-8
host: localhost:18317
accept: */*

Response DefaultHttpResponse(decodeResult: success, version: HTTP/1.1)
HTTP/1.1 200 OK
Content-Length: 4298
Content-Type: application/json; charset=utf-8
cache-control: no-cache

22:22:41.480 [AsyncHttpClient-1-5] DEBUG org.asynchttpclient.netty.channel.ChannelManager - Adding key: http://localhost:18317 for channel [id: 0x48f535d0, L:/127.0.0.1:51168 - R:localhost/127.0.0.1:18317]
22:22:41.482 [Forwarding getCurrentUrl on session 948b4502670855ebe7fc09627ef5ca87 to remote] DEBUG org.asynchttpclient.netty.request.NettyRequestSender - Using pooled Channel '[id: 0x48f535d0, L:/127.0.0.1:51168 - R:localhost/127.0.0.1:18317]' for 'GET' to 'http://localhost:18317/session/948b4502670855ebe7fc09627ef5ca87/url'
22:22:41.482 [Forwarding getCurrentUrl on session 948b4502670855ebe7fc09627ef5ca87 to remote] DEBUG org.asynchttpclient.netty.request.NettyRequestSender - Using open Channel [id: 0x48f535d0, L:/127.0.0.1:51168 - R:localhost/127.0.0.1:18317] for GET '/session/948b4502670855ebe7fc09627ef5ca87/url'
22:22:41.485 [AsyncHttpClient-1-5] DEBUG org.asynchttpclient.netty.handler.HttpHandler - 

Request DefaultFullHttpRequest(decodeResult: success, version: HTTP/1.1, content: EmptyByteBufBE)
GET /session/948b4502670855ebe7fc09627ef5ca87/url HTTP/1.1
User-Agent: selenium/4.8.1 (java mac)
Cache-Control: no-cache
Content-Type: application/json; charset=utf-8
host: localhost:18317
accept: */*

Response DefaultHttpResponse(decodeResult: success, version: HTTP/1.1)
HTTP/1.1 200 OK
Content-Length: 38
Content-Type: application/json; charset=utf-8
cache-control: no-cache

22:22:41.486 [AsyncHttpClient-1-5] DEBUG org.asynchttpclient.netty.channel.ChannelManager - Adding key: http://localhost:18317 for channel [id: 0x48f535d0, L:/127.0.0.1:51168 - R:localhost/127.0.0.1:18317]
22:22:41.487 [main] DEBUG net.thucydides.core.steps.StepInterceptor - STARTING STEP: LoginSteps.inputValidPassword - inputPassword
22:22:41.490 [Forwarding findElement on session 948b4502670855ebe7fc09627ef5ca87 to remote] DEBUG org.asynchttpclient.netty.request.NettyRequestSender - Using pooled Channel '[id: 0x48f535d0, L:/127.0.0.1:51168 - R:localhost/127.0.0.1:18317]' for 'POST' to 'http://localhost:18317/session/948b4502670855ebe7fc09627ef5ca87/element'
22:22:41.490 [Forwarding findElement on session 948b4502670855ebe7fc09627ef5ca87 to remote] DEBUG org.asynchttpclient.netty.request.NettyRequestSender - Using open Channel [id: 0x48f535d0, L:/127.0.0.1:51168 - R:localhost/127.0.0.1:18317] for POST '/session/948b4502670855ebe7fc09627ef5ca87/element'
22:22:41.500 [AsyncHttpClient-1-5] DEBUG org.asynchttpclient.netty.handler.HttpHandler - 

Request DefaultHttpRequest(decodeResult: success, version: HTTP/1.1)
POST /session/948b4502670855ebe7fc09627ef5ca87/element HTTP/1.1
User-Agent: selenium/4.8.1 (java mac)
Content-Length: 53
Content-Type: application/json; charset=utf-8
host: localhost:18317
accept: */*

Response DefaultHttpResponse(decodeResult: success, version: HTTP/1.1)
HTTP/1.1 200 OK
Content-Length: 88
Content-Type: application/json; charset=utf-8
cache-control: no-cache

22:22:41.500 [AsyncHttpClient-1-5] DEBUG org.asynchttpclient.netty.channel.ChannelManager - Adding key: http://localhost:18317 for channel [id: 0x48f535d0, L:/127.0.0.1:51168 - R:localhost/127.0.0.1:18317]
22:22:41.501 [Forwarding clearElement on session 948b4502670855ebe7fc09627ef5ca87 to remote] DEBUG org.asynchttpclient.netty.request.NettyRequestSender - Using pooled Channel '[id: 0x48f535d0, L:/127.0.0.1:51168 - R:localhost/127.0.0.1:18317]' for 'POST' to 'http://localhost:18317/session/948b4502670855ebe7fc09627ef5ca87/element/026faae4-d97c-49ac-b31c-aa9b60982eab/clear'
22:22:41.502 [Forwarding clearElement on session 948b4502670855ebe7fc09627ef5ca87 to remote] DEBUG org.asynchttpclient.netty.request.NettyRequestSender - Using open Channel [id: 0x48f535d0, L:/127.0.0.1:51168 - R:localhost/127.0.0.1:18317] for POST '/session/948b4502670855ebe7fc09627ef5ca87/element/026faae4-d97c-49ac-b31c-aa9b60982eab/clear'
22:22:41.526 [AsyncHttpClient-1-5] DEBUG org.asynchttpclient.netty.handler.HttpHandler - 

Request DefaultHttpRequest(decodeResult: success, version: HTTP/1.1)
POST /session/948b4502670855ebe7fc09627ef5ca87/element/026faae4-d97c-49ac-b31c-aa9b60982eab/clear HTTP/1.1
User-Agent: selenium/4.8.1 (java mac)
Content-Length: 50
Content-Type: application/json; charset=utf-8
host: localhost:18317
accept: */*

Response DefaultHttpResponse(decodeResult: success, version: HTTP/1.1)
HTTP/1.1 200 OK
Content-Length: 14
Content-Type: application/json; charset=utf-8
cache-control: no-cache

22:22:41.526 [AsyncHttpClient-1-5] DEBUG org.asynchttpclient.netty.channel.ChannelManager - Adding key: http://localhost:18317 for channel [id: 0x48f535d0, L:/127.0.0.1:51168 - R:localhost/127.0.0.1:18317]
22:22:41.529 [Forwarding sendKeysToElement on session 948b4502670855ebe7fc09627ef5ca87 to remote] DEBUG org.asynchttpclient.netty.request.NettyRequestSender - Using pooled Channel '[id: 0x48f535d0, L:/127.0.0.1:51168 - R:localhost/127.0.0.1:18317]' for 'POST' to 'http://localhost:18317/session/948b4502670855ebe7fc09627ef5ca87/element/026faae4-d97c-49ac-b31c-aa9b60982eab/value'
22:22:41.529 [Forwarding sendKeysToElement on session 948b4502670855ebe7fc09627ef5ca87 to remote] DEBUG org.asynchttpclient.netty.request.NettyRequestSender - Using open Channel [id: 0x48f535d0, L:/127.0.0.1:51168 - R:localhost/127.0.0.1:18317] for POST '/session/948b4502670855ebe7fc09627ef5ca87/element/026faae4-d97c-49ac-b31c-aa9b60982eab/value'
22:22:41.584 [AsyncHttpClient-1-5] DEBUG org.asynchttpclient.netty.handler.HttpHandler - 

Request DefaultHttpRequest(decodeResult: success, version: HTTP/1.1)
POST /session/948b4502670855ebe7fc09627ef5ca87/element/026faae4-d97c-49ac-b31c-aa9b60982eab/value HTTP/1.1
User-Agent: selenium/4.8.1 (java mac)
Content-Length: 201
Content-Type: application/json; charset=utf-8
host: localhost:18317
accept: */*

Response DefaultHttpResponse(decodeResult: success, version: HTTP/1.1)
HTTP/1.1 200 OK
Content-Length: 14
Content-Type: application/json; charset=utf-8
cache-control: no-cache

22:22:41.584 [AsyncHttpClient-1-5] DEBUG org.asynchttpclient.netty.channel.ChannelManager - Adding key: http://localhost:18317 for channel [id: 0x48f535d0, L:/127.0.0.1:51168 - R:localhost/127.0.0.1:18317]
22:22:41.593 [Forwarding getAlertText on session 948b4502670855ebe7fc09627ef5ca87 to remote] DEBUG org.asynchttpclient.netty.request.NettyRequestSender - Using pooled Channel '[id: 0x48f535d0, L:/127.0.0.1:51168 - R:localhost/127.0.0.1:18317]' for 'GET' to 'http://localhost:18317/session/948b4502670855ebe7fc09627ef5ca87/alert/text'
22:22:41.593 [Forwarding getAlertText on session 948b4502670855ebe7fc09627ef5ca87 to remote] DEBUG org.asynchttpclient.netty.request.NettyRequestSender - Using open Channel [id: 0x48f535d0, L:/127.0.0.1:51168 - R:localhost/127.0.0.1:18317] for GET '/session/948b4502670855ebe7fc09627ef5ca87/alert/text'
22:22:41.596 [AsyncHttpClient-1-5] DEBUG org.asynchttpclient.netty.handler.HttpHandler - 

Request DefaultFullHttpRequest(decodeResult: success, version: HTTP/1.1, content: EmptyByteBufBE)
GET /session/948b4502670855ebe7fc09627ef5ca87/alert/text HTTP/1.1
User-Agent: selenium/4.8.1 (java mac)
Cache-Control: no-cache
Content-Type: application/json; charset=utf-8
host: localhost:18317
accept: */*

Response DefaultHttpResponse(decodeResult: success, version: HTTP/1.1)
HTTP/1.1 404 Not Found
Content-Length: 1763
Content-Type: application/json; charset=utf-8
cache-control: no-cache

22:22:41.596 [AsyncHttpClient-1-5] DEBUG org.asynchttpclient.netty.channel.ChannelManager - Adding key: http://localhost:18317 for channel [id: 0x48f535d0, L:/127.0.0.1:51168 - R:localhost/127.0.0.1:18317]
22:22:41.597 [Forwarding getCurrentUrl on session 948b4502670855ebe7fc09627ef5ca87 to remote] DEBUG org.asynchttpclient.netty.request.NettyRequestSender - Using pooled Channel '[id: 0x48f535d0, L:/127.0.0.1:51168 - R:localhost/127.0.0.1:18317]' for 'GET' to 'http://localhost:18317/session/948b4502670855ebe7fc09627ef5ca87/url'
22:22:41.598 [Forwarding getCurrentUrl on session 948b4502670855ebe7fc09627ef5ca87 to remote] DEBUG org.asynchttpclient.netty.request.NettyRequestSender - Using open Channel [id: 0x48f535d0, L:/127.0.0.1:51168 - R:localhost/127.0.0.1:18317] for GET '/session/948b4502670855ebe7fc09627ef5ca87/url'
22:22:41.601 [AsyncHttpClient-1-5] DEBUG org.asynchttpclient.netty.handler.HttpHandler - 

Request DefaultFullHttpRequest(decodeResult: success, version: HTTP/1.1, content: EmptyByteBufBE)
GET /session/948b4502670855ebe7fc09627ef5ca87/url HTTP/1.1
User-Agent: selenium/4.8.1 (java mac)
Cache-Control: no-cache
Content-Type: application/json; charset=utf-8
host: localhost:18317
accept: */*

Response DefaultHttpResponse(decodeResult: success, version: HTTP/1.1)
HTTP/1.1 200 OK
Content-Length: 38
Content-Type: application/json; charset=utf-8
cache-control: no-cache

22:22:41.601 [AsyncHttpClient-1-5] DEBUG org.asynchttpclient.netty.channel.ChannelManager - Adding key: http://localhost:18317 for channel [id: 0x48f535d0, L:/127.0.0.1:51168 - R:localhost/127.0.0.1:18317]
22:22:41.602 [Forwarding screenshot on session 948b4502670855ebe7fc09627ef5ca87 to remote] DEBUG org.asynchttpclient.netty.request.NettyRequestSender - Using pooled Channel '[id: 0x48f535d0, L:/127.0.0.1:51168 - R:localhost/127.0.0.1:18317]' for 'GET' to 'http://localhost:18317/session/948b4502670855ebe7fc09627ef5ca87/screenshot'
22:22:41.602 [Forwarding screenshot on session 948b4502670855ebe7fc09627ef5ca87 to remote] DEBUG org.asynchttpclient.netty.request.NettyRequestSender - Using open Channel [id: 0x48f535d0, L:/127.0.0.1:51168 - R:localhost/127.0.0.1:18317] for GET '/session/948b4502670855ebe7fc09627ef5ca87/screenshot'
22:22:41.814 [AsyncHttpClient-1-5] DEBUG org.asynchttpclient.netty.handler.HttpHandler - 

Request DefaultFullHttpRequest(decodeResult: success, version: HTTP/1.1, content: EmptyByteBufBE)
GET /session/948b4502670855ebe7fc09627ef5ca87/screenshot HTTP/1.1
User-Agent: selenium/4.8.1 (java mac)
Cache-Control: no-cache
Content-Type: application/json; charset=utf-8
host: localhost:18317
accept: */*

Response DefaultHttpResponse(decodeResult: success, version: HTTP/1.1)
HTTP/1.1 200 OK
Content-Length: 95736
Content-Type: application/json; charset=utf-8
cache-control: no-cache

22:22:41.815 [AsyncHttpClient-1-5] DEBUG org.asynchttpclient.netty.channel.ChannelManager - Adding key: http://localhost:18317 for channel [id: 0x48f535d0, L:/127.0.0.1:51168 - R:localhost/127.0.0.1:18317]
22:22:41.818 [main] DEBUG net.serenitybdd.core.photography.Darkroom - Send negative for processing for target/site/serenity/ae02916a5244a7bccc475f58d4593e6b8d4eeec4f066bb1d19d77bfc11d8927d.png
22:22:41.818 [main] DEBUG net.thucydides.core.steps.StepInterceptor - STEP DONE: inputPassword
22:22:41.818 [Darkroom Processing Line] DEBUG net.serenitybdd.core.photography.DarkroomProcessingLine - Processing screenshot image in /var/screenshots/screenshot-4686131090418401647
22:22:41.819 [Darkroom Processing Line] DEBUG net.serenitybdd.core.photography.DarkroomProcessingLine - Saving screenshot to target/site/serenity/ae02916a5244a7bccc475f58d4593e6b8d4eeec4f066bb1d19d77bfc11d8927d.png
  &amp#27;[32mAnd &amp#27;[0m&amp#27;[32mI input valid password&amp#27;[0m                          &amp#27;[90m# starter.stepdefinitions.LoginSteps.inputValidPassword()&amp#27;[0m
22:22:41.829 [Forwarding getPageSource on session 948b4502670855ebe7fc09627ef5ca87 to remote] DEBUG org.asynchttpclient.netty.request.NettyRequestSender - Using pooled Channel '[id: 0x48f535d0, L:/127.0.0.1:51168 - R:localhost/127.0.0.1:18317]' for 'POST' to 'http://localhost:18317/session/948b4502670855ebe7fc09627ef5ca87/execute/sync'
22:22:41.829 [Forwarding getPageSource on session 948b4502670855ebe7fc09627ef5ca87 to remote] DEBUG org.asynchttpclient.netty.request.NettyRequestSender - Using open Channel [id: 0x48f535d0, L:/127.0.0.1:51168 - R:localhost/127.0.0.1:18317] for POST '/session/948b4502670855ebe7fc09627ef5ca87/execute/sync'
22:22:41.833 [AsyncHttpClient-1-5] DEBUG org.asynchttpclient.netty.handler.HttpHandler - 

Request DefaultHttpRequest(decodeResult: success, version: HTTP/1.1)
POST /session/948b4502670855ebe7fc09627ef5ca87/execute/sync HTTP/1.1
User-Agent: selenium/4.8.1 (java mac)
Content-Length: 176
Content-Type: application/json; charset=utf-8
host: localhost:18317
accept: */*

Response DefaultHttpResponse(decodeResult: success, version: HTTP/1.1)
HTTP/1.1 200 OK
Content-Length: 4310
Content-Type: application/json; charset=utf-8
cache-control: no-cache

22:22:41.833 [AsyncHttpClient-1-5] DEBUG org.asynchttpclient.netty.channel.ChannelManager - Adding key: http://localhost:18317 for channel [id: 0x48f535d0, L:/127.0.0.1:51168 - R:localhost/127.0.0.1:18317]
22:22:41.836 [Forwarding getCurrentUrl on session 948b4502670855ebe7fc09627ef5ca87 to remote] DEBUG org.asynchttpclient.netty.request.NettyRequestSender - Using pooled Channel '[id: 0x48f535d0, L:/127.0.0.1:51168 - R:localhost/127.0.0.1:18317]' for 'GET' to 'http://localhost:18317/session/948b4502670855ebe7fc09627ef5ca87/url'
22:22:41.836 [Forwarding getCurrentUrl on session 948b4502670855ebe7fc09627ef5ca87 to remote] DEBUG org.asynchttpclient.netty.request.NettyRequestSender - Using open Channel [id: 0x48f535d0, L:/127.0.0.1:51168 - R:localhost/127.0.0.1:18317] for GET '/session/948b4502670855ebe7fc09627ef5ca87/url'
22:22:41.839 [AsyncHttpClient-1-5] DEBUG org.asynchttpclient.netty.handler.HttpHandler - 

Request DefaultFullHttpRequest(decodeResult: success, version: HTTP/1.1, content: EmptyByteBufBE)
GET /session/948b4502670855ebe7fc09627ef5ca87/url HTTP/1.1
User-Agent: selenium/4.8.1 (java mac)
Cache-Control: no-cache
Content-Type: application/json; charset=utf-8
host: localhost:18317
accept: */*

Response DefaultHttpResponse(decodeResult: success, version: HTTP/1.1)
HTTP/1.1 200 OK
Content-Length: 38
Content-Type: application/json; charset=utf-8
cache-control: no-cache

22:22:41.839 [AsyncHttpClient-1-5] DEBUG org.asynchttpclient.netty.channel.ChannelManager - Adding key: http://localhost:18317 for channel [id: 0x48f535d0, L:/127.0.0.1:51168 - R:localhost/127.0.0.1:18317]
22:22:41.849 [Forwarding getPageSource on session 948b4502670855ebe7fc09627ef5ca87 to remote] DEBUG org.asynchttpclient.netty.request.NettyRequestSender - Using pooled Channel '[id: 0x48f535d0, L:/127.0.0.1:51168 - R:localhost/127.0.0.1:18317]' for 'POST' to 'http://localhost:18317/session/948b4502670855ebe7fc09627ef5ca87/execute/sync'
22:22:41.850 [Forwarding getPageSource on session 948b4502670855ebe7fc09627ef5ca87 to remote] DEBUG org.asynchttpclient.netty.request.NettyRequestSender - Using open Channel [id: 0x48f535d0, L:/127.0.0.1:51168 - R:localhost/127.0.0.1:18317] for POST '/session/948b4502670855ebe7fc09627ef5ca87/execute/sync'
22:22:41.854 [AsyncHttpClient-1-5] DEBUG org.asynchttpclient.netty.handler.HttpHandler - 

Request DefaultHttpRequest(decodeResult: success, version: HTTP/1.1)
POST /session/948b4502670855ebe7fc09627ef5ca87/execute/sync HTTP/1.1
User-Agent: selenium/4.8.1 (java mac)
Content-Length: 176
Content-Type: application/json; charset=utf-8
host: localhost:18317
accept: */*

Response DefaultHttpResponse(decodeResult: success, version: HTTP/1.1)
HTTP/1.1 200 OK
Content-Length: 4310
Content-Type: application/json; charset=utf-8
cache-control: no-cache

22:22:41.854 [AsyncHttpClient-1-5] DEBUG org.asynchttpclient.netty.channel.ChannelManager - Adding key: http://localhost:18317 for channel [id: 0x48f535d0, L:/127.0.0.1:51168 - R:localhost/127.0.0.1:18317]
22:22:41.856 [Forwarding getCurrentUrl on session 948b4502670855ebe7fc09627ef5ca87 to remote] DEBUG org.asynchttpclient.netty.request.NettyRequestSender - Using pooled Channel '[id: 0x48f535d0, L:/127.0.0.1:51168 - R:localhost/127.0.0.1:18317]' for 'GET' to 'http://localhost:18317/session/948b4502670855ebe7fc09627ef5ca87/url'
22:22:41.856 [Forwarding getCurrentUrl on session 948b4502670855ebe7fc09627ef5ca87 to remote] DEBUG org.asynchttpclient.netty.request.NettyRequestSender - Using open Channel [id: 0x48f535d0, L:/127.0.0.1:51168 - R:localhost/127.0.0.1:18317] for GET '/session/948b4502670855ebe7fc09627ef5ca87/url'
22:22:41.859 [AsyncHttpClient-1-5] DEBUG org.asynchttpclient.netty.handler.HttpHandler - 

Request DefaultFullHttpRequest(decodeResult: success, version: HTTP/1.1, content: EmptyByteBufBE)
GET /session/948b4502670855ebe7fc09627ef5ca87/url HTTP/1.1
User-Agent: selenium/4.8.1 (java mac)
Cache-Control: no-cache
Content-Type: application/json; charset=utf-8
host: localhost:18317
accept: */*

Response DefaultHttpResponse(decodeResult: success, version: HTTP/1.1)
HTTP/1.1 200 OK
Content-Length: 38
Content-Type: application/json; charset=utf-8
cache-control: no-cache

22:22:41.860 [AsyncHttpClient-1-5] DEBUG org.asynchttpclient.netty.channel.ChannelManager - Adding key: http://localhost:18317 for channel [id: 0x48f535d0, L:/127.0.0.1:51168 - R:localhost/127.0.0.1:18317]
22:22:41.862 [main] DEBUG net.thucydides.core.steps.StepInterceptor - STARTING STEP: LoginSteps.clickTheLoginButton - ClickLoginButton
22:22:41.865 [Forwarding findElement on session 948b4502670855ebe7fc09627ef5ca87 to remote] DEBUG org.asynchttpclient.netty.request.NettyRequestSender - Using pooled Channel '[id: 0x48f535d0, L:/127.0.0.1:51168 - R:localhost/127.0.0.1:18317]' for 'POST' to 'http://localhost:18317/session/948b4502670855ebe7fc09627ef5ca87/element'
22:22:41.865 [Forwarding findElement on session 948b4502670855ebe7fc09627ef5ca87 to remote] DEBUG org.asynchttpclient.netty.request.NettyRequestSender - Using open Channel [id: 0x48f535d0, L:/127.0.0.1:51168 - R:localhost/127.0.0.1:18317] for POST '/session/948b4502670855ebe7fc09627ef5ca87/element'
22:22:41.870 [AsyncHttpClient-1-5] DEBUG org.asynchttpclient.netty.handler.HttpHandler - 

Request DefaultHttpRequest(decodeResult: success, version: HTTP/1.1)
POST /session/948b4502670855ebe7fc09627ef5ca87/element HTTP/1.1
User-Agent: selenium/4.8.1 (java mac)
Content-Length: 59
Content-Type: application/json; charset=utf-8
host: localhost:18317
accept: */*

Response DefaultHttpResponse(decodeResult: success, version: HTTP/1.1)
HTTP/1.1 200 OK
Content-Length: 88
Content-Type: application/json; charset=utf-8
cache-control: no-cache

22:22:41.870 [AsyncHttpClient-1-5] DEBUG org.asynchttpclient.netty.channel.ChannelManager - Adding key: http://localhost:18317 for channel [id: 0x48f535d0, L:/127.0.0.1:51168 - R:localhost/127.0.0.1:18317]
22:22:41.872 [Forwarding getElementTagName on session 948b4502670855ebe7fc09627ef5ca87 to remote] DEBUG org.asynchttpclient.netty.request.NettyRequestSender - Using pooled Channel '[id: 0x48f535d0, L:/127.0.0.1:51168 - R:localhost/127.0.0.1:18317]' for 'GET' to 'http://localhost:18317/session/948b4502670855ebe7fc09627ef5ca87/element/f1a98c9d-19e4-4c1c-b54f-a0b765869e4f/name'
22:22:41.872 [Forwarding getElementTagName on session 948b4502670855ebe7fc09627ef5ca87 to remote] DEBUG org.asynchttpclient.netty.request.NettyRequestSender - Using open Channel [id: 0x48f535d0, L:/127.0.0.1:51168 - R:localhost/127.0.0.1:18317] for GET '/session/948b4502670855ebe7fc09627ef5ca87/element/f1a98c9d-19e4-4c1c-b54f-a0b765869e4f/name'
22:22:41.876 [AsyncHttpClient-1-5] DEBUG org.asynchttpclient.netty.handler.HttpHandler - 

Request DefaultFullHttpRequest(decodeResult: success, version: HTTP/1.1, content: EmptyByteBufBE)
GET /session/948b4502670855ebe7fc09627ef5ca87/element/f1a98c9d-19e4-4c1c-b54f-a0b765869e4f/name HTTP/1.1
User-Agent: selenium/4.8.1 (java mac)
Cache-Control: no-cache
Content-Type: application/json; charset=utf-8
host: localhost:18317
accept: */*

Response DefaultHttpResponse(decodeResult: success, version: HTTP/1.1)
HTTP/1.1 200 OK
Content-Length: 17
Content-Type: application/json; charset=utf-8
cache-control: no-cache

22:22:41.876 [AsyncHttpClient-1-5] DEBUG org.asynchttpclient.netty.channel.ChannelManager - Adding key: http://localhost:18317 for channel [id: 0x48f535d0, L:/127.0.0.1:51168 - R:localhost/127.0.0.1:18317]
22:22:41.878 [Forwarding getElementTagName on session 948b4502670855ebe7fc09627ef5ca87 to remote] DEBUG org.asynchttpclient.netty.request.NettyRequestSender - Using pooled Channel '[id: 0x48f535d0, L:/127.0.0.1:51168 - R:localhost/127.0.0.1:18317]' for 'GET' to 'http://localhost:18317/session/948b4502670855ebe7fc09627ef5ca87/element/f1a98c9d-19e4-4c1c-b54f-a0b765869e4f/name'
22:22:41.878 [Forwarding getElementTagName on session 948b4502670855ebe7fc09627ef5ca87 to remote] DEBUG org.asynchttpclient.netty.request.NettyRequestSender - Using open Channel [id: 0x48f535d0, L:/127.0.0.1:51168 - R:localhost/127.0.0.1:18317] for GET '/session/948b4502670855ebe7fc09627ef5ca87/element/f1a98c9d-19e4-4c1c-b54f-a0b765869e4f/name'
22:22:41.882 [AsyncHttpClient-1-5] DEBUG org.asynchttpclient.netty.handler.HttpHandler - 

Request DefaultFullHttpRequest(decodeResult: success, version: HTTP/1.1, content: EmptyByteBufBE)
GET /session/948b4502670855ebe7fc09627ef5ca87/element/f1a98c9d-19e4-4c1c-b54f-a0b765869e4f/name HTTP/1.1
User-Agent: selenium/4.8.1 (java mac)
Cache-Control: no-cache
Content-Type: application/json; charset=utf-8
host: localhost:18317
accept: */*

Response DefaultHttpResponse(decodeResult: success, version: HTTP/1.1)
HTTP/1.1 200 OK
Content-Length: 17
Content-Type: application/json; charset=utf-8
cache-control: no-cache

22:22:41.882 [AsyncHttpClient-1-5] DEBUG org.asynchttpclient.netty.channel.ChannelManager - Adding key: http://localhost:18317 for channel [id: 0x48f535d0, L:/127.0.0.1:51168 - R:localhost/127.0.0.1:18317]
22:22:41.886 [Forwarding isElementEnabled on session 948b4502670855ebe7fc09627ef5ca87 to remote] DEBUG org.asynchttpclient.netty.request.NettyRequestSender - Using pooled Channel '[id: 0x48f535d0, L:/127.0.0.1:51168 - R:localhost/127.0.0.1:18317]' for 'GET' to 'http://localhost:18317/session/948b4502670855ebe7fc09627ef5ca87/element/f1a98c9d-19e4-4c1c-b54f-a0b765869e4f/enabled'
22:22:41.886 [Forwarding isElementEnabled on session 948b4502670855ebe7fc09627ef5ca87 to remote] DEBUG org.asynchttpclient.netty.request.NettyRequestSender - Using open Channel [id: 0x48f535d0, L:/127.0.0.1:51168 - R:localhost/127.0.0.1:18317] for GET '/session/948b4502670855ebe7fc09627ef5ca87/element/f1a98c9d-19e4-4c1c-b54f-a0b765869e4f/enabled'
22:22:41.894 [AsyncHttpClient-1-5] DEBUG org.asynchttpclient.netty.handler.HttpHandler - 

Request DefaultFullHttpRequest(decodeResult: success, version: HTTP/1.1, content: EmptyByteBufBE)
GET /session/948b4502670855ebe7fc09627ef5ca87/element/f1a98c9d-19e4-4c1c-b54f-a0b765869e4f/enabled HTTP/1.1
User-Agent: selenium/4.8.1 (java mac)
Cache-Control: no-cache
Content-Type: application/json; charset=utf-8
host: localhost:18317
accept: */*

Response DefaultHttpResponse(decodeResult: success, version: HTTP/1.1)
HTTP/1.1 200 OK
Content-Length: 14
Content-Type: application/json; charset=utf-8
cache-control: no-cache

22:22:41.895 [AsyncHttpClient-1-5] DEBUG org.asynchttpclient.netty.channel.ChannelManager - Adding key: http://localhost:18317 for channel [id: 0x48f535d0, L:/127.0.0.1:51168 - R:localhost/127.0.0.1:18317]
22:22:41.897 [Forwarding isElementEnabled on session 948b4502670855ebe7fc09627ef5ca87 to remote] DEBUG org.asynchttpclient.netty.request.NettyRequestSender - Using pooled Channel '[id: 0x48f535d0, L:/127.0.0.1:51168 - R:localhost/127.0.0.1:18317]' for 'GET' to 'http://localhost:18317/session/948b4502670855ebe7fc09627ef5ca87/element/f1a98c9d-19e4-4c1c-b54f-a0b765869e4f/enabled'
22:22:41.897 [Forwarding isElementEnabled on session 948b4502670855ebe7fc09627ef5ca87 to remote] DEBUG org.asynchttpclient.netty.request.NettyRequestSender - Using open Channel [id: 0x48f535d0, L:/127.0.0.1:51168 - R:localhost/127.0.0.1:18317] for GET '/session/948b4502670855ebe7fc09627ef5ca87/element/f1a98c9d-19e4-4c1c-b54f-a0b765869e4f/enabled'
22:22:41.902 [AsyncHttpClient-1-5] DEBUG org.asynchttpclient.netty.handler.HttpHandler - 

Request DefaultFullHttpRequest(decodeResult: success, version: HTTP/1.1, content: EmptyByteBufBE)
GET /session/948b4502670855ebe7fc09627ef5ca87/element/f1a98c9d-19e4-4c1c-b54f-a0b765869e4f/enabled HTTP/1.1
User-Agent: selenium/4.8.1 (java mac)
Cache-Control: no-cache
Content-Type: application/json; charset=utf-8
host: localhost:18317
accept: */*

Response DefaultHttpResponse(decodeResult: success, version: HTTP/1.1)
HTTP/1.1 200 OK
Content-Length: 14
Content-Type: application/json; charset=utf-8
cache-control: no-cache

22:22:41.902 [AsyncHttpClient-1-5] DEBUG org.asynchttpclient.netty.channel.ChannelManager - Adding key: http://localhost:18317 for channel [id: 0x48f535d0, L:/127.0.0.1:51168 - R:localhost/127.0.0.1:18317]
22:22:41.905 [Forwarding findElement on session 948b4502670855ebe7fc09627ef5ca87 to remote] DEBUG org.asynchttpclient.netty.request.NettyRequestSender - Using pooled Channel '[id: 0x48f535d0, L:/127.0.0.1:51168 - R:localhost/127.0.0.1:18317]' for 'POST' to 'http://localhost:18317/session/948b4502670855ebe7fc09627ef5ca87/element'
22:22:41.905 [Forwarding findElement on session 948b4502670855ebe7fc09627ef5ca87 to remote] DEBUG org.asynchttpclient.netty.request.NettyRequestSender - Using open Channel [id: 0x48f535d0, L:/127.0.0.1:51168 - R:localhost/127.0.0.1:18317] for POST '/session/948b4502670855ebe7fc09627ef5ca87/element'
22:22:41.911 [AsyncHttpClient-1-5] DEBUG org.asynchttpclient.netty.handler.HttpHandler - 

Request DefaultHttpRequest(decodeResult: success, version: HTTP/1.1)
POST /session/948b4502670855ebe7fc09627ef5ca87/element HTTP/1.1
User-Agent: selenium/4.8.1 (java mac)
Content-Length: 59
Content-Type: application/json; charset=utf-8
host: localhost:18317
accept: */*

Response DefaultHttpResponse(decodeResult: success, version: HTTP/1.1)
HTTP/1.1 200 OK
Content-Length: 88
Content-Type: application/json; charset=utf-8
cache-control: no-cache

22:22:41.911 [AsyncHttpClient-1-5] DEBUG org.asynchttpclient.netty.channel.ChannelManager - Adding key: http://localhost:18317 for channel [id: 0x48f535d0, L:/127.0.0.1:51168 - R:localhost/127.0.0.1:18317]
22:22:41.913 [Forwarding clickElement on session 948b4502670855ebe7fc09627ef5ca87 to remote] DEBUG org.asynchttpclient.netty.request.NettyRequestSender - Using pooled Channel '[id: 0x48f535d0, L:/127.0.0.1:51168 - R:localhost/127.0.0.1:18317]' for 'POST' to 'http://localhost:18317/session/948b4502670855ebe7fc09627ef5ca87/element/f1a98c9d-19e4-4c1c-b54f-a0b765869e4f/click'
22:22:41.913 [Forwarding clickElement on session 948b4502670855ebe7fc09627ef5ca87 to remote] DEBUG org.asynchttpclient.netty.request.NettyRequestSender - Using open Channel [id: 0x48f535d0, L:/127.0.0.1:51168 - R:localhost/127.0.0.1:18317] for POST '/session/948b4502670855ebe7fc09627ef5ca87/element/f1a98c9d-19e4-4c1c-b54f-a0b765869e4f/click'
22:22:41.972 [AsyncHttpClient-1-5] DEBUG org.asynchttpclient.netty.handler.HttpHandler - 

Request DefaultHttpRequest(decodeResult: success, version: HTTP/1.1)
POST /session/948b4502670855ebe7fc09627ef5ca87/element/f1a98c9d-19e4-4c1c-b54f-a0b765869e4f/click HTTP/1.1
User-Agent: selenium/4.8.1 (java mac)
Content-Length: 50
Content-Type: application/json; charset=utf-8
host: localhost:18317
accept: */*

Response DefaultHttpResponse(decodeResult: success, version: HTTP/1.1)
HTTP/1.1 200 OK
Content-Length: 14
Content-Type: application/json; charset=utf-8
cache-control: no-cache

22:22:41.973 [AsyncHttpClient-1-5] DEBUG org.asynchttpclient.netty.channel.ChannelManager - Adding key: http://localhost:18317 for channel [id: 0x48f535d0, L:/127.0.0.1:51168 - R:localhost/127.0.0.1:18317]
22:22:41.981 [Forwarding getAlertText on session 948b4502670855ebe7fc09627ef5ca87 to remote] DEBUG org.asynchttpclient.netty.request.NettyRequestSender - Using pooled Channel '[id: 0x48f535d0, L:/127.0.0.1:51168 - R:localhost/127.0.0.1:18317]' for 'GET' to 'http://localhost:18317/session/948b4502670855ebe7fc09627ef5ca87/alert/text'
22:22:41.981 [Forwarding getAlertText on session 948b4502670855ebe7fc09627ef5ca87 to remote] DEBUG org.asynchttpclient.netty.request.NettyRequestSender - Using open Channel [id: 0x48f535d0, L:/127.0.0.1:51168 - R:localhost/127.0.0.1:18317] for GET '/session/948b4502670855ebe7fc09627ef5ca87/alert/text'
22:22:41.983 [AsyncHttpClient-1-5] DEBUG org.asynchttpclient.netty.handler.HttpHandler - 

Request DefaultFullHttpRequest(decodeResult: success, version: HTTP/1.1, content: EmptyByteBufBE)
GET /session/948b4502670855ebe7fc09627ef5ca87/alert/text HTTP/1.1
User-Agent: selenium/4.8.1 (java mac)
Cache-Control: no-cache
Content-Type: application/json; charset=utf-8
host: localhost:18317
accept: */*

Response DefaultHttpResponse(decodeResult: success, version: HTTP/1.1)
HTTP/1.1 404 Not Found
Content-Length: 1763
Content-Type: application/json; charset=utf-8
cache-control: no-cache

22:22:41.984 [AsyncHttpClient-1-5] DEBUG org.asynchttpclient.netty.channel.ChannelManager - Adding key: http://localhost:18317 for channel [id: 0x48f535d0, L:/127.0.0.1:51168 - R:localhost/127.0.0.1:18317]
22:22:41.986 [Forwarding getCurrentUrl on session 948b4502670855ebe7fc09627ef5ca87 to remote] DEBUG org.asynchttpclient.netty.request.NettyRequestSender - Using pooled Channel '[id: 0x48f535d0, L:/127.0.0.1:51168 - R:localhost/127.0.0.1:18317]' for 'GET' to 'http://localhost:18317/session/948b4502670855ebe7fc09627ef5ca87/url'
22:22:41.986 [Forwarding getCurrentUrl on session 948b4502670855ebe7fc09627ef5ca87 to remote] DEBUG org.asynchttpclient.netty.request.NettyRequestSender - Using open Channel [id: 0x48f535d0, L:/127.0.0.1:51168 - R:localhost/127.0.0.1:18317] for GET '/session/948b4502670855ebe7fc09627ef5ca87/url'
22:22:41.990 [AsyncHttpClient-1-5] DEBUG org.asynchttpclient.netty.handler.HttpHandler - 

Request DefaultFullHttpRequest(decodeResult: success, version: HTTP/1.1, content: EmptyByteBufBE)
GET /session/948b4502670855ebe7fc09627ef5ca87/url HTTP/1.1
User-Agent: selenium/4.8.1 (java mac)
Cache-Control: no-cache
Content-Type: application/json; charset=utf-8
host: localhost:18317
accept: */*

Response DefaultHttpResponse(decodeResult: success, version: HTTP/1.1)
HTTP/1.1 200 OK
Content-Length: 38
Content-Type: application/json; charset=utf-8
cache-control: no-cache

22:22:41.991 [AsyncHttpClient-1-5] DEBUG org.asynchttpclient.netty.channel.ChannelManager - Adding key: http://localhost:18317 for channel [id: 0x48f535d0, L:/127.0.0.1:51168 - R:localhost/127.0.0.1:18317]
22:22:41.992 [Forwarding screenshot on session 948b4502670855ebe7fc09627ef5ca87 to remote] DEBUG org.asynchttpclient.netty.request.NettyRequestSender - Using pooled Channel '[id: 0x48f535d0, L:/127.0.0.1:51168 - R:localhost/127.0.0.1:18317]' for 'GET' to 'http://localhost:18317/session/948b4502670855ebe7fc09627ef5ca87/screenshot'
22:22:41.992 [Forwarding screenshot on session 948b4502670855ebe7fc09627ef5ca87 to remote] DEBUG org.asynchttpclient.netty.request.NettyRequestSender - Using open Channel [id: 0x48f535d0, L:/127.0.0.1:51168 - R:localhost/127.0.0.1:18317] for GET '/session/948b4502670855ebe7fc09627ef5ca87/screenshot'
22:22:42.083 [AsyncHttpClient-1-1] DEBUG org.asynchttpclient.netty.channel.DefaultChannelPool - Entry count for : http://localhost:51169 : 1
22:22:42.220 [AsyncHttpClient-1-5] DEBUG org.asynchttpclient.netty.handler.HttpHandler - 

Request DefaultFullHttpRequest(decodeResult: success, version: HTTP/1.1, content: EmptyByteBufBE)
GET /session/948b4502670855ebe7fc09627ef5ca87/screenshot HTTP/1.1
User-Agent: selenium/4.8.1 (java mac)
Cache-Control: no-cache
Content-Type: application/json; charset=utf-8
host: localhost:18317
accept: */*

Response DefaultHttpResponse(decodeResult: success, version: HTTP/1.1)
HTTP/1.1 200 OK
Content-Length: 124460
Content-Type: application/json; charset=utf-8
cache-control: no-cache

22:22:42.221 [AsyncHttpClient-1-5] DEBUG org.asynchttpclient.netty.channel.ChannelManager - Adding key: http://localhost:18317 for channel [id: 0x48f535d0, L:/127.0.0.1:51168 - R:localhost/127.0.0.1:18317]
22:22:42.225 [main] DEBUG net.serenitybdd.core.photography.Darkroom - Send negative for processing for target/site/serenity/1457af27b9dfb60d96f5db4e0bf5980efc3d598aeea306d6f70d0682ec0b9813.png
22:22:42.225 [Darkroom Processing Line] DEBUG net.serenitybdd.core.photography.DarkroomProcessingLine - Processing screenshot image in /var/screenshots/screenshot-10023161394137515062
22:22:42.225 [Darkroom Processing Line] DEBUG net.serenitybdd.core.photography.DarkroomProcessingLine - Saving screenshot to target/site/serenity/1457af27b9dfb60d96f5db4e0bf5980efc3d598aeea306d6f70d0682ec0b9813.png
22:22:42.225 [main] DEBUG net.thucydides.core.steps.StepInterceptor - STEP DONE: ClickLoginButton
  &amp#27;[32mAnd &amp#27;[0m&amp#27;[32mI click the login button&amp#27;[0m                        &amp#27;[90m# starter.stepdefinitions.LoginSteps.clickTheLoginButton()&amp#27;[0m
22:22:42.235 [Forwarding getPageSource on session 948b4502670855ebe7fc09627ef5ca87 to remote] DEBUG org.asynchttpclient.netty.request.NettyRequestSender - Using pooled Channel '[id: 0x48f535d0, L:/127.0.0.1:51168 - R:localhost/127.0.0.1:18317]' for 'POST' to 'http://localhost:18317/session/948b4502670855ebe7fc09627ef5ca87/execute/sync'
22:22:42.235 [Forwarding getPageSource on session 948b4502670855ebe7fc09627ef5ca87 to remote] DEBUG org.asynchttpclient.netty.request.NettyRequestSender - Using open Channel [id: 0x48f535d0, L:/127.0.0.1:51168 - R:localhost/127.0.0.1:18317] for POST '/session/948b4502670855ebe7fc09627ef5ca87/execute/sync'
22:22:42.240 [AsyncHttpClient-1-5] DEBUG org.asynchttpclient.netty.handler.HttpHandler - 

Request DefaultHttpRequest(decodeResult: success, version: HTTP/1.1)
POST /session/948b4502670855ebe7fc09627ef5ca87/execute/sync HTTP/1.1
User-Agent: selenium/4.8.1 (java mac)
Content-Length: 176
Content-Type: application/json; charset=utf-8
host: localhost:18317
accept: */*

Response DefaultHttpResponse(decodeResult: success, version: HTTP/1.1)
HTTP/1.1 200 OK
Content-Length: 14819
Content-Type: application/json; charset=utf-8
cache-control: no-cache

22:22:42.240 [AsyncHttpClient-1-5] DEBUG org.asynchttpclient.netty.channel.ChannelManager - Adding key: http://localhost:18317 for channel [id: 0x48f535d0, L:/127.0.0.1:51168 - R:localhost/127.0.0.1:18317]
22:22:42.243 [Forwarding getCurrentUrl on session 948b4502670855ebe7fc09627ef5ca87 to remote] DEBUG org.asynchttpclient.netty.request.NettyRequestSender - Using pooled Channel '[id: 0x48f535d0, L:/127.0.0.1:51168 - R:localhost/127.0.0.1:18317]' for 'GET' to 'http://localhost:18317/session/948b4502670855ebe7fc09627ef5ca87/url'
22:22:42.243 [Forwarding getCurrentUrl on session 948b4502670855ebe7fc09627ef5ca87 to remote] DEBUG org.asynchttpclient.netty.request.NettyRequestSender - Using open Channel [id: 0x48f535d0, L:/127.0.0.1:51168 - R:localhost/127.0.0.1:18317] for GET '/session/948b4502670855ebe7fc09627ef5ca87/url'
22:22:42.247 [AsyncHttpClient-1-5] DEBUG org.asynchttpclient.netty.handler.HttpHandler - 

Request DefaultFullHttpRequest(decodeResult: success, version: HTTP/1.1, content: EmptyByteBufBE)
GET /session/948b4502670855ebe7fc09627ef5ca87/url HTTP/1.1
User-Agent: selenium/4.8.1 (java mac)
Cache-Control: no-cache
Content-Type: application/json; charset=utf-8
host: localhost:18317
accept: */*

Response DefaultHttpResponse(decodeResult: success, version: HTTP/1.1)
HTTP/1.1 200 OK
Content-Length: 38
Content-Type: application/json; charset=utf-8
cache-control: no-cache

22:22:42.247 [AsyncHttpClient-1-5] DEBUG org.asynchttpclient.netty.channel.ChannelManager - Adding key: http://localhost:18317 for channel [id: 0x48f535d0, L:/127.0.0.1:51168 - R:localhost/127.0.0.1:18317]
22:22:42.278 [Forwarding getAlertText on session 948b4502670855ebe7fc09627ef5ca87 to remote] DEBUG org.asynchttpclient.netty.request.NettyRequestSender - Using pooled Channel '[id: 0x48f535d0, L:/127.0.0.1:51168 - R:localhost/127.0.0.1:18317]' for 'GET' to 'http://localhost:18317/session/948b4502670855ebe7fc09627ef5ca87/alert/text'
22:22:42.278 [Forwarding getAlertText on session 948b4502670855ebe7fc09627ef5ca87 to remote] DEBUG org.asynchttpclient.netty.request.NettyRequestSender - Using open Channel [id: 0x48f535d0, L:/127.0.0.1:51168 - R:localhost/127.0.0.1:18317] for GET '/session/948b4502670855ebe7fc09627ef5ca87/alert/text'
22:22:42.280 [AsyncHttpClient-1-5] DEBUG org.asynchttpclient.netty.handler.HttpHandler - 

Request DefaultFullHttpRequest(decodeResult: success, version: HTTP/1.1, content: EmptyByteBufBE)
GET /session/948b4502670855ebe7fc09627ef5ca87/alert/text HTTP/1.1
User-Agent: selenium/4.8.1 (java mac)
Cache-Control: no-cache
Content-Type: application/json; charset=utf-8
host: localhost:18317
accept: */*

Response DefaultHttpResponse(decodeResult: success, version: HTTP/1.1)
HTTP/1.1 404 Not Found
Content-Length: 1763
Content-Type: application/json; charset=utf-8
cache-control: no-cache

22:22:42.280 [AsyncHttpClient-1-5] DEBUG org.asynchttpclient.netty.channel.ChannelManager - Adding key: http://localhost:18317 for channel [id: 0x48f535d0, L:/127.0.0.1:51168 - R:localhost/127.0.0.1:18317]
22:22:42.283 [Forwarding getCurrentUrl on session 948b4502670855ebe7fc09627ef5ca87 to remote] DEBUG org.asynchttpclient.netty.request.NettyRequestSender - Using pooled Channel '[id: 0x48f535d0, L:/127.0.0.1:51168 - R:localhost/127.0.0.1:18317]' for 'GET' to 'http://localhost:18317/session/948b4502670855ebe7fc09627ef5ca87/url'
22:22:42.283 [Forwarding getCurrentUrl on session 948b4502670855ebe7fc09627ef5ca87 to remote] DEBUG org.asynchttpclient.netty.request.NettyRequestSender - Using open Channel [id: 0x48f535d0, L:/127.0.0.1:51168 - R:localhost/127.0.0.1:18317] for GET '/session/948b4502670855ebe7fc09627ef5ca87/url'
22:22:42.287 [AsyncHttpClient-1-5] DEBUG org.asynchttpclient.netty.handler.HttpHandler - 

Request DefaultFullHttpRequest(decodeResult: success, version: HTTP/1.1, content: EmptyByteBufBE)
GET /session/948b4502670855ebe7fc09627ef5ca87/url HTTP/1.1
User-Agent: selenium/4.8.1 (java mac)
Cache-Control: no-cache
Content-Type: application/json; charset=utf-8
host: localhost:18317
accept: */*

Response DefaultHttpResponse(decodeResult: success, version: HTTP/1.1)
HTTP/1.1 200 OK
Content-Length: 38
Content-Type: application/json; charset=utf-8
cache-control: no-cache

22:22:42.287 [AsyncHttpClient-1-5] DEBUG org.asynchttpclient.netty.channel.ChannelManager - Adding key: http://localhost:18317 for channel [id: 0x48f535d0, L:/127.0.0.1:51168 - R:localhost/127.0.0.1:18317]
22:22:42.288 [Forwarding screenshot on session 948b4502670855ebe7fc09627ef5ca87 to remote] DEBUG org.asynchttpclient.netty.request.NettyRequestSender - Using pooled Channel '[id: 0x48f535d0, L:/127.0.0.1:51168 - R:localhost/127.0.0.1:18317]' for 'GET' to 'http://localhost:18317/session/948b4502670855ebe7fc09627ef5ca87/screenshot'
22:22:42.288 [Forwarding screenshot on session 948b4502670855ebe7fc09627ef5ca87 to remote] DEBUG org.asynchttpclient.netty.request.NettyRequestSender - Using open Channel [id: 0x48f535d0, L:/127.0.0.1:51168 - R:localhost/127.0.0.1:18317] for GET '/session/948b4502670855ebe7fc09627ef5ca87/screenshot'
22:22:42.505 [AsyncHttpClient-1-5] DEBUG org.asynchttpclient.netty.handler.HttpHandler - 

Request DefaultFullHttpRequest(decodeResult: success, version: HTTP/1.1, content: EmptyByteBufBE)
GET /session/948b4502670855ebe7fc09627ef5ca87/screenshot HTTP/1.1
User-Agent: selenium/4.8.1 (java mac)
Cache-Control: no-cache
Content-Type: application/json; charset=utf-8
host: localhost:18317
accept: */*

Response DefaultHttpResponse(decodeResult: success, version: HTTP/1.1)
HTTP/1.1 200 OK
Content-Length: 124460
Content-Type: application/json; charset=utf-8
cache-control: no-cache

22:22:42.506 [AsyncHttpClient-1-5] DEBUG org.asynchttpclient.netty.channel.ChannelManager - Adding key: http://localhost:18317 for channel [id: 0x48f535d0, L:/127.0.0.1:51168 - R:localhost/127.0.0.1:18317]
22:22:42.510 [main] DEBUG net.serenitybdd.core.photography.Darkroom - Send negative for processing for target/site/serenity/1457af27b9dfb60d96f5db4e0bf5980efc3d598aeea306d6f70d0682ec0b9813.png
22:22:42.511 [Forwarding getPageSource on session 948b4502670855ebe7fc09627ef5ca87 to remote] DEBUG org.asynchttpclient.netty.request.NettyRequestSender - Using pooled Channel '[id: 0x48f535d0, L:/127.0.0.1:51168 - R:localhost/127.0.0.1:18317]' for 'POST' to 'http://localhost:18317/session/948b4502670855ebe7fc09627ef5ca87/execute/sync'
22:22:42.511 [Forwarding getPageSource on session 948b4502670855ebe7fc09627ef5ca87 to remote] DEBUG org.asynchttpclient.netty.request.NettyRequestSender - Using open Channel [id: 0x48f535d0, L:/127.0.0.1:51168 - R:localhost/127.0.0.1:18317] for POST '/session/948b4502670855ebe7fc09627ef5ca87/execute/sync'
22:22:42.515 [AsyncHttpClient-1-5] DEBUG org.asynchttpclient.netty.handler.HttpHandler - 

Request DefaultHttpRequest(decodeResult: success, version: HTTP/1.1)
POST /session/948b4502670855ebe7fc09627ef5ca87/execute/sync HTTP/1.1
User-Agent: selenium/4.8.1 (java mac)
Content-Length: 176
Content-Type: application/json; charset=utf-8
host: localhost:18317
accept: */*

Response DefaultHttpResponse(decodeResult: success, version: HTTP/1.1)
HTTP/1.1 200 OK
Content-Length: 14819
Content-Type: application/json; charset=utf-8
cache-control: no-cache

22:22:42.515 [AsyncHttpClient-1-5] DEBUG org.asynchttpclient.netty.channel.ChannelManager - Adding key: http://localhost:18317 for channel [id: 0x48f535d0, L:/127.0.0.1:51168 - R:localhost/127.0.0.1:18317]
22:22:42.521 [Forwarding getCurrentUrl on session 948b4502670855ebe7fc09627ef5ca87 to remote] DEBUG org.asynchttpclient.netty.request.NettyRequestSender - Using pooled Channel '[id: 0x48f535d0, L:/127.0.0.1:51168 - R:localhost/127.0.0.1:18317]' for 'GET' to 'http://localhost:18317/session/948b4502670855ebe7fc09627ef5ca87/url'
22:22:42.521 [Forwarding getCurrentUrl on session 948b4502670855ebe7fc09627ef5ca87 to remote] DEBUG org.asynchttpclient.netty.request.NettyRequestSender - Using open Channel [id: 0x48f535d0, L:/127.0.0.1:51168 - R:localhost/127.0.0.1:18317] for GET '/session/948b4502670855ebe7fc09627ef5ca87/url'
22:22:42.524 [AsyncHttpClient-1-5] DEBUG org.asynchttpclient.netty.handler.HttpHandler - 

Request DefaultFullHttpRequest(decodeResult: success, version: HTTP/1.1, content: EmptyByteBufBE)
GET /session/948b4502670855ebe7fc09627ef5ca87/url HTTP/1.1
User-Agent: selenium/4.8.1 (java mac)
Cache-Control: no-cache
Content-Type: application/json; charset=utf-8
host: localhost:18317
accept: */*

Response DefaultHttpResponse(decodeResult: success, version: HTTP/1.1)
HTTP/1.1 200 OK
Content-Length: 38
Content-Type: application/json; charset=utf-8
cache-control: no-cache

22:22:42.524 [AsyncHttpClient-1-5] DEBUG org.asynchttpclient.netty.channel.ChannelManager - Adding key: http://localhost:18317 for channel [id: 0x48f535d0, L:/127.0.0.1:51168 - R:localhost/127.0.0.1:18317]
22:22:42.560 [main] DEBUG net.thucydides.core.steps.StepInterceptor - STARTING STEP: LoginSteps.validateEpicSadfaceError - validateEpicSadfaceError
22:22:42.563 [Forwarding findElement on session 948b4502670855ebe7fc09627ef5ca87 to remote] DEBUG org.asynchttpclient.netty.request.NettyRequestSender - Using pooled Channel '[id: 0x48f535d0, L:/127.0.0.1:51168 - R:localhost/127.0.0.1:18317]' for 'POST' to 'http://localhost:18317/session/948b4502670855ebe7fc09627ef5ca87/element'
22:22:42.563 [Forwarding findElement on session 948b4502670855ebe7fc09627ef5ca87 to remote] DEBUG org.asynchttpclient.netty.request.NettyRequestSender - Using open Channel [id: 0x48f535d0, L:/127.0.0.1:51168 - R:localhost/127.0.0.1:18317] for POST '/session/948b4502670855ebe7fc09627ef5ca87/element'
22:22:42.571 [AsyncHttpClient-1-5] DEBUG org.asynchttpclient.netty.handler.HttpHandler - 

Request DefaultHttpRequest(decodeResult: success, version: HTTP/1.1)
POST /session/948b4502670855ebe7fc09627ef5ca87/element HTTP/1.1
User-Agent: selenium/4.8.1 (java mac)
Content-Length: 65
Content-Type: application/json; charset=utf-8
host: localhost:18317
accept: */*

Response DefaultHttpResponse(decodeResult: success, version: HTTP/1.1)
HTTP/1.1 200 OK
Content-Length: 88
Content-Type: application/json; charset=utf-8
cache-control: no-cache

22:22:42.571 [AsyncHttpClient-1-5] DEBUG org.asynchttpclient.netty.channel.ChannelManager - Adding key: http://localhost:18317 for channel [id: 0x48f535d0, L:/127.0.0.1:51168 - R:localhost/127.0.0.1:18317]
22:22:42.574 [Forwarding isElementDisplayed on session 948b4502670855ebe7fc09627ef5ca87 to remote] DEBUG org.asynchttpclient.netty.request.NettyRequestSender - Using pooled Channel '[id: 0x48f535d0, L:/127.0.0.1:51168 - R:localhost/127.0.0.1:18317]' for 'POST' to 'http://localhost:18317/session/948b4502670855ebe7fc09627ef5ca87/execute/sync'
22:22:42.574 [Forwarding isElementDisplayed on session 948b4502670855ebe7fc09627ef5ca87 to remote] DEBUG org.asynchttpclient.netty.request.NettyRequestSender - Using open Channel [id: 0x48f535d0, L:/127.0.0.1:51168 - R:localhost/127.0.0.1:18317] for POST '/session/948b4502670855ebe7fc09627ef5ca87/execute/sync'
22:22:42.584 [AsyncHttpClient-1-5] DEBUG org.asynchttpclient.netty.handler.HttpHandler - 

Request DefaultHttpRequest(decodeResult: success, version: HTTP/1.1)
POST /session/948b4502670855ebe7fc09627ef5ca87/execute/sync HTTP/1.1
User-Agent: selenium/4.8.1 (java mac)
Content-Length: 48807
Content-Type: application/json; charset=utf-8
host: localhost:18317
accept: */*

Response DefaultHttpResponse(decodeResult: success, version: HTTP/1.1)
HTTP/1.1 200 OK
Content-Length: 14
Content-Type: application/json; charset=utf-8
cache-control: no-cache

22:22:42.584 [AsyncHttpClient-1-5] DEBUG org.asynchttpclient.netty.channel.ChannelManager - Adding key: http://localhost:18317 for channel [id: 0x48f535d0, L:/127.0.0.1:51168 - R:localhost/127.0.0.1:18317]
22:22:42.589 [Forwarding getAlertText on session 948b4502670855ebe7fc09627ef5ca87 to remote] DEBUG org.asynchttpclient.netty.request.NettyRequestSender - Using pooled Channel '[id: 0x48f535d0, L:/127.0.0.1:51168 - R:localhost/127.0.0.1:18317]' for 'GET' to 'http://localhost:18317/session/948b4502670855ebe7fc09627ef5ca87/alert/text'
22:22:42.589 [Forwarding getAlertText on session 948b4502670855ebe7fc09627ef5ca87 to remote] DEBUG org.asynchttpclient.netty.request.NettyRequestSender - Using open Channel [id: 0x48f535d0, L:/127.0.0.1:51168 - R:localhost/127.0.0.1:18317] for GET '/session/948b4502670855ebe7fc09627ef5ca87/alert/text'
22:22:42.591 [AsyncHttpClient-1-5] DEBUG org.asynchttpclient.netty.handler.HttpHandler - 

Request DefaultFullHttpRequest(decodeResult: success, version: HTTP/1.1, content: EmptyByteBufBE)
GET /session/948b4502670855ebe7fc09627ef5ca87/alert/text HTTP/1.1
User-Agent: selenium/4.8.1 (java mac)
Cache-Control: no-cache
Content-Type: application/json; charset=utf-8
host: localhost:18317
accept: */*

Response DefaultHttpResponse(decodeResult: success, version: HTTP/1.1)
HTTP/1.1 404 Not Found
Content-Length: 1763
Content-Type: application/json; charset=utf-8
cache-control: no-cache

22:22:42.591 [AsyncHttpClient-1-5] DEBUG org.asynchttpclient.netty.channel.ChannelManager - Adding key: http://localhost:18317 for channel [id: 0x48f535d0, L:/127.0.0.1:51168 - R:localhost/127.0.0.1:18317]
22:22:42.592 [Forwarding getCurrentUrl on session 948b4502670855ebe7fc09627ef5ca87 to remote] DEBUG org.asynchttpclient.netty.request.NettyRequestSender - Using pooled Channel '[id: 0x48f535d0, L:/127.0.0.1:51168 - R:localhost/127.0.0.1:18317]' for 'GET' to 'http://localhost:18317/session/948b4502670855ebe7fc09627ef5ca87/url'
22:22:42.592 [Forwarding getCurrentUrl on session 948b4502670855ebe7fc09627ef5ca87 to remote] DEBUG org.asynchttpclient.netty.request.NettyRequestSender - Using open Channel [id: 0x48f535d0, L:/127.0.0.1:51168 - R:localhost/127.0.0.1:18317] for GET '/session/948b4502670855ebe7fc09627ef5ca87/url'
22:22:42.595 [AsyncHttpClient-1-5] DEBUG org.asynchttpclient.netty.handler.HttpHandler - 

Request DefaultFullHttpRequest(decodeResult: success, version: HTTP/1.1, content: EmptyByteBufBE)
GET /session/948b4502670855ebe7fc09627ef5ca87/url HTTP/1.1
User-Agent: selenium/4.8.1 (java mac)
Cache-Control: no-cache
Content-Type: application/json; charset=utf-8
host: localhost:18317
accept: */*

Response DefaultHttpResponse(decodeResult: success, version: HTTP/1.1)
HTTP/1.1 200 OK
Content-Length: 38
Content-Type: application/json; charset=utf-8
cache-control: no-cache

22:22:42.595 [AsyncHttpClient-1-5] DEBUG org.asynchttpclient.netty.channel.ChannelManager - Adding key: http://localhost:18317 for channel [id: 0x48f535d0, L:/127.0.0.1:51168 - R:localhost/127.0.0.1:18317]
22:22:42.597 [Forwarding screenshot on session 948b4502670855ebe7fc09627ef5ca87 to remote] DEBUG org.asynchttpclient.netty.request.NettyRequestSender - Using pooled Channel '[id: 0x48f535d0, L:/127.0.0.1:51168 - R:localhost/127.0.0.1:18317]' for 'GET' to 'http://localhost:18317/session/948b4502670855ebe7fc09627ef5ca87/screenshot'
22:22:42.597 [Forwarding screenshot on session 948b4502670855ebe7fc09627ef5ca87 to remote] DEBUG org.asynchttpclient.netty.request.NettyRequestSender - Using open Channel [id: 0x48f535d0, L:/127.0.0.1:51168 - R:localhost/127.0.0.1:18317] for GET '/session/948b4502670855ebe7fc09627ef5ca87/screenshot'
22:22:42.812 [AsyncHttpClient-1-5] DEBUG org.asynchttpclient.netty.handler.HttpHandler - 

Request DefaultFullHttpRequest(decodeResult: success, version: HTTP/1.1, content: EmptyByteBufBE)
GET /session/948b4502670855ebe7fc09627ef5ca87/screenshot HTTP/1.1
User-Agent: selenium/4.8.1 (java mac)
Cache-Control: no-cache
Content-Type: application/json; charset=utf-8
host: localhost:18317
accept: */*

Response DefaultHttpResponse(decodeResult: success, version: HTTP/1.1)
HTTP/1.1 200 OK
Content-Length: 124460
Content-Type: application/json; charset=utf-8
cache-control: no-cache

22:22:42.813 [AsyncHttpClient-1-5] DEBUG org.asynchttpclient.netty.channel.ChannelManager - Adding key: http://localhost:18317 for channel [id: 0x48f535d0, L:/127.0.0.1:51168 - R:localhost/127.0.0.1:18317]
22:22:42.816 [main] DEBUG net.serenitybdd.core.photography.Darkroom - Send negative for processing for target/site/serenity/1457af27b9dfb60d96f5db4e0bf5980efc3d598aeea306d6f70d0682ec0b9813.png
22:22:42.816 [main] DEBUG net.thucydides.core.steps.StepInterceptor - STEP DONE: validateEpicSadfaceError
  &amp#27;[32mThen &amp#27;[0m&amp#27;[32mI will get the Epic sadface error&amp#27;[0m              &amp#27;[90m# starter.stepdefinitions.LoginSteps.validateEpicSadfaceError()&amp#27;[0m
22:22:42.821 [main] INFO  - 
  _____   ___   ___   _____     ___     _     ___   ___   ___   ___  
 |_   _| | __| / __| |_   _|   | _ \   /_\   / __| / __| | __| |   \ 
   | |   | _|  \__ \   | |     |  _/  / _ \  \__ \ \__ \ | _|  | |) |
   |_|   |___| |___/   |_|     |_|   /_/ \_\ |___/ |___/ |___| |___/ 

Incorrect username when attempting to login
----------------------------------------------------------------------
22:22:42.823 [Driver Command Executor] DEBUG org.asynchttpclient.netty.request.NettyRequestSender - Using pooled Channel '[id: 0x48f535d0, L:/127.0.0.1:51168 - R:localhost/127.0.0.1:18317]' for 'DELETE' to 'http://localhost:18317/session/948b4502670855ebe7fc09627ef5ca87'
22:22:42.823 [AsyncHttpClient-1-7] DEBUG org.asynchttpclient.netty.handler.WebSocketHandler - Channel Closed: [id: 0xd1ecff1c, L:/127.0.0.1:51174 ! R:localhost/127.0.0.1:51169] with attribute NettyResponseFuture{currentRetry=0,
	isDone=1,
	isCancelled=0,
	asyncHandler=org.asynchttpclient.ws.WebSocketUpgradeHandler@2043cec6,
	nettyRequest=org.asynchttpclient.netty.request.NettyRequest@654154aa,
	future=java.util.concurrent.CompletableFuture@1220cba1[Completed normally],
	uri=ws://localhost:51169/devtools/browser/59dffb7d-b78f-4087-9119-f2fc28bb9a25,
	keepAlive=true,
	redirectCount=0,
	timeoutsHolder=null,
	inAuth=0,
	touch=1680621759399}
22:22:42.823 [Driver Command Executor] DEBUG org.asynchttpclient.netty.request.NettyRequestSender - Using open Channel [id: 0x48f535d0, L:/127.0.0.1:51168 - R:localhost/127.0.0.1:18317] for DELETE '/session/948b4502670855ebe7fc09627ef5ca87'
22:22:42.823 [AsyncHttpClient-1-7] DEBUG org.asynchttpclient.netty.channel.ChannelManager - Closing Channel [id: 0xd1ecff1c, L:/127.0.0.1:51174 ! R:localhost/127.0.0.1:51169] 
22:22:42.857 [AsyncHttpClient-1-6] DEBUG org.asynchttpclient.netty.handler.HttpHandler - Channel Closed: [id: 0x823dd081, L:/127.0.0.1:51173 ! R:localhost/127.0.0.1:51169] with attribute DISCARD
22:22:42.878 [AsyncHttpClient-1-5] DEBUG org.asynchttpclient.netty.handler.HttpHandler - 

Request DefaultFullHttpRequest(decodeResult: success, version: HTTP/1.1, content: EmptyByteBufBE)
DELETE /session/948b4502670855ebe7fc09627ef5ca87 HTTP/1.1
User-Agent: selenium/4.8.1 (java mac)
Content-Type: application/json; charset=utf-8
host: localhost:18317
accept: */*

Response DefaultHttpResponse(decodeResult: success, version: HTTP/1.1)
HTTP/1.1 200 OK
Content-Length: 14
Content-Type: application/json; charset=utf-8
cache-control: no-cache

22:22:42.878 [AsyncHttpClient-1-5] DEBUG org.asynchttpclient.netty.channel.ChannelManager - Adding key: http://localhost:18317 for channel [id: 0x48f535d0, L:/127.0.0.1:51168 - R:localhost/127.0.0.1:18317]
22:22:42.923 [AsyncHttpClient-1-5] DEBUG org.asynchttpclient.netty.handler.HttpHandler - Channel Closed: [id: 0x48f535d0, L:/127.0.0.1:51168 ! R:localhost/127.0.0.1:18317] with attribute DISCARD
]]></system-out>
    <system-err><![CDATA[Starting ChromeDriver 111.0.5563.64 (c710e93d5b63b7095afe8c2c17df34408078439d-refs/branch-heads/5563@{#995}) on port 18317
Only local connections are allowed.
Please see https://chromedriver.chromium.org/security-considerations for suggestions on keeping ChromeDriver safe.
ChromeDriver was started successfully.
Apr 04, 2023 10:22:39 PM org.openqa.selenium.devtools.CdpVersionFinder findNearestMatch
WARNING: Unable to find an exact match for CDP version 111, so returning the closest version found: 110
]]></system-err>
  </testcase>
  <testcase name="Begin checkout process" classname="login" time="0.086">
    <system-out><![CDATA[
@login
Scenario: Begin checkout process                                           &amp#27;[90m# src/test/resources/features/Login.feature:22&amp#27;[0m
22:22:42.977 [main] DEBUG io.cucumber.core.plugin.SerenityReporter - Running feature from file:///Users/wiyanherraherviana/TaskWebTesting/src/test/resources/features/Login.feature
22:22:42.980 [main] INFO  - 
  _____   ___   ___   _____     ___   _____     _     ___   _____   ___   ___  
 |_   _| | __| / __| |_   _|   / __| |_   _|   /_\   | _ \ |_   _| | __| |   \ 
   | |   | _|  \__ \   | |     \__ \   | |    / _ \  |   /   | |   | _|  | |) |
   |_|   |___| |___/   |_|     |___/   |_|   /_/ \_\ |_|_\   |_|   |___| |___/ 

Begin checkout process(login;begin-checkout-process)
--------------------------------------------------------------------------------
  &amp#27;[32mGiven &amp#27;[0m&amp#27;[32mI am an the home page&amp#27;[0m                                              &amp#27;[90m# starter.stepdefinitions.LoginSteps.anTheHomePage()&amp#27;[0m
  &amp#27;[32mWhen &amp#27;[0m&amp#27;[32mI add items to cart&amp#27;[0m                                                 &amp#27;[90m# starter.stepdefinitions.LoginSteps.addItemsToCart()&amp#27;[0m
22:22:43.033 [main] DEBUG net.thucydides.core.steps.StepInterceptor - STARTING STEP: LoginSteps.clickCartButton - clickCartButton
22:22:43.038 [main] DEBUG net.thucydides.core.steps.StepInterceptor - STEP DONE: clickCartButton
  &amp#27;[32mAnd &amp#27;[0m&amp#27;[32mI click the cart button&amp#27;[0m                                              &amp#27;[90m# starter.stepdefinitions.LoginSteps.clickCartButton()&amp#27;[0m
22:22:43.044 [main] DEBUG net.thucydides.core.steps.StepInterceptor - STARTING STEP: LoginSteps.clickCheckoutButton - clickCheckoutButton
22:22:43.049 [main] DEBUG net.thucydides.core.steps.StepInterceptor - STEP DONE: clickCheckoutButton
  &amp#27;[32mAnd &amp#27;[0m&amp#27;[32mI click the checkout button&amp#27;[0m                                          &amp#27;[90m# starter.stepdefinitions.LoginSteps.clickCheckoutButton()&amp#27;[0m
  &amp#27;[32mThen &amp#27;[0m&amp#27;[32mI should be directed to the checkout-complete page for confirmation&amp#27;[0m &amp#27;[90m# starter.stepdefinitions.LoginSteps.validateCheckoutCompletePage()&amp#27;[0m
22:22:43.058 [main] INFO  - 
  _____   ___   ___   _____     ___     _     ___   ___   ___   ___  
 |_   _| | __| / __| |_   _|   | _ \   /_\   / __| / __| | __| |   \ 
   | |   | _|  \__ \   | |     |  _/  / _ \  \__ \ \__ \ | _|  | |) |
   |_|   |___| |___/   |_|     |_|   /_/ \_\ |___/ |___/ |___| |___/ 

Begin checkout process
----------------------------------------------------------------------
]]></system-out>
  </testcase>
</testsuite>